

<!DOCTYPE html>
<html>
<head>
<meta charset="UTF-8">
<meta name="viewport" content="width=device-width, initial-scale=1, shrink-to-fit=no">
<title></title>
<link rel="apple-touch-icon" href="https://cdn.jsdelivr.net/gh/extent-framework/extent-github-cdn@b00a2d0486596e73dd7326beacf352c639623a0e/commons/img/logo.png">
<link rel="shortcut icon" href="https://cdn.jsdelivr.net/gh/extent-framework/extent-github-cdn@b00a2d0486596e73dd7326beacf352c639623a0e/commons/img/logo.png">
<link href="https://cdn.jsdelivr.net/gh/extent-framework/extent-github-cdn@d6562a79075e061305ccfdb82f01e5e195e2d307/spark/css/spark-style.css" rel="stylesheet" />
<link href="https://stackpath.bootstrapcdn.com/font-awesome/4.7.0/css/font-awesome.min.css" rel="stylesheet">
<script src="https://cdn.jsdelivr.net/gh/extent-framework/extent-github-cdn@7cc78ce/spark/js/jsontree.js"></script>
<style type="text/css"></style></head><body class="spa -report standard">
  <div class="app">
    <div class="layout">
<div class="header navbar">
<div class="vheader">
<div class="nav-logo">
<a href="#">
<div class="logo" style="background-image: url('https://cdn.jsdelivr.net/gh/extent-framework/extent-github-cdn@b00a2d0486596e73dd7326beacf352c639623a0e/commons/img/logo.png')"></div>
</a>
</div>
<ul class="nav-left">
<li class="search-box">
<a class="search-toggle" href="#">
<i class="search-icon fa fa-search"></i>
<i class="search-icon-close fa fa-close"></i>
</a>
</li>
<li class="search-input"><input id="search-tests" class="form-control" type="text" placeholder="Search..."></li>
</ul>
<ul class="nav-right">
<li class="m-r-10">
<a href="#"><span class="badge badge-primary">Sample Extent Report</span></a>
</li>
<li class="m-r-10">
<a href="#"><span class="badge badge-primary">Feb. 3, 2024 06:45:28 p.m.</span></a>
</li>
</ul>
</div>
</div><div class="side-nav">
<div class="side-nav-inner">
<ul class="side-nav-menu">
<li class="nav-item dropdown" onclick="toggleView('test-view')">
<a id="nav-test" class="dropdown-toggle" href="#">
<span class="ico"><i class="fa fa-list"></i></span>
</a>
</li>
<li class="nav-item dropdown" onclick="toggleView('exception-view')">
<a id="nav-exception" class="dropdown-toggle" href="#">
<span class="ico"><i class="fa fa-bug"></i></span>
</a>
</li>
<li class="nav-item dropdown" onclick="toggleView('device-view')">
<a id="nav-device" class="dropdown-toggle" href="#">
<span class="ico"><i class="fa fa-tablet"></i></span>
</a>
</li>
<li class="nav-item dropdown" onclick="toggleView('author-view')">
<a id="nav-author" class="dropdown-toggle" href="#">
<span class="ico"><i class="fa fa-user"></i></span>
</a>
</li>
<li class="nav-item dropdown" onclick="toggleView('dashboard-view')">
<a id="nav-dashboard" class="dropdown-toggle" href="#">
<span class="ico"><i class="fa fa-bar-chart"></i></span>
</a>
</li>
</ul>
</div>
</div>      <div class="vcontainer">
        <div class="main-content">
<div class="test-wrapper row view test-view">
  <div class="test-list">
    <div class="test-list-tools">
<ul class="tools pull-left">
<li><a href="#"><span class="font-size-14">Tests</span></a></li>
</ul>
<ul class="tools text-right">
<li class="dropdown">
<a href="#" class="dropdown-toggle" data-toggle="dropdown"><i class="fa fa-exclamation-circle"></i></a>
<ul id="status-toggle" class="dropdown-menu dropdown-md p-v-0">
<a class="dropdown-item" status="fail" href="#"><span>Fail</span><span class="status danger"></span></a>
<div class="dropdown-divider"></div>
<a status="clear" class="dropdown-item" href="#"><span>Clear</span><span class="pull-right"><i class="fa fa-close"></i></span></a>
</ul>
</li>
<li class="dropdown">
<a href="#" class="dropdown-toggle" data-toggle="dropdown"><i class="fa fa-user"></i></a>
<ul id="author-toggle" class="dropdown-menu dropdown-md p-v-0">
<a class="dropdown-item" href="#">QATEAM</a>
</ul>
</li>
<li class="dropdown">
<a href="#" class="dropdown-toggle" data-toggle="dropdown"><i class="fa fa-tablet"></i></a>
<ul id="device-toggle" class="dropdown-menu dropdown-md p-v-0">
<a class="dropdown-item" href="#">Windows</a>
</ul>
</li>
</ul>
</div>    <div class="test-list-wrapper scrollable">
      <ul class="test-list-item">
        <li class="test-item"  status="fail" test-id="1"
          author="QATEAM"
          tag=""
          device="Windows">
          <div class="test-detail">
            <p class="name"><p style="color:DarkBlue; font-size:20px"><b>Create An Account</b></p></p>
            <p class="text-sm">
              <span>6:45:28 p.m.</span> / <span>00:00:09:629</span>
              <span class="badge fail-bg log float-right">Fail</span>
            </p>
          </div>
          <div class="test-contents d-none">
<div class="detail-head">
<div class="p-v-10">
<div class="info">
<h5 class="test-status text-fail"><p style="color:DarkBlue; font-size:20px"><b>Create An Account</b></p></h5>
<span class='badge badge-success'>02.03.2024 6:45:28 p.m.</span>
<span class='badge badge-danger'>02.03.2024 6:45:38 p.m.</span>
<span class='badge badge-default'>00:00:09:629</span>
&middot; <span class='uri-anchor badge badge-default'>#test-id=1</span>
<span class='badge badge-default pointer float-right ml-1 et'><i class="fa fa-chevron-down"></i></span>
<span class='badge badge-default pointer float-right ct'><i class="fa fa-chevron-up"></i></span>
</div>
<div class="m-t-15"><span class="badge badge-pill badge-default">QATEAM</span>
<span class="badge badge-pill badge-default">Windows</span></div>
</div>
</div>  <div class="mt-4">  <div class="accordion" role="tablist">
      <div class="card">
        <div class="card-header">
          <div class="card-toolbar node-info">
            <ul class="list-inline d-none d-sm-block">
              <li><span class="badge pass-bg log ">Pass</span></li>
              <li><span class='badge badge-default'>00:02:196</span></li>
              <li><span><i class="fa fa-paperclip"></i></span></li>
            </ul>
          </div>
          <div class="card-title">
            <a class="node " id="2"><span><p style="color:DarkBlue; font-size:20px"><b>Click On SignIn Button</b></p></span></a>
            <div class="node-attr">
<span class="badge badge-pill badge-default">QATEAM</span>
<span class="badge badge-pill badge-default">Windows</span>            </div>
          </div>
        </div>
        <div class="collapse">
          <div class="card-body">
<table class="table table-sm">
  <thead><tr><th class="status-col">Status</th><th class="timestamp-col">Timestamp</th><th class="details-col">Details</th></tr></thead>
  <tbody>
      <tr class="event-row">
        <td><span class="badge log info-bg">Info</span></td>
        <td>6:45:35 p.m.</td>
        <td>
          Click on sign-in Button
        </td>
      </tr>
      <tr class="event-row">
        <td><span class="badge log pass-bg">Pass</span></td>
        <td>6:45:37 p.m.</td>
        <td>
          <p style="color:green; font-size:13px"><b>Sign-in Button Clicked.</b></p>
        </td>
      </tr>
      <tr class="event-row">
        <td><span class="badge log pass-bg">Pass</span></td>
        <td>6:45:38 p.m.</td>
        <td>
          
    <div class="row mb-3"><div class="col-md-3">
<img data-featherlight='C:\Users\mdeho\Documents\workspace-spring-tool-suite-4-4.20.0.RELEASE\RokomariWebAutomateWithSelenium-main\RokomariWebAutomateWithSelenium-main\screenshots\ClickOnSignInPass.png' src="C:\Users\mdeho\Documents\workspace-spring-tool-suite-4-4.20.0.RELEASE\RokomariWebAutomateWithSelenium-main\RokomariWebAutomateWithSelenium-main\screenshots\ClickOnSignInPass.png">
    
    </div></div>
        </td>
      </tr>
  </tbody>
</table>
          </div>
        </div>
      </div>
      <div class="card">
        <div class="card-header">
          <div class="card-toolbar node-info">
            <ul class="list-inline d-none d-sm-block">
              <li><span class="badge fail-bg log ">Fail</span></li>
              <li><span class='badge badge-default'>00:00:288</span></li>
              <li><span><i class="fa fa-paperclip"></i></span></li>
            </ul>
          </div>
          <div class="card-title">
            <a class="node " id="3"><span><p style="color:DarkBlue; font-size:20px"><b>Click On Google Button</b></p></span></a>
            <div class="node-attr">
<span class="badge badge-pill badge-default">QATEAM</span>
<span class="badge badge-pill badge-default">Windows</span>            </div>
          </div>
        </div>
        <div class="">
          <div class="card-body">
<table class="table table-sm">
  <thead><tr><th class="status-col">Status</th><th class="timestamp-col">Timestamp</th><th class="details-col">Details</th></tr></thead>
  <tbody>
      <tr class="event-row">
        <td><span class="badge log info-bg">Info</span></td>
        <td>6:45:38 p.m.</td>
        <td>
          Gmail Button Click
        </td>
      </tr>
      <tr class="event-row">
        <td><span class="badge log fail-bg">Fail</span></td>
        <td>6:45:38 p.m.</td>
        <td>
          <p style="color:red; font-size:13px"><b>Gmail not locateable.</b></p>
        </td>
      </tr>
      <tr class="event-row">
        <td><span class="badge log fail-bg">Fail</span></td>
        <td>6:45:38 p.m.</td>
        <td>
          <textarea readonly class="code-block">java.lang.InterruptedException: Exception
	at pages.HomePage.ClickOnGmailButton(HomePage.java:71)
	at tests.HomePageTest.GmailClick(HomePageTest.java:42)
	at java.base/jdk.internal.reflect.NativeMethodAccessorImpl.invoke0(Native Method)
	at java.base/jdk.internal.reflect.NativeMethodAccessorImpl.invoke(NativeMethodAccessorImpl.java:62)
	at java.base/jdk.internal.reflect.DelegatingMethodAccessorImpl.invoke(DelegatingMethodAccessorImpl.java:43)
	at java.base/java.lang.reflect.Method.invoke(Method.java:566)
	at org.testng.internal.invokers.MethodInvocationHelper.invokeMethod(MethodInvocationHelper.java:139)
	at org.testng.internal.invokers.TestInvoker.invokeMethod(TestInvoker.java:664)
	at org.testng.internal.invokers.TestInvoker.invokeTestMethod(TestInvoker.java:228)
	at org.testng.internal.invokers.MethodRunner.runInSequence(MethodRunner.java:63)
	at org.testng.internal.invokers.TestInvoker$MethodInvocationAgent.invoke(TestInvoker.java:961)
	at org.testng.internal.invokers.TestInvoker.invokeTestMethods(TestInvoker.java:201)
	at org.testng.internal.invokers.TestMethodWorker.invokeTestMethods(TestMethodWorker.java:148)
	at org.testng.internal.invokers.TestMethodWorker.run(TestMethodWorker.java:128)
	at java.base/java.util.ArrayList.forEach(ArrayList.java:1541)
	at org.testng.TestRunner.privateRun(TestRunner.java:819)
	at org.testng.TestRunner.run(TestRunner.java:619)
	at org.testng.SuiteRunner.runTest(SuiteRunner.java:443)
	at org.testng.SuiteRunner.runSequentially(SuiteRunner.java:437)
	at org.testng.SuiteRunner.privateRun(SuiteRunner.java:397)
	at org.testng.SuiteRunner.run(SuiteRunner.java:336)
	at org.testng.SuiteRunnerWorker.runSuite(SuiteRunnerWorker.java:52)
	at org.testng.SuiteRunnerWorker.run(SuiteRunnerWorker.java:95)
	at org.testng.TestNG.runSuitesSequentially(TestNG.java:1301)
	at org.testng.TestNG.runSuitesLocally(TestNG.java:1228)
	at org.testng.TestNG.runSuites(TestNG.java:1134)
	at org.testng.TestNG.run(TestNG.java:1101)
	at org.testng.remote.AbstractRemoteTestNG.run(AbstractRemoteTestNG.java:115)
	at org.testng.remote.RemoteTestNG.initAndRun(RemoteTestNG.java:251)
	at org.testng.remote.RemoteTestNG.main(RemoteTestNG.java:77)
</textarea>
          
        </td>
      </tr>
      <tr class="event-row">
        <td><span class="badge log fail-bg">Fail</span></td>
        <td>6:45:38 p.m.</td>
        <td>
          
    <div class="row mb-3"><div class="col-md-3">
<img data-featherlight='C:\Users\mdeho\Documents\workspace-spring-tool-suite-4-4.20.0.RELEASE\RokomariWebAutomateWithSelenium-main\RokomariWebAutomateWithSelenium-main\screenshots\ClickOnGmailFail.png' src="C:\Users\mdeho\Documents\workspace-spring-tool-suite-4-4.20.0.RELEASE\RokomariWebAutomateWithSelenium-main\RokomariWebAutomateWithSelenium-main\screenshots\ClickOnGmailFail.png">
    
    </div></div>
        </td>
      </tr>
  </tbody>
</table>
          </div>
        </div>
      </div>
  </div>
</div>
          </div>
        </li>
        <li class="test-item"  status="fail" test-id="4"
          author="QATEAM"
          tag=""
          device="Windows">
          <div class="test-detail">
            <p class="name"><p style="color:DarkBlue; font-size:20px"><b>Add To Cart</b></p></p>
            <p class="text-sm">
              <span>6:45:39 p.m.</span> / <span>00:00:06:677</span>
              <span class="badge fail-bg log float-right">Fail</span>
            </p>
          </div>
          <div class="test-contents d-none">
<div class="detail-head">
<div class="p-v-10">
<div class="info">
<h5 class="test-status text-fail"><p style="color:DarkBlue; font-size:20px"><b>Add To Cart</b></p></h5>
<span class='badge badge-success'>02.03.2024 6:45:39 p.m.</span>
<span class='badge badge-danger'>02.03.2024 6:45:45 p.m.</span>
<span class='badge badge-default'>00:00:06:677</span>
&middot; <span class='uri-anchor badge badge-default'>#test-id=4</span>
<span class='badge badge-default pointer float-right ml-1 et'><i class="fa fa-chevron-down"></i></span>
<span class='badge badge-default pointer float-right ct'><i class="fa fa-chevron-up"></i></span>
</div>
<div class="m-t-15"><span class="badge badge-pill badge-default">QATEAM</span>
<span class="badge badge-pill badge-default">Windows</span></div>
</div>
</div>  <div class="mt-4">  <div class="accordion" role="tablist">
      <div class="card">
        <div class="card-header">
          <div class="card-toolbar node-info">
            <ul class="list-inline d-none d-sm-block">
              <li><span class="badge fail-bg log ">Fail</span></li>
              <li><span class='badge badge-default'>00:00:239</span></li>
              <li><span><i class="fa fa-paperclip"></i></span></li>
            </ul>
          </div>
          <div class="card-title">
            <a class="node " id="5"><span><p style="color:DarkBlue; font-size:20px"><b>Hover On First Book</b></p></span></a>
            <div class="node-attr">
<span class="badge badge-pill badge-default">QATEAM</span>
<span class="badge badge-pill badge-default">Windows</span>            </div>
          </div>
        </div>
        <div class="">
          <div class="card-body">
<table class="table table-sm">
  <thead><tr><th class="status-col">Status</th><th class="timestamp-col">Timestamp</th><th class="details-col">Details</th></tr></thead>
  <tbody>
      <tr class="event-row">
        <td><span class="badge log info-bg">Info</span></td>
        <td>6:45:39 p.m.</td>
        <td>
          First Book Hover
        </td>
      </tr>
      <tr class="event-row">
        <td><span class="badge log fail-bg">Fail</span></td>
        <td>6:45:39 p.m.</td>
        <td>
          <p style="color:red; font-size:13px"><b>First Book Hovering not locateable.</b></p>
        </td>
      </tr>
      <tr class="event-row">
        <td><span class="badge log fail-bg">Fail</span></td>
        <td>6:45:39 p.m.</td>
        <td>
          <textarea readonly class="code-block">java.lang.InterruptedException: Exception
	at pages.AddToCartPage.FirstBookHover(AddToCartPage.java:79)
	at tests.AddToCartTest.FirstBookHover(AddToCartTest.java:34)
	at java.base/jdk.internal.reflect.NativeMethodAccessorImpl.invoke0(Native Method)
	at java.base/jdk.internal.reflect.NativeMethodAccessorImpl.invoke(NativeMethodAccessorImpl.java:62)
	at java.base/jdk.internal.reflect.DelegatingMethodAccessorImpl.invoke(DelegatingMethodAccessorImpl.java:43)
	at java.base/java.lang.reflect.Method.invoke(Method.java:566)
	at org.testng.internal.invokers.MethodInvocationHelper.invokeMethod(MethodInvocationHelper.java:139)
	at org.testng.internal.invokers.TestInvoker.invokeMethod(TestInvoker.java:664)
	at org.testng.internal.invokers.TestInvoker.invokeTestMethod(TestInvoker.java:228)
	at org.testng.internal.invokers.MethodRunner.runInSequence(MethodRunner.java:63)
	at org.testng.internal.invokers.TestInvoker$MethodInvocationAgent.invoke(TestInvoker.java:961)
	at org.testng.internal.invokers.TestInvoker.invokeTestMethods(TestInvoker.java:201)
	at org.testng.internal.invokers.TestMethodWorker.invokeTestMethods(TestMethodWorker.java:148)
	at org.testng.internal.invokers.TestMethodWorker.run(TestMethodWorker.java:128)
	at java.base/java.util.ArrayList.forEach(ArrayList.java:1541)
	at org.testng.TestRunner.privateRun(TestRunner.java:819)
	at org.testng.TestRunner.run(TestRunner.java:619)
	at org.testng.SuiteRunner.runTest(SuiteRunner.java:443)
	at org.testng.SuiteRunner.runSequentially(SuiteRunner.java:437)
	at org.testng.SuiteRunner.privateRun(SuiteRunner.java:397)
	at org.testng.SuiteRunner.run(SuiteRunner.java:336)
	at org.testng.SuiteRunnerWorker.runSuite(SuiteRunnerWorker.java:52)
	at org.testng.SuiteRunnerWorker.run(SuiteRunnerWorker.java:95)
	at org.testng.TestNG.runSuitesSequentially(TestNG.java:1301)
	at org.testng.TestNG.runSuitesLocally(TestNG.java:1228)
	at org.testng.TestNG.runSuites(TestNG.java:1134)
	at org.testng.TestNG.run(TestNG.java:1101)
	at org.testng.remote.AbstractRemoteTestNG.run(AbstractRemoteTestNG.java:115)
	at org.testng.remote.RemoteTestNG.initAndRun(RemoteTestNG.java:251)
	at org.testng.remote.RemoteTestNG.main(RemoteTestNG.java:77)
</textarea>
          
        </td>
      </tr>
      <tr class="event-row">
        <td><span class="badge log fail-bg">Fail</span></td>
        <td>6:45:39 p.m.</td>
        <td>
          
    <div class="row mb-3"><div class="col-md-3">
<img data-featherlight='C:\Users\mdeho\Documents\workspace-spring-tool-suite-4-4.20.0.RELEASE\RokomariWebAutomateWithSelenium-main\RokomariWebAutomateWithSelenium-main\screenshots\FirstBookHoverFail.png' src="C:\Users\mdeho\Documents\workspace-spring-tool-suite-4-4.20.0.RELEASE\RokomariWebAutomateWithSelenium-main\RokomariWebAutomateWithSelenium-main\screenshots\FirstBookHoverFail.png">
    
    </div></div>
        </td>
      </tr>
  </tbody>
</table>
          </div>
        </div>
      </div>
      <div class="card">
        <div class="card-header">
          <div class="card-toolbar node-info">
            <ul class="list-inline d-none d-sm-block">
              <li><span class="badge fail-bg log ">Fail</span></li>
              <li><span class='badge badge-default'>00:00:439</span></li>
              <li><span><i class="fa fa-paperclip"></i></span></li>
            </ul>
          </div>
          <div class="card-title">
            <a class="node " id="6"><span><p style="color:DarkBlue; font-size:20px"><b>First Book To Cart</b></p></span></a>
            <div class="node-attr">
<span class="badge badge-pill badge-default">QATEAM</span>
<span class="badge badge-pill badge-default">Windows</span>            </div>
          </div>
        </div>
        <div class="">
          <div class="card-body">
<table class="table table-sm">
  <thead><tr><th class="status-col">Status</th><th class="timestamp-col">Timestamp</th><th class="details-col">Details</th></tr></thead>
  <tbody>
      <tr class="event-row">
        <td><span class="badge log info-bg">Info</span></td>
        <td>6:45:39 p.m.</td>
        <td>
          Ordering First Book
        </td>
      </tr>
      <tr class="event-row">
        <td><span class="badge log fail-bg">Fail</span></td>
        <td>6:45:39 p.m.</td>
        <td>
          <p style="color:red; font-size:13px"><b>First Book not locateable.</b></p>
        </td>
      </tr>
      <tr class="event-row">
        <td><span class="badge log fail-bg">Fail</span></td>
        <td>6:45:39 p.m.</td>
        <td>
          <textarea readonly class="code-block">java.lang.InterruptedException: Exception
	at pages.AddToCartPage.FirstBookInAddToCart(AddToCartPage.java:105)
	at tests.AddToCartTest.FirstBookInAddToCart(AddToCartTest.java:41)
	at java.base/jdk.internal.reflect.NativeMethodAccessorImpl.invoke0(Native Method)
	at java.base/jdk.internal.reflect.NativeMethodAccessorImpl.invoke(NativeMethodAccessorImpl.java:62)
	at java.base/jdk.internal.reflect.DelegatingMethodAccessorImpl.invoke(DelegatingMethodAccessorImpl.java:43)
	at java.base/java.lang.reflect.Method.invoke(Method.java:566)
	at org.testng.internal.invokers.MethodInvocationHelper.invokeMethod(MethodInvocationHelper.java:139)
	at org.testng.internal.invokers.TestInvoker.invokeMethod(TestInvoker.java:664)
	at org.testng.internal.invokers.TestInvoker.invokeTestMethod(TestInvoker.java:228)
	at org.testng.internal.invokers.MethodRunner.runInSequence(MethodRunner.java:63)
	at org.testng.internal.invokers.TestInvoker$MethodInvocationAgent.invoke(TestInvoker.java:961)
	at org.testng.internal.invokers.TestInvoker.invokeTestMethods(TestInvoker.java:201)
	at org.testng.internal.invokers.TestMethodWorker.invokeTestMethods(TestMethodWorker.java:148)
	at org.testng.internal.invokers.TestMethodWorker.run(TestMethodWorker.java:128)
	at java.base/java.util.ArrayList.forEach(ArrayList.java:1541)
	at org.testng.TestRunner.privateRun(TestRunner.java:819)
	at org.testng.TestRunner.run(TestRunner.java:619)
	at org.testng.SuiteRunner.runTest(SuiteRunner.java:443)
	at org.testng.SuiteRunner.runSequentially(SuiteRunner.java:437)
	at org.testng.SuiteRunner.privateRun(SuiteRunner.java:397)
	at org.testng.SuiteRunner.run(SuiteRunner.java:336)
	at org.testng.SuiteRunnerWorker.runSuite(SuiteRunnerWorker.java:52)
	at org.testng.SuiteRunnerWorker.run(SuiteRunnerWorker.java:95)
	at org.testng.TestNG.runSuitesSequentially(TestNG.java:1301)
	at org.testng.TestNG.runSuitesLocally(TestNG.java:1228)
	at org.testng.TestNG.runSuites(TestNG.java:1134)
	at org.testng.TestNG.run(TestNG.java:1101)
	at org.testng.remote.AbstractRemoteTestNG.run(AbstractRemoteTestNG.java:115)
	at org.testng.remote.RemoteTestNG.initAndRun(RemoteTestNG.java:251)
	at org.testng.remote.RemoteTestNG.main(RemoteTestNG.java:77)
</textarea>
          
        </td>
      </tr>
      <tr class="event-row">
        <td><span class="badge log fail-bg">Fail</span></td>
        <td>6:45:39 p.m.</td>
        <td>
          
    <div class="row mb-3"><div class="col-md-3">
<img data-featherlight='C:\Users\mdeho\Documents\workspace-spring-tool-suite-4-4.20.0.RELEASE\RokomariWebAutomateWithSelenium-main\RokomariWebAutomateWithSelenium-main\screenshots\FirstBookOrderFail.png' src="C:\Users\mdeho\Documents\workspace-spring-tool-suite-4-4.20.0.RELEASE\RokomariWebAutomateWithSelenium-main\RokomariWebAutomateWithSelenium-main\screenshots\FirstBookOrderFail.png">
    
    </div></div>
        </td>
      </tr>
  </tbody>
</table>
          </div>
        </div>
      </div>
      <div class="card">
        <div class="card-header">
          <div class="card-toolbar node-info">
            <ul class="list-inline d-none d-sm-block">
              <li><span class="badge fail-bg log ">Fail</span></li>
              <li><span class='badge badge-default'>00:00:445</span></li>
              <li><span><i class="fa fa-paperclip"></i></span></li>
            </ul>
          </div>
          <div class="card-title">
            <a class="node " id="7"><span><p style="color:DarkBlue; font-size:20px"><b>Hover On Second Book </b></p></span></a>
            <div class="node-attr">
<span class="badge badge-pill badge-default">QATEAM</span>
<span class="badge badge-pill badge-default">Windows</span>            </div>
          </div>
        </div>
        <div class="">
          <div class="card-body">
<table class="table table-sm">
  <thead><tr><th class="status-col">Status</th><th class="timestamp-col">Timestamp</th><th class="details-col">Details</th></tr></thead>
  <tbody>
      <tr class="event-row">
        <td><span class="badge log info-bg">Info</span></td>
        <td>6:45:40 p.m.</td>
        <td>
          Second Book Hover
        </td>
      </tr>
      <tr class="event-row">
        <td><span class="badge log fail-bg">Fail</span></td>
        <td>6:45:40 p.m.</td>
        <td>
          <p style="color:red; font-size:13px"><b>Second Book Hovering not locateable.</b></p>
        </td>
      </tr>
      <tr class="event-row">
        <td><span class="badge log fail-bg">Fail</span></td>
        <td>6:45:40 p.m.</td>
        <td>
          <textarea readonly class="code-block">java.lang.InterruptedException: Exception
	at pages.AddToCartPage.SecondBookHover(AddToCartPage.java:131)
	at tests.AddToCartTest.SecondBookHover(AddToCartTest.java:49)
	at java.base/jdk.internal.reflect.NativeMethodAccessorImpl.invoke0(Native Method)
	at java.base/jdk.internal.reflect.NativeMethodAccessorImpl.invoke(NativeMethodAccessorImpl.java:62)
	at java.base/jdk.internal.reflect.DelegatingMethodAccessorImpl.invoke(DelegatingMethodAccessorImpl.java:43)
	at java.base/java.lang.reflect.Method.invoke(Method.java:566)
	at org.testng.internal.invokers.MethodInvocationHelper.invokeMethod(MethodInvocationHelper.java:139)
	at org.testng.internal.invokers.TestInvoker.invokeMethod(TestInvoker.java:664)
	at org.testng.internal.invokers.TestInvoker.invokeTestMethod(TestInvoker.java:228)
	at org.testng.internal.invokers.MethodRunner.runInSequence(MethodRunner.java:63)
	at org.testng.internal.invokers.TestInvoker$MethodInvocationAgent.invoke(TestInvoker.java:961)
	at org.testng.internal.invokers.TestInvoker.invokeTestMethods(TestInvoker.java:201)
	at org.testng.internal.invokers.TestMethodWorker.invokeTestMethods(TestMethodWorker.java:148)
	at org.testng.internal.invokers.TestMethodWorker.run(TestMethodWorker.java:128)
	at java.base/java.util.ArrayList.forEach(ArrayList.java:1541)
	at org.testng.TestRunner.privateRun(TestRunner.java:819)
	at org.testng.TestRunner.run(TestRunner.java:619)
	at org.testng.SuiteRunner.runTest(SuiteRunner.java:443)
	at org.testng.SuiteRunner.runSequentially(SuiteRunner.java:437)
	at org.testng.SuiteRunner.privateRun(SuiteRunner.java:397)
	at org.testng.SuiteRunner.run(SuiteRunner.java:336)
	at org.testng.SuiteRunnerWorker.runSuite(SuiteRunnerWorker.java:52)
	at org.testng.SuiteRunnerWorker.run(SuiteRunnerWorker.java:95)
	at org.testng.TestNG.runSuitesSequentially(TestNG.java:1301)
	at org.testng.TestNG.runSuitesLocally(TestNG.java:1228)
	at org.testng.TestNG.runSuites(TestNG.java:1134)
	at org.testng.TestNG.run(TestNG.java:1101)
	at org.testng.remote.AbstractRemoteTestNG.run(AbstractRemoteTestNG.java:115)
	at org.testng.remote.RemoteTestNG.initAndRun(RemoteTestNG.java:251)
	at org.testng.remote.RemoteTestNG.main(RemoteTestNG.java:77)
</textarea>
          
        </td>
      </tr>
      <tr class="event-row">
        <td><span class="badge log fail-bg">Fail</span></td>
        <td>6:45:40 p.m.</td>
        <td>
          
    <div class="row mb-3"><div class="col-md-3">
<img data-featherlight='C:\Users\mdeho\Documents\workspace-spring-tool-suite-4-4.20.0.RELEASE\RokomariWebAutomateWithSelenium-main\RokomariWebAutomateWithSelenium-main\screenshots\SecondBookHoverFail.png' src="C:\Users\mdeho\Documents\workspace-spring-tool-suite-4-4.20.0.RELEASE\RokomariWebAutomateWithSelenium-main\RokomariWebAutomateWithSelenium-main\screenshots\SecondBookHoverFail.png">
    
    </div></div>
        </td>
      </tr>
  </tbody>
</table>
          </div>
        </div>
      </div>
      <div class="card">
        <div class="card-header">
          <div class="card-toolbar node-info">
            <ul class="list-inline d-none d-sm-block">
              <li><span class="badge fail-bg log ">Fail</span></li>
              <li><span class='badge badge-default'>00:00:303</span></li>
              <li><span><i class="fa fa-paperclip"></i></span></li>
            </ul>
          </div>
          <div class="card-title">
            <a class="node " id="8"><span><p style="color:DarkBlue; font-size:20px"><b>Second Book To Cart</b></p></span></a>
            <div class="node-attr">
<span class="badge badge-pill badge-default">QATEAM</span>
<span class="badge badge-pill badge-default">Windows</span>            </div>
          </div>
        </div>
        <div class="">
          <div class="card-body">
<table class="table table-sm">
  <thead><tr><th class="status-col">Status</th><th class="timestamp-col">Timestamp</th><th class="details-col">Details</th></tr></thead>
  <tbody>
      <tr class="event-row">
        <td><span class="badge log info-bg">Info</span></td>
        <td>6:45:40 p.m.</td>
        <td>
          Second Book To Cart
        </td>
      </tr>
      <tr class="event-row">
        <td><span class="badge log fail-bg">Fail</span></td>
        <td>6:45:40 p.m.</td>
        <td>
          <p style="color:red; font-size:13px"><b>First Book not locateable.</b></p>
        </td>
      </tr>
      <tr class="event-row">
        <td><span class="badge log fail-bg">Fail</span></td>
        <td>6:45:40 p.m.</td>
        <td>
          <textarea readonly class="code-block">java.lang.InterruptedException: Exception
	at pages.AddToCartPage.SecondBookInAddToCart(AddToCartPage.java:156)
	at tests.AddToCartTest.SecondBookInAddToCart(AddToCartTest.java:56)
	at java.base/jdk.internal.reflect.NativeMethodAccessorImpl.invoke0(Native Method)
	at java.base/jdk.internal.reflect.NativeMethodAccessorImpl.invoke(NativeMethodAccessorImpl.java:62)
	at java.base/jdk.internal.reflect.DelegatingMethodAccessorImpl.invoke(DelegatingMethodAccessorImpl.java:43)
	at java.base/java.lang.reflect.Method.invoke(Method.java:566)
	at org.testng.internal.invokers.MethodInvocationHelper.invokeMethod(MethodInvocationHelper.java:139)
	at org.testng.internal.invokers.TestInvoker.invokeMethod(TestInvoker.java:664)
	at org.testng.internal.invokers.TestInvoker.invokeTestMethod(TestInvoker.java:228)
	at org.testng.internal.invokers.MethodRunner.runInSequence(MethodRunner.java:63)
	at org.testng.internal.invokers.TestInvoker$MethodInvocationAgent.invoke(TestInvoker.java:961)
	at org.testng.internal.invokers.TestInvoker.invokeTestMethods(TestInvoker.java:201)
	at org.testng.internal.invokers.TestMethodWorker.invokeTestMethods(TestMethodWorker.java:148)
	at org.testng.internal.invokers.TestMethodWorker.run(TestMethodWorker.java:128)
	at java.base/java.util.ArrayList.forEach(ArrayList.java:1541)
	at org.testng.TestRunner.privateRun(TestRunner.java:819)
	at org.testng.TestRunner.run(TestRunner.java:619)
	at org.testng.SuiteRunner.runTest(SuiteRunner.java:443)
	at org.testng.SuiteRunner.runSequentially(SuiteRunner.java:437)
	at org.testng.SuiteRunner.privateRun(SuiteRunner.java:397)
	at org.testng.SuiteRunner.run(SuiteRunner.java:336)
	at org.testng.SuiteRunnerWorker.runSuite(SuiteRunnerWorker.java:52)
	at org.testng.SuiteRunnerWorker.run(SuiteRunnerWorker.java:95)
	at org.testng.TestNG.runSuitesSequentially(TestNG.java:1301)
	at org.testng.TestNG.runSuitesLocally(TestNG.java:1228)
	at org.testng.TestNG.runSuites(TestNG.java:1134)
	at org.testng.TestNG.run(TestNG.java:1101)
	at org.testng.remote.AbstractRemoteTestNG.run(AbstractRemoteTestNG.java:115)
	at org.testng.remote.RemoteTestNG.initAndRun(RemoteTestNG.java:251)
	at org.testng.remote.RemoteTestNG.main(RemoteTestNG.java:77)
</textarea>
          
        </td>
      </tr>
      <tr class="event-row">
        <td><span class="badge log fail-bg">Fail</span></td>
        <td>6:45:40 p.m.</td>
        <td>
          
    <div class="row mb-3"><div class="col-md-3">
<img data-featherlight='C:\Users\mdeho\Documents\workspace-spring-tool-suite-4-4.20.0.RELEASE\RokomariWebAutomateWithSelenium-main\RokomariWebAutomateWithSelenium-main\screenshots\SecondBookOrderFail.png' src="C:\Users\mdeho\Documents\workspace-spring-tool-suite-4-4.20.0.RELEASE\RokomariWebAutomateWithSelenium-main\RokomariWebAutomateWithSelenium-main\screenshots\SecondBookOrderFail.png">
    
    </div></div>
        </td>
      </tr>
  </tbody>
</table>
          </div>
        </div>
      </div>
      <div class="card">
        <div class="card-header">
          <div class="card-toolbar node-info">
            <ul class="list-inline d-none d-sm-block">
              <li><span class="badge fail-bg log ">Fail</span></li>
              <li><span class='badge badge-default'>00:00:299</span></li>
              <li><span><i class="fa fa-paperclip"></i></span></li>
            </ul>
          </div>
          <div class="card-title">
            <a class="node " id="9"><span><p style="color:DarkBlue; font-size:20px"><b>Hover On Third Book </b></p></span></a>
            <div class="node-attr">
<span class="badge badge-pill badge-default">QATEAM</span>
<span class="badge badge-pill badge-default">Windows</span>            </div>
          </div>
        </div>
        <div class="">
          <div class="card-body">
<table class="table table-sm">
  <thead><tr><th class="status-col">Status</th><th class="timestamp-col">Timestamp</th><th class="details-col">Details</th></tr></thead>
  <tbody>
      <tr class="event-row">
        <td><span class="badge log info-bg">Info</span></td>
        <td>6:45:40 p.m.</td>
        <td>
          Second Book Hover
        </td>
      </tr>
      <tr class="event-row">
        <td><span class="badge log fail-bg">Fail</span></td>
        <td>6:45:41 p.m.</td>
        <td>
          <p style="color:red; font-size:13px"><b>Second Book Hovering not locateable.</b></p>
        </td>
      </tr>
      <tr class="event-row">
        <td><span class="badge log fail-bg">Fail</span></td>
        <td>6:45:41 p.m.</td>
        <td>
          <textarea readonly class="code-block">java.lang.InterruptedException: Exception
	at pages.AddToCartPage.ThirdBookHover(AddToCartPage.java:182)
	at tests.AddToCartTest.ThirdBookHover(AddToCartTest.java:65)
	at java.base/jdk.internal.reflect.NativeMethodAccessorImpl.invoke0(Native Method)
	at java.base/jdk.internal.reflect.NativeMethodAccessorImpl.invoke(NativeMethodAccessorImpl.java:62)
	at java.base/jdk.internal.reflect.DelegatingMethodAccessorImpl.invoke(DelegatingMethodAccessorImpl.java:43)
	at java.base/java.lang.reflect.Method.invoke(Method.java:566)
	at org.testng.internal.invokers.MethodInvocationHelper.invokeMethod(MethodInvocationHelper.java:139)
	at org.testng.internal.invokers.TestInvoker.invokeMethod(TestInvoker.java:664)
	at org.testng.internal.invokers.TestInvoker.invokeTestMethod(TestInvoker.java:228)
	at org.testng.internal.invokers.MethodRunner.runInSequence(MethodRunner.java:63)
	at org.testng.internal.invokers.TestInvoker$MethodInvocationAgent.invoke(TestInvoker.java:961)
	at org.testng.internal.invokers.TestInvoker.invokeTestMethods(TestInvoker.java:201)
	at org.testng.internal.invokers.TestMethodWorker.invokeTestMethods(TestMethodWorker.java:148)
	at org.testng.internal.invokers.TestMethodWorker.run(TestMethodWorker.java:128)
	at java.base/java.util.ArrayList.forEach(ArrayList.java:1541)
	at org.testng.TestRunner.privateRun(TestRunner.java:819)
	at org.testng.TestRunner.run(TestRunner.java:619)
	at org.testng.SuiteRunner.runTest(SuiteRunner.java:443)
	at org.testng.SuiteRunner.runSequentially(SuiteRunner.java:437)
	at org.testng.SuiteRunner.privateRun(SuiteRunner.java:397)
	at org.testng.SuiteRunner.run(SuiteRunner.java:336)
	at org.testng.SuiteRunnerWorker.runSuite(SuiteRunnerWorker.java:52)
	at org.testng.SuiteRunnerWorker.run(SuiteRunnerWorker.java:95)
	at org.testng.TestNG.runSuitesSequentially(TestNG.java:1301)
	at org.testng.TestNG.runSuitesLocally(TestNG.java:1228)
	at org.testng.TestNG.runSuites(TestNG.java:1134)
	at org.testng.TestNG.run(TestNG.java:1101)
	at org.testng.remote.AbstractRemoteTestNG.run(AbstractRemoteTestNG.java:115)
	at org.testng.remote.RemoteTestNG.initAndRun(RemoteTestNG.java:251)
	at org.testng.remote.RemoteTestNG.main(RemoteTestNG.java:77)
</textarea>
          
        </td>
      </tr>
      <tr class="event-row">
        <td><span class="badge log fail-bg">Fail</span></td>
        <td>6:45:41 p.m.</td>
        <td>
          
    <div class="row mb-3"><div class="col-md-3">
<img data-featherlight='C:\Users\mdeho\Documents\workspace-spring-tool-suite-4-4.20.0.RELEASE\RokomariWebAutomateWithSelenium-main\RokomariWebAutomateWithSelenium-main\screenshots\SecondBookHoverFail.png' src="C:\Users\mdeho\Documents\workspace-spring-tool-suite-4-4.20.0.RELEASE\RokomariWebAutomateWithSelenium-main\RokomariWebAutomateWithSelenium-main\screenshots\SecondBookHoverFail.png">
    
    </div></div>
        </td>
      </tr>
  </tbody>
</table>
          </div>
        </div>
      </div>
      <div class="card">
        <div class="card-header">
          <div class="card-toolbar node-info">
            <ul class="list-inline d-none d-sm-block">
              <li><span class="badge fail-bg log ">Fail</span></li>
              <li><span class='badge badge-default'>00:00:325</span></li>
              <li><span><i class="fa fa-paperclip"></i></span></li>
            </ul>
          </div>
          <div class="card-title">
            <a class="node " id="10"><span><p style="color:DarkBlue; font-size:20px"><b>Third Book To Cart</b></p></span></a>
            <div class="node-attr">
<span class="badge badge-pill badge-default">QATEAM</span>
<span class="badge badge-pill badge-default">Windows</span>            </div>
          </div>
        </div>
        <div class="">
          <div class="card-body">
<table class="table table-sm">
  <thead><tr><th class="status-col">Status</th><th class="timestamp-col">Timestamp</th><th class="details-col">Details</th></tr></thead>
  <tbody>
      <tr class="event-row">
        <td><span class="badge log info-bg">Info</span></td>
        <td>6:45:41 p.m.</td>
        <td>
          Second Book To Cart
        </td>
      </tr>
      <tr class="event-row">
        <td><span class="badge log fail-bg">Fail</span></td>
        <td>6:45:41 p.m.</td>
        <td>
          <p style="color:red; font-size:13px"><b>First Book not locateable.</b></p>
        </td>
      </tr>
      <tr class="event-row">
        <td><span class="badge log fail-bg">Fail</span></td>
        <td>6:45:41 p.m.</td>
        <td>
          <textarea readonly class="code-block">java.lang.InterruptedException: Exception
	at pages.AddToCartPage.ThirdBookInAddToCart(AddToCartPage.java:207)
	at tests.AddToCartTest.ThirdBookInAddToCart(AddToCartTest.java:73)
	at java.base/jdk.internal.reflect.NativeMethodAccessorImpl.invoke0(Native Method)
	at java.base/jdk.internal.reflect.NativeMethodAccessorImpl.invoke(NativeMethodAccessorImpl.java:62)
	at java.base/jdk.internal.reflect.DelegatingMethodAccessorImpl.invoke(DelegatingMethodAccessorImpl.java:43)
	at java.base/java.lang.reflect.Method.invoke(Method.java:566)
	at org.testng.internal.invokers.MethodInvocationHelper.invokeMethod(MethodInvocationHelper.java:139)
	at org.testng.internal.invokers.TestInvoker.invokeMethod(TestInvoker.java:664)
	at org.testng.internal.invokers.TestInvoker.invokeTestMethod(TestInvoker.java:228)
	at org.testng.internal.invokers.MethodRunner.runInSequence(MethodRunner.java:63)
	at org.testng.internal.invokers.TestInvoker$MethodInvocationAgent.invoke(TestInvoker.java:961)
	at org.testng.internal.invokers.TestInvoker.invokeTestMethods(TestInvoker.java:201)
	at org.testng.internal.invokers.TestMethodWorker.invokeTestMethods(TestMethodWorker.java:148)
	at org.testng.internal.invokers.TestMethodWorker.run(TestMethodWorker.java:128)
	at java.base/java.util.ArrayList.forEach(ArrayList.java:1541)
	at org.testng.TestRunner.privateRun(TestRunner.java:819)
	at org.testng.TestRunner.run(TestRunner.java:619)
	at org.testng.SuiteRunner.runTest(SuiteRunner.java:443)
	at org.testng.SuiteRunner.runSequentially(SuiteRunner.java:437)
	at org.testng.SuiteRunner.privateRun(SuiteRunner.java:397)
	at org.testng.SuiteRunner.run(SuiteRunner.java:336)
	at org.testng.SuiteRunnerWorker.runSuite(SuiteRunnerWorker.java:52)
	at org.testng.SuiteRunnerWorker.run(SuiteRunnerWorker.java:95)
	at org.testng.TestNG.runSuitesSequentially(TestNG.java:1301)
	at org.testng.TestNG.runSuitesLocally(TestNG.java:1228)
	at org.testng.TestNG.runSuites(TestNG.java:1134)
	at org.testng.TestNG.run(TestNG.java:1101)
	at org.testng.remote.AbstractRemoteTestNG.run(AbstractRemoteTestNG.java:115)
	at org.testng.remote.RemoteTestNG.initAndRun(RemoteTestNG.java:251)
	at org.testng.remote.RemoteTestNG.main(RemoteTestNG.java:77)
</textarea>
          
        </td>
      </tr>
      <tr class="event-row">
        <td><span class="badge log fail-bg">Fail</span></td>
        <td>6:45:41 p.m.</td>
        <td>
          
    <div class="row mb-3"><div class="col-md-3">
<img data-featherlight='C:\Users\mdeho\Documents\workspace-spring-tool-suite-4-4.20.0.RELEASE\RokomariWebAutomateWithSelenium-main\RokomariWebAutomateWithSelenium-main\screenshots\SecondBookOrderFail.png' src="C:\Users\mdeho\Documents\workspace-spring-tool-suite-4-4.20.0.RELEASE\RokomariWebAutomateWithSelenium-main\RokomariWebAutomateWithSelenium-main\screenshots\SecondBookOrderFail.png">
    
    </div></div>
        </td>
      </tr>
  </tbody>
</table>
          </div>
        </div>
      </div>
      <div class="card">
        <div class="card-header">
          <div class="card-toolbar node-info">
            <ul class="list-inline d-none d-sm-block">
              <li><span class="badge pass-bg log ">Pass</span></li>
              <li><span class='badge badge-default'>00:03:049</span></li>
              <li><span><i class="fa fa-paperclip"></i></span></li>
            </ul>
          </div>
          <div class="card-title">
            <a class="node " id="11"><span><p style="color:DarkBlue; font-size:20px"><b>Click On Cart Icon</b></p></span></a>
            <div class="node-attr">
<span class="badge badge-pill badge-default">QATEAM</span>
<span class="badge badge-pill badge-default">Windows</span>            </div>
          </div>
        </div>
        <div class="collapse">
          <div class="card-body">
<table class="table table-sm">
  <thead><tr><th class="status-col">Status</th><th class="timestamp-col">Timestamp</th><th class="details-col">Details</th></tr></thead>
  <tbody>
      <tr class="event-row">
        <td><span class="badge log info-bg">Info</span></td>
        <td>6:45:41 p.m.</td>
        <td>
          Click on Cart Icon
        </td>
      </tr>
      <tr class="event-row">
        <td><span class="badge log pass-bg">Pass</span></td>
        <td>6:45:44 p.m.</td>
        <td>
          <p style="color:green; font-size:13px"><b>Click Cart Icon Success</b></p>
        </td>
      </tr>
      <tr class="event-row">
        <td><span class="badge log pass-bg">Pass</span></td>
        <td>6:45:44 p.m.</td>
        <td>
          
    <div class="row mb-3"><div class="col-md-3">
<img data-featherlight='C:\Users\mdeho\Documents\workspace-spring-tool-suite-4-4.20.0.RELEASE\RokomariWebAutomateWithSelenium-main\RokomariWebAutomateWithSelenium-main\screenshots\ClickOnCartIconPass.png' src="C:\Users\mdeho\Documents\workspace-spring-tool-suite-4-4.20.0.RELEASE\RokomariWebAutomateWithSelenium-main\RokomariWebAutomateWithSelenium-main\screenshots\ClickOnCartIconPass.png">
    
    </div></div>
        </td>
      </tr>
  </tbody>
</table>
          </div>
        </div>
      </div>
      <div class="card">
        <div class="card-header">
          <div class="card-toolbar node-info">
            <ul class="list-inline d-none d-sm-block">
              <li><span class="badge fail-bg log ">Fail</span></li>
              <li><span class='badge badge-default'>00:00:229</span></li>
              <li><span><i class="fa fa-paperclip"></i></span></li>
            </ul>
          </div>
          <div class="card-title">
            <a class="node " id="12"><span><p style="color:DarkBlue; font-size:20px"><b>Remove First Element</b></p></span></a>
            <div class="node-attr">
<span class="badge badge-pill badge-default">QATEAM</span>
<span class="badge badge-pill badge-default">Windows</span>            </div>
          </div>
        </div>
        <div class="">
          <div class="card-body">
<table class="table table-sm">
  <thead><tr><th class="status-col">Status</th><th class="timestamp-col">Timestamp</th><th class="details-col">Details</th></tr></thead>
  <tbody>
      <tr class="event-row">
        <td><span class="badge log info-bg">Info</span></td>
        <td>6:45:44 p.m.</td>
        <td>
          Remove on First Product
        </td>
      </tr>
      <tr class="event-row">
        <td><span class="badge log fail-bg">Fail</span></td>
        <td>6:45:44 p.m.</td>
        <td>
          <p style="color:red; font-size:13px"><b>First Product Remove not locateable.</b></p>
        </td>
      </tr>
      <tr class="event-row">
        <td><span class="badge log fail-bg">Fail</span></td>
        <td>6:45:44 p.m.</td>
        <td>
          <textarea readonly class="code-block">java.lang.InterruptedException: Exception
	at pages.AddToCartPage.RemoveFirstElement(AddToCartPage.java:259)
	at tests.AddToCartTest.RemoveFirstElement(AddToCartTest.java:89)
	at java.base/jdk.internal.reflect.NativeMethodAccessorImpl.invoke0(Native Method)
	at java.base/jdk.internal.reflect.NativeMethodAccessorImpl.invoke(NativeMethodAccessorImpl.java:62)
	at java.base/jdk.internal.reflect.DelegatingMethodAccessorImpl.invoke(DelegatingMethodAccessorImpl.java:43)
	at java.base/java.lang.reflect.Method.invoke(Method.java:566)
	at org.testng.internal.invokers.MethodInvocationHelper.invokeMethod(MethodInvocationHelper.java:139)
	at org.testng.internal.invokers.TestInvoker.invokeMethod(TestInvoker.java:664)
	at org.testng.internal.invokers.TestInvoker.invokeTestMethod(TestInvoker.java:228)
	at org.testng.internal.invokers.MethodRunner.runInSequence(MethodRunner.java:63)
	at org.testng.internal.invokers.TestInvoker$MethodInvocationAgent.invoke(TestInvoker.java:961)
	at org.testng.internal.invokers.TestInvoker.invokeTestMethods(TestInvoker.java:201)
	at org.testng.internal.invokers.TestMethodWorker.invokeTestMethods(TestMethodWorker.java:148)
	at org.testng.internal.invokers.TestMethodWorker.run(TestMethodWorker.java:128)
	at java.base/java.util.ArrayList.forEach(ArrayList.java:1541)
	at org.testng.TestRunner.privateRun(TestRunner.java:819)
	at org.testng.TestRunner.run(TestRunner.java:619)
	at org.testng.SuiteRunner.runTest(SuiteRunner.java:443)
	at org.testng.SuiteRunner.runSequentially(SuiteRunner.java:437)
	at org.testng.SuiteRunner.privateRun(SuiteRunner.java:397)
	at org.testng.SuiteRunner.run(SuiteRunner.java:336)
	at org.testng.SuiteRunnerWorker.runSuite(SuiteRunnerWorker.java:52)
	at org.testng.SuiteRunnerWorker.run(SuiteRunnerWorker.java:95)
	at org.testng.TestNG.runSuitesSequentially(TestNG.java:1301)
	at org.testng.TestNG.runSuitesLocally(TestNG.java:1228)
	at org.testng.TestNG.runSuites(TestNG.java:1134)
	at org.testng.TestNG.run(TestNG.java:1101)
	at org.testng.remote.AbstractRemoteTestNG.run(AbstractRemoteTestNG.java:115)
	at org.testng.remote.RemoteTestNG.initAndRun(RemoteTestNG.java:251)
	at org.testng.remote.RemoteTestNG.main(RemoteTestNG.java:77)
</textarea>
          
        </td>
      </tr>
      <tr class="event-row">
        <td><span class="badge log fail-bg">Fail</span></td>
        <td>6:45:45 p.m.</td>
        <td>
          
    <div class="row mb-3"><div class="col-md-3">
<img data-featherlight='C:\Users\mdeho\Documents\workspace-spring-tool-suite-4-4.20.0.RELEASE\RokomariWebAutomateWithSelenium-main\RokomariWebAutomateWithSelenium-main\screenshots\RemoveFirstElementFail.png' src="C:\Users\mdeho\Documents\workspace-spring-tool-suite-4-4.20.0.RELEASE\RokomariWebAutomateWithSelenium-main\RokomariWebAutomateWithSelenium-main\screenshots\RemoveFirstElementFail.png">
    
    </div></div>
        </td>
      </tr>
  </tbody>
</table>
          </div>
        </div>
      </div>
      <div class="card">
        <div class="card-header">
          <div class="card-toolbar node-info">
            <ul class="list-inline d-none d-sm-block">
              <li><span class="badge pass-bg log ">Pass</span></li>
              <li><span class='badge badge-default'>00:00:007</span></li>
              <li></li>
            </ul>
          </div>
          <div class="card-title">
            <a class="node " id="13"><span><p style="color:DarkBlue; font-size:20px"><b>Remove First Element By Yes</b></p></span></a>
            <div class="node-attr">
<span class="badge badge-pill badge-default">QATEAM</span>
<span class="badge badge-pill badge-default">Windows</span>            </div>
          </div>
        </div>
        <div class="collapse">
          <div class="card-body">
<table class="table table-sm">
  <thead><tr><th class="status-col">Status</th><th class="timestamp-col">Timestamp</th><th class="details-col">Details</th></tr></thead>
  <tbody>
      <tr class="event-row">
        <td><span class="badge log info-bg">Info</span></td>
        <td>6:45:45 p.m.</td>
        <td>
          Confirm By Yes
        </td>
      </tr>
  </tbody>
</table>
          </div>
        </div>
      </div>
      <div class="card">
        <div class="card-header">
          <div class="card-toolbar node-info">
            <ul class="list-inline d-none d-sm-block">
              <li><span class="badge fail-bg log ">Fail</span></li>
              <li><span class='badge badge-default'>00:00:268</span></li>
              <li><span><i class="fa fa-paperclip"></i></span></li>
            </ul>
          </div>
          <div class="card-title">
            <a class="node " id="14"><span><p style="color:DarkBlue; font-size:20px"><b>Undo the remove book</b></p></span></a>
            <div class="node-attr">
<span class="badge badge-pill badge-default">QATEAM</span>
<span class="badge badge-pill badge-default">Windows</span>            </div>
          </div>
        </div>
        <div class="">
          <div class="card-body">
<table class="table table-sm">
  <thead><tr><th class="status-col">Status</th><th class="timestamp-col">Timestamp</th><th class="details-col">Details</th></tr></thead>
  <tbody>
      <tr class="event-row">
        <td><span class="badge log info-bg">Info</span></td>
        <td>6:45:45 p.m.</td>
        <td>
          Confirm By Yes
        </td>
      </tr>
      <tr class="event-row">
        <td><span class="badge log fail-bg">Fail</span></td>
        <td>6:45:45 p.m.</td>
        <td>
          <p style="color:red; font-size:13px"><b>Undo button not locatable</b></p>
        </td>
      </tr>
      <tr class="event-row">
        <td><span class="badge log fail-bg">Fail</span></td>
        <td>6:45:45 p.m.</td>
        <td>
          <textarea readonly class="code-block">java.lang.InterruptedException: Exception
	at pages.AddToCartPage.UndoTheRemoveBook(AddToCartPage.java:320)
	at tests.AddToCartTest.UndoTheRemoveBook(AddToCartTest.java:105)
	at java.base/jdk.internal.reflect.NativeMethodAccessorImpl.invoke0(Native Method)
	at java.base/jdk.internal.reflect.NativeMethodAccessorImpl.invoke(NativeMethodAccessorImpl.java:62)
	at java.base/jdk.internal.reflect.DelegatingMethodAccessorImpl.invoke(DelegatingMethodAccessorImpl.java:43)
	at java.base/java.lang.reflect.Method.invoke(Method.java:566)
	at org.testng.internal.invokers.MethodInvocationHelper.invokeMethod(MethodInvocationHelper.java:139)
	at org.testng.internal.invokers.TestInvoker.invokeMethod(TestInvoker.java:664)
	at org.testng.internal.invokers.TestInvoker.invokeTestMethod(TestInvoker.java:228)
	at org.testng.internal.invokers.MethodRunner.runInSequence(MethodRunner.java:63)
	at org.testng.internal.invokers.TestInvoker$MethodInvocationAgent.invoke(TestInvoker.java:961)
	at org.testng.internal.invokers.TestInvoker.invokeTestMethods(TestInvoker.java:201)
	at org.testng.internal.invokers.TestMethodWorker.invokeTestMethods(TestMethodWorker.java:148)
	at org.testng.internal.invokers.TestMethodWorker.run(TestMethodWorker.java:128)
	at java.base/java.util.ArrayList.forEach(ArrayList.java:1541)
	at org.testng.TestRunner.privateRun(TestRunner.java:819)
	at org.testng.TestRunner.run(TestRunner.java:619)
	at org.testng.SuiteRunner.runTest(SuiteRunner.java:443)
	at org.testng.SuiteRunner.runSequentially(SuiteRunner.java:437)
	at org.testng.SuiteRunner.privateRun(SuiteRunner.java:397)
	at org.testng.SuiteRunner.run(SuiteRunner.java:336)
	at org.testng.SuiteRunnerWorker.runSuite(SuiteRunnerWorker.java:52)
	at org.testng.SuiteRunnerWorker.run(SuiteRunnerWorker.java:95)
	at org.testng.TestNG.runSuitesSequentially(TestNG.java:1301)
	at org.testng.TestNG.runSuitesLocally(TestNG.java:1228)
	at org.testng.TestNG.runSuites(TestNG.java:1134)
	at org.testng.TestNG.run(TestNG.java:1101)
	at org.testng.remote.AbstractRemoteTestNG.run(AbstractRemoteTestNG.java:115)
	at org.testng.remote.RemoteTestNG.initAndRun(RemoteTestNG.java:251)
	at org.testng.remote.RemoteTestNG.main(RemoteTestNG.java:77)
</textarea>
          
        </td>
      </tr>
      <tr class="event-row">
        <td><span class="badge log fail-bg">Fail</span></td>
        <td>6:45:45 p.m.</td>
        <td>
          
    <div class="row mb-3"><div class="col-md-3">
<img data-featherlight='C:\Users\mdeho\Documents\workspace-spring-tool-suite-4-4.20.0.RELEASE\RokomariWebAutomateWithSelenium-main\RokomariWebAutomateWithSelenium-main\screenshots\UndoTheRemoveBookFail.png' src="C:\Users\mdeho\Documents\workspace-spring-tool-suite-4-4.20.0.RELEASE\RokomariWebAutomateWithSelenium-main\RokomariWebAutomateWithSelenium-main\screenshots\UndoTheRemoveBookFail.png">
    
    </div></div>
        </td>
      </tr>
  </tbody>
</table>
          </div>
        </div>
      </div>
      <div class="card">
        <div class="card-header">
          <div class="card-toolbar node-info">
            <ul class="list-inline d-none d-sm-block">
              <li><span class="badge fail-bg log ">Fail</span></li>
              <li><span class='badge badge-default'>00:00:310</span></li>
              <li><span><i class="fa fa-paperclip"></i></span></li>
            </ul>
          </div>
          <div class="card-title">
            <a class="node " id="15"><span><p style="color:DarkBlue; font-size:20px"><b>Click On Place Order Button</b></p></span></a>
            <div class="node-attr">
<span class="badge badge-pill badge-default">QATEAM</span>
<span class="badge badge-pill badge-default">Windows</span>            </div>
          </div>
        </div>
        <div class="">
          <div class="card-body">
<table class="table table-sm">
  <thead><tr><th class="status-col">Status</th><th class="timestamp-col">Timestamp</th><th class="details-col">Details</th></tr></thead>
  <tbody>
      <tr class="event-row">
        <td><span class="badge log info-bg">Info</span></td>
        <td>6:45:45 p.m.</td>
        <td>
          Click on Place Order Button And Switch Shipping Window
        </td>
      </tr>
      <tr class="event-row">
        <td><span class="badge log fail-bg">Fail</span></td>
        <td>6:45:45 p.m.</td>
        <td>
          <p style="color:red; font-size:13px"><b>Cart Icon not locatable</b></p>
        </td>
      </tr>
      <tr class="event-row">
        <td><span class="badge log fail-bg">Fail</span></td>
        <td>6:45:45 p.m.</td>
        <td>
          <textarea readonly class="code-block">java.lang.InterruptedException: Exception
	at pages.AddToCartPage.ClickOnPaceOrderButton(AddToCartPage.java:357)
	at tests.AddToCartTest.ClickOnPaceOrderButton(AddToCartTest.java:113)
	at java.base/jdk.internal.reflect.NativeMethodAccessorImpl.invoke0(Native Method)
	at java.base/jdk.internal.reflect.NativeMethodAccessorImpl.invoke(NativeMethodAccessorImpl.java:62)
	at java.base/jdk.internal.reflect.DelegatingMethodAccessorImpl.invoke(DelegatingMethodAccessorImpl.java:43)
	at java.base/java.lang.reflect.Method.invoke(Method.java:566)
	at org.testng.internal.invokers.MethodInvocationHelper.invokeMethod(MethodInvocationHelper.java:139)
	at org.testng.internal.invokers.TestInvoker.invokeMethod(TestInvoker.java:664)
	at org.testng.internal.invokers.TestInvoker.invokeTestMethod(TestInvoker.java:228)
	at org.testng.internal.invokers.MethodRunner.runInSequence(MethodRunner.java:63)
	at org.testng.internal.invokers.TestInvoker$MethodInvocationAgent.invoke(TestInvoker.java:961)
	at org.testng.internal.invokers.TestInvoker.invokeTestMethods(TestInvoker.java:201)
	at org.testng.internal.invokers.TestMethodWorker.invokeTestMethods(TestMethodWorker.java:148)
	at org.testng.internal.invokers.TestMethodWorker.run(TestMethodWorker.java:128)
	at java.base/java.util.ArrayList.forEach(ArrayList.java:1541)
	at org.testng.TestRunner.privateRun(TestRunner.java:819)
	at org.testng.TestRunner.run(TestRunner.java:619)
	at org.testng.SuiteRunner.runTest(SuiteRunner.java:443)
	at org.testng.SuiteRunner.runSequentially(SuiteRunner.java:437)
	at org.testng.SuiteRunner.privateRun(SuiteRunner.java:397)
	at org.testng.SuiteRunner.run(SuiteRunner.java:336)
	at org.testng.SuiteRunnerWorker.runSuite(SuiteRunnerWorker.java:52)
	at org.testng.SuiteRunnerWorker.run(SuiteRunnerWorker.java:95)
	at org.testng.TestNG.runSuitesSequentially(TestNG.java:1301)
	at org.testng.TestNG.runSuitesLocally(TestNG.java:1228)
	at org.testng.TestNG.runSuites(TestNG.java:1134)
	at org.testng.TestNG.run(TestNG.java:1101)
	at org.testng.remote.AbstractRemoteTestNG.run(AbstractRemoteTestNG.java:115)
	at org.testng.remote.RemoteTestNG.initAndRun(RemoteTestNG.java:251)
	at org.testng.remote.RemoteTestNG.main(RemoteTestNG.java:77)
</textarea>
          
        </td>
      </tr>
      <tr class="event-row">
        <td><span class="badge log fail-bg">Fail</span></td>
        <td>6:45:45 p.m.</td>
        <td>
          
    <div class="row mb-3"><div class="col-md-3">
<img data-featherlight='C:\Users\mdeho\Documents\workspace-spring-tool-suite-4-4.20.0.RELEASE\RokomariWebAutomateWithSelenium-main\RokomariWebAutomateWithSelenium-main\screenshots\ClickOnPaceOrderButtonFail.png' src="C:\Users\mdeho\Documents\workspace-spring-tool-suite-4-4.20.0.RELEASE\RokomariWebAutomateWithSelenium-main\RokomariWebAutomateWithSelenium-main\screenshots\ClickOnPaceOrderButtonFail.png">
    
    </div></div>
        </td>
      </tr>
  </tbody>
</table>
          </div>
        </div>
      </div>
  </div>
</div>
          </div>
        </li>
        <li class="test-item"  status="fail" test-id="16"
          author="QATEAM"
          tag=""
          device="Windows">
          <div class="test-detail">
            <p class="name"><p style="color:DarkBlue; font-size:20px"><b>Select Writer</b></p></p>
            <p class="text-sm">
              <span>6:45:46 p.m.</span> / <span>00:00:02:034</span>
              <span class="badge fail-bg log float-right">Fail</span>
            </p>
          </div>
          <div class="test-contents d-none">
<div class="detail-head">
<div class="p-v-10">
<div class="info">
<h5 class="test-status text-fail"><p style="color:DarkBlue; font-size:20px"><b>Select Writer</b></p></h5>
<span class='badge badge-success'>02.03.2024 6:45:46 p.m.</span>
<span class='badge badge-danger'>02.03.2024 6:45:48 p.m.</span>
<span class='badge badge-default'>00:00:02:034</span>
&middot; <span class='uri-anchor badge badge-default'>#test-id=16</span>
<span class='badge badge-default pointer float-right ml-1 et'><i class="fa fa-chevron-down"></i></span>
<span class='badge badge-default pointer float-right ct'><i class="fa fa-chevron-up"></i></span>
</div>
<div class="m-t-15"><span class="badge badge-pill badge-default">QATEAM</span>
<span class="badge badge-pill badge-default">Windows</span></div>
</div>
</div>  <div class="mt-4">  <div class="accordion" role="tablist">
      <div class="card">
        <div class="card-header">
          <div class="card-toolbar node-info">
            <ul class="list-inline d-none d-sm-block">
              <li><span class="badge fail-bg log ">Fail</span></li>
              <li><span class='badge badge-default'>00:00:217</span></li>
              <li><span><i class="fa fa-paperclip"></i></span></li>
            </ul>
          </div>
          <div class="card-title">
            <a class="node " id="17"><span><p style="color:DarkBlue; font-size:20px"><b>Click On writer Path</b></p></span></a>
            <div class="node-attr">
<span class="badge badge-pill badge-default">QATEAM</span>
<span class="badge badge-pill badge-default">Windows</span>            </div>
          </div>
        </div>
        <div class="">
          <div class="card-body">
<table class="table table-sm">
  <thead><tr><th class="status-col">Status</th><th class="timestamp-col">Timestamp</th><th class="details-col">Details</th></tr></thead>
  <tbody>
      <tr class="event-row">
        <td><span class="badge log info-bg">Info</span></td>
        <td>6:45:46 p.m.</td>
        <td>
          Hover on Writer Path
        </td>
      </tr>
      <tr class="event-row">
        <td><span class="badge log fail-bg">Fail</span></td>
        <td>6:45:46 p.m.</td>
        <td>
          <p style="color:red; font-size:13px"><b>Writer List not locatable.</b></p>
        </td>
      </tr>
      <tr class="event-row">
        <td><span class="badge log fail-bg">Fail</span></td>
        <td>6:45:46 p.m.</td>
        <td>
          <textarea readonly class="code-block">java.lang.InterruptedException: Exception
	at pages.WriterPage.Writer(WriterPage.java:67)
	at tests.WriterTest.WriterPath(WriterTest.java:32)
	at java.base/jdk.internal.reflect.NativeMethodAccessorImpl.invoke0(Native Method)
	at java.base/jdk.internal.reflect.NativeMethodAccessorImpl.invoke(NativeMethodAccessorImpl.java:62)
	at java.base/jdk.internal.reflect.DelegatingMethodAccessorImpl.invoke(DelegatingMethodAccessorImpl.java:43)
	at java.base/java.lang.reflect.Method.invoke(Method.java:566)
	at org.testng.internal.invokers.MethodInvocationHelper.invokeMethod(MethodInvocationHelper.java:139)
	at org.testng.internal.invokers.TestInvoker.invokeMethod(TestInvoker.java:664)
	at org.testng.internal.invokers.TestInvoker.invokeTestMethod(TestInvoker.java:228)
	at org.testng.internal.invokers.MethodRunner.runInSequence(MethodRunner.java:63)
	at org.testng.internal.invokers.TestInvoker$MethodInvocationAgent.invoke(TestInvoker.java:961)
	at org.testng.internal.invokers.TestInvoker.invokeTestMethods(TestInvoker.java:201)
	at org.testng.internal.invokers.TestMethodWorker.invokeTestMethods(TestMethodWorker.java:148)
	at org.testng.internal.invokers.TestMethodWorker.run(TestMethodWorker.java:128)
	at java.base/java.util.ArrayList.forEach(ArrayList.java:1541)
	at org.testng.TestRunner.privateRun(TestRunner.java:819)
	at org.testng.TestRunner.run(TestRunner.java:619)
	at org.testng.SuiteRunner.runTest(SuiteRunner.java:443)
	at org.testng.SuiteRunner.runSequentially(SuiteRunner.java:437)
	at org.testng.SuiteRunner.privateRun(SuiteRunner.java:397)
	at org.testng.SuiteRunner.run(SuiteRunner.java:336)
	at org.testng.SuiteRunnerWorker.runSuite(SuiteRunnerWorker.java:52)
	at org.testng.SuiteRunnerWorker.run(SuiteRunnerWorker.java:95)
	at org.testng.TestNG.runSuitesSequentially(TestNG.java:1301)
	at org.testng.TestNG.runSuitesLocally(TestNG.java:1228)
	at org.testng.TestNG.runSuites(TestNG.java:1134)
	at org.testng.TestNG.run(TestNG.java:1101)
	at org.testng.remote.AbstractRemoteTestNG.run(AbstractRemoteTestNG.java:115)
	at org.testng.remote.RemoteTestNG.initAndRun(RemoteTestNG.java:251)
	at org.testng.remote.RemoteTestNG.main(RemoteTestNG.java:77)
</textarea>
          
        </td>
      </tr>
      <tr class="event-row">
        <td><span class="badge log fail-bg">Fail</span></td>
        <td>6:45:46 p.m.</td>
        <td>
          
    <div class="row mb-3"><div class="col-md-3">
<img data-featherlight='C:\Users\mdeho\Documents\workspace-spring-tool-suite-4-4.20.0.RELEASE\RokomariWebAutomateWithSelenium-main\RokomariWebAutomateWithSelenium-main\screenshots\WriterListShowFail.png' src="C:\Users\mdeho\Documents\workspace-spring-tool-suite-4-4.20.0.RELEASE\RokomariWebAutomateWithSelenium-main\RokomariWebAutomateWithSelenium-main\screenshots\WriterListShowFail.png">
    
    </div></div>
        </td>
      </tr>
  </tbody>
</table>
          </div>
        </div>
      </div>
      <div class="card">
        <div class="card-header">
          <div class="card-toolbar node-info">
            <ul class="list-inline d-none d-sm-block">
              <li><span class="badge fail-bg log ">Fail</span></li>
              <li><span class='badge badge-default'>00:00:259</span></li>
              <li><span><i class="fa fa-paperclip"></i></span></li>
            </ul>
          </div>
          <div class="card-title">
            <a class="node " id="18"><span><p style="color:DarkBlue; font-size:20px"><b>Select the Writer</b></p></span></a>
            <div class="node-attr">
<span class="badge badge-pill badge-default">QATEAM</span>
<span class="badge badge-pill badge-default">Windows</span>            </div>
          </div>
        </div>
        <div class="">
          <div class="card-body">
<table class="table table-sm">
  <thead><tr><th class="status-col">Status</th><th class="timestamp-col">Timestamp</th><th class="details-col">Details</th></tr></thead>
  <tbody>
      <tr class="event-row">
        <td><span class="badge log info-bg">Info</span></td>
        <td>6:45:46 p.m.</td>
        <td>
          Writer Select
        </td>
      </tr>
      <tr class="event-row">
        <td><span class="badge log fail-bg">Fail</span></td>
        <td>6:45:46 p.m.</td>
        <td>
          <p style="color:red; font-size:13px"><b>Writer Selection not locatable.</b></p>
        </td>
      </tr>
      <tr class="event-row">
        <td><span class="badge log fail-bg">Fail</span></td>
        <td>6:45:46 p.m.</td>
        <td>
          <textarea readonly class="code-block">java.lang.InterruptedException: Exception
	at pages.WriterPage.WriterSelected(WriterPage.java:94)
	at tests.WriterTest.WriterSelected(WriterTest.java:39)
	at java.base/jdk.internal.reflect.NativeMethodAccessorImpl.invoke0(Native Method)
	at java.base/jdk.internal.reflect.NativeMethodAccessorImpl.invoke(NativeMethodAccessorImpl.java:62)
	at java.base/jdk.internal.reflect.DelegatingMethodAccessorImpl.invoke(DelegatingMethodAccessorImpl.java:43)
	at java.base/java.lang.reflect.Method.invoke(Method.java:566)
	at org.testng.internal.invokers.MethodInvocationHelper.invokeMethod(MethodInvocationHelper.java:139)
	at org.testng.internal.invokers.TestInvoker.invokeMethod(TestInvoker.java:664)
	at org.testng.internal.invokers.TestInvoker.invokeTestMethod(TestInvoker.java:228)
	at org.testng.internal.invokers.MethodRunner.runInSequence(MethodRunner.java:63)
	at org.testng.internal.invokers.TestInvoker$MethodInvocationAgent.invoke(TestInvoker.java:961)
	at org.testng.internal.invokers.TestInvoker.invokeTestMethods(TestInvoker.java:201)
	at org.testng.internal.invokers.TestMethodWorker.invokeTestMethods(TestMethodWorker.java:148)
	at org.testng.internal.invokers.TestMethodWorker.run(TestMethodWorker.java:128)
	at java.base/java.util.ArrayList.forEach(ArrayList.java:1541)
	at org.testng.TestRunner.privateRun(TestRunner.java:819)
	at org.testng.TestRunner.run(TestRunner.java:619)
	at org.testng.SuiteRunner.runTest(SuiteRunner.java:443)
	at org.testng.SuiteRunner.runSequentially(SuiteRunner.java:437)
	at org.testng.SuiteRunner.privateRun(SuiteRunner.java:397)
	at org.testng.SuiteRunner.run(SuiteRunner.java:336)
	at org.testng.SuiteRunnerWorker.runSuite(SuiteRunnerWorker.java:52)
	at org.testng.SuiteRunnerWorker.run(SuiteRunnerWorker.java:95)
	at org.testng.TestNG.runSuitesSequentially(TestNG.java:1301)
	at org.testng.TestNG.runSuitesLocally(TestNG.java:1228)
	at org.testng.TestNG.runSuites(TestNG.java:1134)
	at org.testng.TestNG.run(TestNG.java:1101)
	at org.testng.remote.AbstractRemoteTestNG.run(AbstractRemoteTestNG.java:115)
	at org.testng.remote.RemoteTestNG.initAndRun(RemoteTestNG.java:251)
	at org.testng.remote.RemoteTestNG.main(RemoteTestNG.java:77)
</textarea>
          
        </td>
      </tr>
      <tr class="event-row">
        <td><span class="badge log fail-bg">Fail</span></td>
        <td>6:45:46 p.m.</td>
        <td>
          
    <div class="row mb-3"><div class="col-md-3">
<img data-featherlight='C:\Users\mdeho\Documents\workspace-spring-tool-suite-4-4.20.0.RELEASE\RokomariWebAutomateWithSelenium-main\RokomariWebAutomateWithSelenium-main\screenshots\WriterSelectionFail.png' src="C:\Users\mdeho\Documents\workspace-spring-tool-suite-4-4.20.0.RELEASE\RokomariWebAutomateWithSelenium-main\RokomariWebAutomateWithSelenium-main\screenshots\WriterSelectionFail.png">
    
    </div></div>
        </td>
      </tr>
  </tbody>
</table>
          </div>
        </div>
      </div>
      <div class="card">
        <div class="card-header">
          <div class="card-toolbar node-info">
            <ul class="list-inline d-none d-sm-block">
              <li><span class="badge fail-bg log ">Fail</span></li>
              <li><span class='badge badge-default'>00:00:216</span></li>
              <li><span><i class="fa fa-paperclip"></i></span></li>
            </ul>
          </div>
          <div class="card-title">
            <a class="node " id="19"><span><p style="color:DarkBlue; font-size:20px"><b>Click On Best Seller Option</b></p></span></a>
            <div class="node-attr">
<span class="badge badge-pill badge-default">QATEAM</span>
<span class="badge badge-pill badge-default">Windows</span>            </div>
          </div>
        </div>
        <div class="">
          <div class="card-body">
<table class="table table-sm">
  <thead><tr><th class="status-col">Status</th><th class="timestamp-col">Timestamp</th><th class="details-col">Details</th></tr></thead>
  <tbody>
      <tr class="event-row">
        <td><span class="badge log info-bg">Info</span></td>
        <td>6:45:46 p.m.</td>
        <td>
          Best Seller Filtering
        </td>
      </tr>
      <tr class="event-row">
        <td><span class="badge log fail-bg">Fail</span></td>
        <td>6:45:46 p.m.</td>
        <td>
          <p style="color:red; font-size:13px"><b>Best Seller not locatable.</b></p>
        </td>
      </tr>
      <tr class="event-row">
        <td><span class="badge log fail-bg">Fail</span></td>
        <td>6:45:46 p.m.</td>
        <td>
          <textarea readonly class="code-block">java.lang.InterruptedException: Exception
	at pages.WriterPage.BestSellerFilterClick(WriterPage.java:123)
	at tests.WriterTest.BestSellerFilterClick(WriterTest.java:46)
	at java.base/jdk.internal.reflect.NativeMethodAccessorImpl.invoke0(Native Method)
	at java.base/jdk.internal.reflect.NativeMethodAccessorImpl.invoke(NativeMethodAccessorImpl.java:62)
	at java.base/jdk.internal.reflect.DelegatingMethodAccessorImpl.invoke(DelegatingMethodAccessorImpl.java:43)
	at java.base/java.lang.reflect.Method.invoke(Method.java:566)
	at org.testng.internal.invokers.MethodInvocationHelper.invokeMethod(MethodInvocationHelper.java:139)
	at org.testng.internal.invokers.TestInvoker.invokeMethod(TestInvoker.java:664)
	at org.testng.internal.invokers.TestInvoker.invokeTestMethod(TestInvoker.java:228)
	at org.testng.internal.invokers.MethodRunner.runInSequence(MethodRunner.java:63)
	at org.testng.internal.invokers.TestInvoker$MethodInvocationAgent.invoke(TestInvoker.java:961)
	at org.testng.internal.invokers.TestInvoker.invokeTestMethods(TestInvoker.java:201)
	at org.testng.internal.invokers.TestMethodWorker.invokeTestMethods(TestMethodWorker.java:148)
	at org.testng.internal.invokers.TestMethodWorker.run(TestMethodWorker.java:128)
	at java.base/java.util.ArrayList.forEach(ArrayList.java:1541)
	at org.testng.TestRunner.privateRun(TestRunner.java:819)
	at org.testng.TestRunner.run(TestRunner.java:619)
	at org.testng.SuiteRunner.runTest(SuiteRunner.java:443)
	at org.testng.SuiteRunner.runSequentially(SuiteRunner.java:437)
	at org.testng.SuiteRunner.privateRun(SuiteRunner.java:397)
	at org.testng.SuiteRunner.run(SuiteRunner.java:336)
	at org.testng.SuiteRunnerWorker.runSuite(SuiteRunnerWorker.java:52)
	at org.testng.SuiteRunnerWorker.run(SuiteRunnerWorker.java:95)
	at org.testng.TestNG.runSuitesSequentially(TestNG.java:1301)
	at org.testng.TestNG.runSuitesLocally(TestNG.java:1228)
	at org.testng.TestNG.runSuites(TestNG.java:1134)
	at org.testng.TestNG.run(TestNG.java:1101)
	at org.testng.remote.AbstractRemoteTestNG.run(AbstractRemoteTestNG.java:115)
	at org.testng.remote.RemoteTestNG.initAndRun(RemoteTestNG.java:251)
	at org.testng.remote.RemoteTestNG.main(RemoteTestNG.java:77)
</textarea>
          
        </td>
      </tr>
      <tr class="event-row">
        <td><span class="badge log fail-bg">Fail</span></td>
        <td>6:45:46 p.m.</td>
        <td>
          
    <div class="row mb-3"><div class="col-md-3">
<img data-featherlight='C:\Users\mdeho\Documents\workspace-spring-tool-suite-4-4.20.0.RELEASE\RokomariWebAutomateWithSelenium-main\RokomariWebAutomateWithSelenium-main\screenshots\BestSellerCheckBoxClickFail.png' src="C:\Users\mdeho\Documents\workspace-spring-tool-suite-4-4.20.0.RELEASE\RokomariWebAutomateWithSelenium-main\RokomariWebAutomateWithSelenium-main\screenshots\BestSellerCheckBoxClickFail.png">
    
    </div></div>
        </td>
      </tr>
  </tbody>
</table>
          </div>
        </div>
      </div>
      <div class="card">
        <div class="card-header">
          <div class="card-toolbar node-info">
            <ul class="list-inline d-none d-sm-block">
              <li><span class="badge fail-bg log ">Fail</span></li>
              <li><span class='badge badge-default'>00:00:284</span></li>
              <li><span><i class="fa fa-paperclip"></i></span></li>
            </ul>
          </div>
          <div class="card-title">
            <a class="node " id="20"><span><p style="color:DarkBlue; font-size:20px"><b>Scroll Down To The Category Section</b></p></span></a>
            <div class="node-attr">
<span class="badge badge-pill badge-default">QATEAM</span>
<span class="badge badge-pill badge-default">Windows</span>            </div>
          </div>
        </div>
        <div class="">
          <div class="card-body">
<table class="table table-sm">
  <thead><tr><th class="status-col">Status</th><th class="timestamp-col">Timestamp</th><th class="details-col">Details</th></tr></thead>
  <tbody>
      <tr class="event-row">
        <td><span class="badge log info-bg">Info</span></td>
        <td>6:45:47 p.m.</td>
        <td>
          Scrolling
        </td>
      </tr>
      <tr class="event-row">
        <td><span class="badge log fail-bg">Fail</span></td>
        <td>6:45:47 p.m.</td>
        <td>
          <p style="color:red; font-size:13px"><b>Best Seller not locatable.</b></p>
        </td>
      </tr>
      <tr class="event-row">
        <td><span class="badge log fail-bg">Fail</span></td>
        <td>6:45:47 p.m.</td>
        <td>
          <textarea readonly class="code-block">java.lang.InterruptedException: Exception
	at pages.WriterPage.ScrollDownToCategorySection(WriterPage.java:152)
	at tests.WriterTest.ScrollDown(WriterTest.java:53)
	at java.base/jdk.internal.reflect.NativeMethodAccessorImpl.invoke0(Native Method)
	at java.base/jdk.internal.reflect.NativeMethodAccessorImpl.invoke(NativeMethodAccessorImpl.java:62)
	at java.base/jdk.internal.reflect.DelegatingMethodAccessorImpl.invoke(DelegatingMethodAccessorImpl.java:43)
	at java.base/java.lang.reflect.Method.invoke(Method.java:566)
	at org.testng.internal.invokers.MethodInvocationHelper.invokeMethod(MethodInvocationHelper.java:139)
	at org.testng.internal.invokers.TestInvoker.invokeMethod(TestInvoker.java:664)
	at org.testng.internal.invokers.TestInvoker.invokeTestMethod(TestInvoker.java:228)
	at org.testng.internal.invokers.MethodRunner.runInSequence(MethodRunner.java:63)
	at org.testng.internal.invokers.TestInvoker$MethodInvocationAgent.invoke(TestInvoker.java:961)
	at org.testng.internal.invokers.TestInvoker.invokeTestMethods(TestInvoker.java:201)
	at org.testng.internal.invokers.TestMethodWorker.invokeTestMethods(TestMethodWorker.java:148)
	at org.testng.internal.invokers.TestMethodWorker.run(TestMethodWorker.java:128)
	at java.base/java.util.ArrayList.forEach(ArrayList.java:1541)
	at org.testng.TestRunner.privateRun(TestRunner.java:819)
	at org.testng.TestRunner.run(TestRunner.java:619)
	at org.testng.SuiteRunner.runTest(SuiteRunner.java:443)
	at org.testng.SuiteRunner.runSequentially(SuiteRunner.java:437)
	at org.testng.SuiteRunner.privateRun(SuiteRunner.java:397)
	at org.testng.SuiteRunner.run(SuiteRunner.java:336)
	at org.testng.SuiteRunnerWorker.runSuite(SuiteRunnerWorker.java:52)
	at org.testng.SuiteRunnerWorker.run(SuiteRunnerWorker.java:95)
	at org.testng.TestNG.runSuitesSequentially(TestNG.java:1301)
	at org.testng.TestNG.runSuitesLocally(TestNG.java:1228)
	at org.testng.TestNG.runSuites(TestNG.java:1134)
	at org.testng.TestNG.run(TestNG.java:1101)
	at org.testng.remote.AbstractRemoteTestNG.run(AbstractRemoteTestNG.java:115)
	at org.testng.remote.RemoteTestNG.initAndRun(RemoteTestNG.java:251)
	at org.testng.remote.RemoteTestNG.main(RemoteTestNG.java:77)
</textarea>
          
        </td>
      </tr>
      <tr class="event-row">
        <td><span class="badge log fail-bg">Fail</span></td>
        <td>6:45:47 p.m.</td>
        <td>
          
    <div class="row mb-3"><div class="col-md-3">
<img data-featherlight='C:\Users\mdeho\Documents\workspace-spring-tool-suite-4-4.20.0.RELEASE\RokomariWebAutomateWithSelenium-main\RokomariWebAutomateWithSelenium-main\screenshots\ScrollingFail.png' src="C:\Users\mdeho\Documents\workspace-spring-tool-suite-4-4.20.0.RELEASE\RokomariWebAutomateWithSelenium-main\RokomariWebAutomateWithSelenium-main\screenshots\ScrollingFail.png">
    
    </div></div>
        </td>
      </tr>
  </tbody>
</table>
          </div>
        </div>
      </div>
      <div class="card">
        <div class="card-header">
          <div class="card-toolbar node-info">
            <ul class="list-inline d-none d-sm-block">
              <li><span class="badge fail-bg log ">Fail</span></li>
              <li><span class='badge badge-default'>00:00:239</span></li>
              <li><span><i class="fa fa-paperclip"></i></span></li>
            </ul>
          </div>
          <div class="card-title">
            <a class="node " id="21"><span><p style="color:DarkBlue; font-size:20px"><b>Click the first category</b></p></span></a>
            <div class="node-attr">
<span class="badge badge-pill badge-default">QATEAM</span>
<span class="badge badge-pill badge-default">Windows</span>            </div>
          </div>
        </div>
        <div class="">
          <div class="card-body">
<table class="table table-sm">
  <thead><tr><th class="status-col">Status</th><th class="timestamp-col">Timestamp</th><th class="details-col">Details</th></tr></thead>
  <tbody>
      <tr class="event-row">
        <td><span class="badge log info-bg">Info</span></td>
        <td>6:45:47 p.m.</td>
        <td>
          Click On First Category Filtering CheckBox
        </td>
      </tr>
      <tr class="event-row">
        <td><span class="badge log fail-bg">Fail</span></td>
        <td>6:45:47 p.m.</td>
        <td>
          <p style="color:red; font-size:13px"><b>First Category CheckBox Not Locatable</b></p>
        </td>
      </tr>
      <tr class="event-row">
        <td><span class="badge log fail-bg">Fail</span></td>
        <td>6:45:47 p.m.</td>
        <td>
          <textarea readonly class="code-block">java.lang.InterruptedException: Exception
	at pages.WriterPage.FirstCategoryCheckBoxClick(WriterPage.java:180)
	at tests.WriterTest.ClickFirstCategory(WriterTest.java:60)
	at java.base/jdk.internal.reflect.NativeMethodAccessorImpl.invoke0(Native Method)
	at java.base/jdk.internal.reflect.NativeMethodAccessorImpl.invoke(NativeMethodAccessorImpl.java:62)
	at java.base/jdk.internal.reflect.DelegatingMethodAccessorImpl.invoke(DelegatingMethodAccessorImpl.java:43)
	at java.base/java.lang.reflect.Method.invoke(Method.java:566)
	at org.testng.internal.invokers.MethodInvocationHelper.invokeMethod(MethodInvocationHelper.java:139)
	at org.testng.internal.invokers.TestInvoker.invokeMethod(TestInvoker.java:664)
	at org.testng.internal.invokers.TestInvoker.invokeTestMethod(TestInvoker.java:228)
	at org.testng.internal.invokers.MethodRunner.runInSequence(MethodRunner.java:63)
	at org.testng.internal.invokers.TestInvoker$MethodInvocationAgent.invoke(TestInvoker.java:961)
	at org.testng.internal.invokers.TestInvoker.invokeTestMethods(TestInvoker.java:201)
	at org.testng.internal.invokers.TestMethodWorker.invokeTestMethods(TestMethodWorker.java:148)
	at org.testng.internal.invokers.TestMethodWorker.run(TestMethodWorker.java:128)
	at java.base/java.util.ArrayList.forEach(ArrayList.java:1541)
	at org.testng.TestRunner.privateRun(TestRunner.java:819)
	at org.testng.TestRunner.run(TestRunner.java:619)
	at org.testng.SuiteRunner.runTest(SuiteRunner.java:443)
	at org.testng.SuiteRunner.runSequentially(SuiteRunner.java:437)
	at org.testng.SuiteRunner.privateRun(SuiteRunner.java:397)
	at org.testng.SuiteRunner.run(SuiteRunner.java:336)
	at org.testng.SuiteRunnerWorker.runSuite(SuiteRunnerWorker.java:52)
	at org.testng.SuiteRunnerWorker.run(SuiteRunnerWorker.java:95)
	at org.testng.TestNG.runSuitesSequentially(TestNG.java:1301)
	at org.testng.TestNG.runSuitesLocally(TestNG.java:1228)
	at org.testng.TestNG.runSuites(TestNG.java:1134)
	at org.testng.TestNG.run(TestNG.java:1101)
	at org.testng.remote.AbstractRemoteTestNG.run(AbstractRemoteTestNG.java:115)
	at org.testng.remote.RemoteTestNG.initAndRun(RemoteTestNG.java:251)
	at org.testng.remote.RemoteTestNG.main(RemoteTestNG.java:77)
</textarea>
          
        </td>
      </tr>
      <tr class="event-row">
        <td><span class="badge log fail-bg">Fail</span></td>
        <td>6:45:47 p.m.</td>
        <td>
          
    <div class="row mb-3"><div class="col-md-3">
<img data-featherlight='C:\Users\mdeho\Documents\workspace-spring-tool-suite-4-4.20.0.RELEASE\RokomariWebAutomateWithSelenium-main\RokomariWebAutomateWithSelenium-main\screenshots\FirstCategoryCheckBoxClickFail.png' src="C:\Users\mdeho\Documents\workspace-spring-tool-suite-4-4.20.0.RELEASE\RokomariWebAutomateWithSelenium-main\RokomariWebAutomateWithSelenium-main\screenshots\FirstCategoryCheckBoxClickFail.png">
    
    </div></div>
        </td>
      </tr>
  </tbody>
</table>
          </div>
        </div>
      </div>
      <div class="card">
        <div class="card-header">
          <div class="card-toolbar node-info">
            <ul class="list-inline d-none d-sm-block">
              <li><span class="badge fail-bg log ">Fail</span></li>
              <li><span class='badge badge-default'>00:00:228</span></li>
              <li><span><i class="fa fa-paperclip"></i></span></li>
            </ul>
          </div>
          <div class="card-title">
            <a class="node " id="22"><span><p style="color:DarkBlue; font-size:20px"><b>Scroll Down To The Category Section</b></p></span></a>
            <div class="node-attr">
<span class="badge badge-pill badge-default">QATEAM</span>
<span class="badge badge-pill badge-default">Windows</span>            </div>
          </div>
        </div>
        <div class="">
          <div class="card-body">
<table class="table table-sm">
  <thead><tr><th class="status-col">Status</th><th class="timestamp-col">Timestamp</th><th class="details-col">Details</th></tr></thead>
  <tbody>
      <tr class="event-row">
        <td><span class="badge log info-bg">Info</span></td>
        <td>6:45:47 p.m.</td>
        <td>
          Scrolling
        </td>
      </tr>
      <tr class="event-row">
        <td><span class="badge log fail-bg">Fail</span></td>
        <td>6:45:47 p.m.</td>
        <td>
          <p style="color:red; font-size:13px"><b>Best Seller not locatable.</b></p>
        </td>
      </tr>
      <tr class="event-row">
        <td><span class="badge log fail-bg">Fail</span></td>
        <td>6:45:47 p.m.</td>
        <td>
          <textarea readonly class="code-block">java.lang.InterruptedException: Exception
	at pages.WriterPage.ScrollDownToCategorySection(WriterPage.java:152)
	at tests.WriterTest.AgainScrollDown(WriterTest.java:67)
	at java.base/jdk.internal.reflect.NativeMethodAccessorImpl.invoke0(Native Method)
	at java.base/jdk.internal.reflect.NativeMethodAccessorImpl.invoke(NativeMethodAccessorImpl.java:62)
	at java.base/jdk.internal.reflect.DelegatingMethodAccessorImpl.invoke(DelegatingMethodAccessorImpl.java:43)
	at java.base/java.lang.reflect.Method.invoke(Method.java:566)
	at org.testng.internal.invokers.MethodInvocationHelper.invokeMethod(MethodInvocationHelper.java:139)
	at org.testng.internal.invokers.TestInvoker.invokeMethod(TestInvoker.java:664)
	at org.testng.internal.invokers.TestInvoker.invokeTestMethod(TestInvoker.java:228)
	at org.testng.internal.invokers.MethodRunner.runInSequence(MethodRunner.java:63)
	at org.testng.internal.invokers.TestInvoker$MethodInvocationAgent.invoke(TestInvoker.java:961)
	at org.testng.internal.invokers.TestInvoker.invokeTestMethods(TestInvoker.java:201)
	at org.testng.internal.invokers.TestMethodWorker.invokeTestMethods(TestMethodWorker.java:148)
	at org.testng.internal.invokers.TestMethodWorker.run(TestMethodWorker.java:128)
	at java.base/java.util.ArrayList.forEach(ArrayList.java:1541)
	at org.testng.TestRunner.privateRun(TestRunner.java:819)
	at org.testng.TestRunner.run(TestRunner.java:619)
	at org.testng.SuiteRunner.runTest(SuiteRunner.java:443)
	at org.testng.SuiteRunner.runSequentially(SuiteRunner.java:437)
	at org.testng.SuiteRunner.privateRun(SuiteRunner.java:397)
	at org.testng.SuiteRunner.run(SuiteRunner.java:336)
	at org.testng.SuiteRunnerWorker.runSuite(SuiteRunnerWorker.java:52)
	at org.testng.SuiteRunnerWorker.run(SuiteRunnerWorker.java:95)
	at org.testng.TestNG.runSuitesSequentially(TestNG.java:1301)
	at org.testng.TestNG.runSuitesLocally(TestNG.java:1228)
	at org.testng.TestNG.runSuites(TestNG.java:1134)
	at org.testng.TestNG.run(TestNG.java:1101)
	at org.testng.remote.AbstractRemoteTestNG.run(AbstractRemoteTestNG.java:115)
	at org.testng.remote.RemoteTestNG.initAndRun(RemoteTestNG.java:251)
	at org.testng.remote.RemoteTestNG.main(RemoteTestNG.java:77)
</textarea>
          
        </td>
      </tr>
      <tr class="event-row">
        <td><span class="badge log fail-bg">Fail</span></td>
        <td>6:45:47 p.m.</td>
        <td>
          
    <div class="row mb-3"><div class="col-md-3">
<img data-featherlight='C:\Users\mdeho\Documents\workspace-spring-tool-suite-4-4.20.0.RELEASE\RokomariWebAutomateWithSelenium-main\RokomariWebAutomateWithSelenium-main\screenshots\ScrollingFail.png' src="C:\Users\mdeho\Documents\workspace-spring-tool-suite-4-4.20.0.RELEASE\RokomariWebAutomateWithSelenium-main\RokomariWebAutomateWithSelenium-main\screenshots\ScrollingFail.png">
    
    </div></div>
        </td>
      </tr>
  </tbody>
</table>
          </div>
        </div>
      </div>
      <div class="card">
        <div class="card-header">
          <div class="card-toolbar node-info">
            <ul class="list-inline d-none d-sm-block">
              <li><span class="badge fail-bg log ">Fail</span></li>
              <li><span class='badge badge-default'>00:00:242</span></li>
              <li><span><i class="fa fa-paperclip"></i></span></li>
            </ul>
          </div>
          <div class="card-title">
            <a class="node " id="23"><span><p style="color:DarkBlue; font-size:20px"><b>Click the Second category</b></p></span></a>
            <div class="node-attr">
<span class="badge badge-pill badge-default">QATEAM</span>
<span class="badge badge-pill badge-default">Windows</span>            </div>
          </div>
        </div>
        <div class="">
          <div class="card-body">
<table class="table table-sm">
  <thead><tr><th class="status-col">Status</th><th class="timestamp-col">Timestamp</th><th class="details-col">Details</th></tr></thead>
  <tbody>
      <tr class="event-row">
        <td><span class="badge log info-bg">Info</span></td>
        <td>6:45:47 p.m.</td>
        <td>
          Scrolling
        </td>
      </tr>
      <tr class="event-row">
        <td><span class="badge log fail-bg">Fail</span></td>
        <td>6:45:47 p.m.</td>
        <td>
          <p style="color:red; font-size:13px"><b>Second Category CheckBox Not Locatable</b></p>
        </td>
      </tr>
      <tr class="event-row">
        <td><span class="badge log fail-bg">Fail</span></td>
        <td>6:45:47 p.m.</td>
        <td>
          <textarea readonly class="code-block">java.lang.InterruptedException: Exception
	at pages.WriterPage.SecondCategoryCheckBoxClick(WriterPage.java:207)
	at tests.WriterTest.ClickSecondCategory(WriterTest.java:74)
	at java.base/jdk.internal.reflect.NativeMethodAccessorImpl.invoke0(Native Method)
	at java.base/jdk.internal.reflect.NativeMethodAccessorImpl.invoke(NativeMethodAccessorImpl.java:62)
	at java.base/jdk.internal.reflect.DelegatingMethodAccessorImpl.invoke(DelegatingMethodAccessorImpl.java:43)
	at java.base/java.lang.reflect.Method.invoke(Method.java:566)
	at org.testng.internal.invokers.MethodInvocationHelper.invokeMethod(MethodInvocationHelper.java:139)
	at org.testng.internal.invokers.TestInvoker.invokeMethod(TestInvoker.java:664)
	at org.testng.internal.invokers.TestInvoker.invokeTestMethod(TestInvoker.java:228)
	at org.testng.internal.invokers.MethodRunner.runInSequence(MethodRunner.java:63)
	at org.testng.internal.invokers.TestInvoker$MethodInvocationAgent.invoke(TestInvoker.java:961)
	at org.testng.internal.invokers.TestInvoker.invokeTestMethods(TestInvoker.java:201)
	at org.testng.internal.invokers.TestMethodWorker.invokeTestMethods(TestMethodWorker.java:148)
	at org.testng.internal.invokers.TestMethodWorker.run(TestMethodWorker.java:128)
	at java.base/java.util.ArrayList.forEach(ArrayList.java:1541)
	at org.testng.TestRunner.privateRun(TestRunner.java:819)
	at org.testng.TestRunner.run(TestRunner.java:619)
	at org.testng.SuiteRunner.runTest(SuiteRunner.java:443)
	at org.testng.SuiteRunner.runSequentially(SuiteRunner.java:437)
	at org.testng.SuiteRunner.privateRun(SuiteRunner.java:397)
	at org.testng.SuiteRunner.run(SuiteRunner.java:336)
	at org.testng.SuiteRunnerWorker.runSuite(SuiteRunnerWorker.java:52)
	at org.testng.SuiteRunnerWorker.run(SuiteRunnerWorker.java:95)
	at org.testng.TestNG.runSuitesSequentially(TestNG.java:1301)
	at org.testng.TestNG.runSuitesLocally(TestNG.java:1228)
	at org.testng.TestNG.runSuites(TestNG.java:1134)
	at org.testng.TestNG.run(TestNG.java:1101)
	at org.testng.remote.AbstractRemoteTestNG.run(AbstractRemoteTestNG.java:115)
	at org.testng.remote.RemoteTestNG.initAndRun(RemoteTestNG.java:251)
	at org.testng.remote.RemoteTestNG.main(RemoteTestNG.java:77)
</textarea>
          
        </td>
      </tr>
      <tr class="event-row">
        <td><span class="badge log fail-bg">Fail</span></td>
        <td>6:45:48 p.m.</td>
        <td>
          
    <div class="row mb-3"><div class="col-md-3">
<img data-featherlight='C:\Users\mdeho\Documents\workspace-spring-tool-suite-4-4.20.0.RELEASE\RokomariWebAutomateWithSelenium-main\RokomariWebAutomateWithSelenium-main\screenshots\SecondCategoryCheckBoxClickFail.png' src="C:\Users\mdeho\Documents\workspace-spring-tool-suite-4-4.20.0.RELEASE\RokomariWebAutomateWithSelenium-main\RokomariWebAutomateWithSelenium-main\screenshots\SecondCategoryCheckBoxClickFail.png">
    
    </div></div>
        </td>
      </tr>
  </tbody>
</table>
          </div>
        </div>
      </div>
      <div class="card">
        <div class="card-header">
          <div class="card-toolbar node-info">
            <ul class="list-inline d-none d-sm-block">
              <li><span class="badge fail-bg log ">Fail</span></li>
              <li><span class='badge badge-default'>00:00:203</span></li>
              <li><span><i class="fa fa-paperclip"></i></span></li>
            </ul>
          </div>
          <div class="card-title">
            <a class="node " id="24"><span><p style="color:DarkBlue; font-size:20px"><b>Select book list section</b></p></span></a>
            <div class="node-attr">
<span class="badge badge-pill badge-default">QATEAM</span>
<span class="badge badge-pill badge-default">Windows</span>            </div>
          </div>
        </div>
        <div class="">
          <div class="card-body">
<table class="table table-sm">
  <thead><tr><th class="status-col">Status</th><th class="timestamp-col">Timestamp</th><th class="details-col">Details</th></tr></thead>
  <tbody>
      <tr class="event-row">
        <td><span class="badge log info-bg">Info</span></td>
        <td>6:45:48 p.m.</td>
        <td>
          To BookList Div Scrolling
        </td>
      </tr>
      <tr class="event-row">
        <td><span class="badge log fail-bg">Fail</span></td>
        <td>6:45:48 p.m.</td>
        <td>
          <p style="color:red; font-size:13px"><b>BookList Div not locatable</b></p>
        </td>
      </tr>
      <tr class="event-row">
        <td><span class="badge log fail-bg">Fail</span></td>
        <td>6:45:48 p.m.</td>
        <td>
          <textarea readonly class="code-block">java.lang.InterruptedException: Exception
	at pages.WriterPage.SelectBookDivScroll(WriterPage.java:232)
	at tests.WriterTest.SelectBookDivScroll(WriterTest.java:80)
	at java.base/jdk.internal.reflect.NativeMethodAccessorImpl.invoke0(Native Method)
	at java.base/jdk.internal.reflect.NativeMethodAccessorImpl.invoke(NativeMethodAccessorImpl.java:62)
	at java.base/jdk.internal.reflect.DelegatingMethodAccessorImpl.invoke(DelegatingMethodAccessorImpl.java:43)
	at java.base/java.lang.reflect.Method.invoke(Method.java:566)
	at org.testng.internal.invokers.MethodInvocationHelper.invokeMethod(MethodInvocationHelper.java:139)
	at org.testng.internal.invokers.TestInvoker.invokeMethod(TestInvoker.java:664)
	at org.testng.internal.invokers.TestInvoker.invokeTestMethod(TestInvoker.java:228)
	at org.testng.internal.invokers.MethodRunner.runInSequence(MethodRunner.java:63)
	at org.testng.internal.invokers.TestInvoker$MethodInvocationAgent.invoke(TestInvoker.java:961)
	at org.testng.internal.invokers.TestInvoker.invokeTestMethods(TestInvoker.java:201)
	at org.testng.internal.invokers.TestMethodWorker.invokeTestMethods(TestMethodWorker.java:148)
	at org.testng.internal.invokers.TestMethodWorker.run(TestMethodWorker.java:128)
	at java.base/java.util.ArrayList.forEach(ArrayList.java:1541)
	at org.testng.TestRunner.privateRun(TestRunner.java:819)
	at org.testng.TestRunner.run(TestRunner.java:619)
	at org.testng.SuiteRunner.runTest(SuiteRunner.java:443)
	at org.testng.SuiteRunner.runSequentially(SuiteRunner.java:437)
	at org.testng.SuiteRunner.privateRun(SuiteRunner.java:397)
	at org.testng.SuiteRunner.run(SuiteRunner.java:336)
	at org.testng.SuiteRunnerWorker.runSuite(SuiteRunnerWorker.java:52)
	at org.testng.SuiteRunnerWorker.run(SuiteRunnerWorker.java:95)
	at org.testng.TestNG.runSuitesSequentially(TestNG.java:1301)
	at org.testng.TestNG.runSuitesLocally(TestNG.java:1228)
	at org.testng.TestNG.runSuites(TestNG.java:1134)
	at org.testng.TestNG.run(TestNG.java:1101)
	at org.testng.remote.AbstractRemoteTestNG.run(AbstractRemoteTestNG.java:115)
	at org.testng.remote.RemoteTestNG.initAndRun(RemoteTestNG.java:251)
	at org.testng.remote.RemoteTestNG.main(RemoteTestNG.java:77)
</textarea>
          
        </td>
      </tr>
      <tr class="event-row">
        <td><span class="badge log fail-bg">Fail</span></td>
        <td>6:45:48 p.m.</td>
        <td>
          
    <div class="row mb-3"><div class="col-md-3">
<img data-featherlight='C:\Users\mdeho\Documents\workspace-spring-tool-suite-4-4.20.0.RELEASE\RokomariWebAutomateWithSelenium-main\RokomariWebAutomateWithSelenium-main\screenshots\BookListDivScrollingFail.png' src="C:\Users\mdeho\Documents\workspace-spring-tool-suite-4-4.20.0.RELEASE\RokomariWebAutomateWithSelenium-main\RokomariWebAutomateWithSelenium-main\screenshots\BookListDivScrollingFail.png">
    
    </div></div>
        </td>
      </tr>
  </tbody>
</table>
          </div>
        </div>
      </div>
  </div>
</div>
          </div>
        </li>
        <li class="test-item"  status="fail" test-id="25"
          author="QATEAM"
          tag=""
          device="Windows">
          <div class="test-detail">
            <p class="name"><p style="color:DarkBlue; font-size:20px"><b>Google LogIn</b></p></p>
            <p class="text-sm">
              <span>6:45:48 p.m.</span> / <span>00:00:01:179</span>
              <span class="badge fail-bg log float-right">Fail</span>
            </p>
          </div>
          <div class="test-contents d-none">
<div class="detail-head">
<div class="p-v-10">
<div class="info">
<h5 class="test-status text-fail"><p style="color:DarkBlue; font-size:20px"><b>Google LogIn</b></p></h5>
<span class='badge badge-success'>02.03.2024 6:45:48 p.m.</span>
<span class='badge badge-danger'>02.03.2024 6:45:49 p.m.</span>
<span class='badge badge-default'>00:00:01:179</span>
&middot; <span class='uri-anchor badge badge-default'>#test-id=25</span>
<span class='badge badge-default pointer float-right ml-1 et'><i class="fa fa-chevron-down"></i></span>
<span class='badge badge-default pointer float-right ct'><i class="fa fa-chevron-up"></i></span>
</div>
<div class="m-t-15"><span class="badge badge-pill badge-default">QATEAM</span>
<span class="badge badge-pill badge-default">Windows</span></div>
</div>
</div>  <div class="mt-4">  <div class="accordion" role="tablist">
      <div class="card">
        <div class="card-header">
          <div class="card-toolbar node-info">
            <ul class="list-inline d-none d-sm-block">
              <li><span class="badge fail-bg log ">Fail</span></li>
              <li><span class='badge badge-default'>00:00:230</span></li>
              <li><span><i class="fa fa-paperclip"></i></span></li>
            </ul>
          </div>
          <div class="card-title">
            <a class="node " id="26"><span><p style="color:DarkBlue; font-size:20px"><b>Provide Email Address</b></p></span></a>
            <div class="node-attr">
<span class="badge badge-pill badge-default">QATEAM</span>
<span class="badge badge-pill badge-default">Windows</span>            </div>
          </div>
        </div>
        <div class="">
          <div class="card-body">
<table class="table table-sm">
  <thead><tr><th class="status-col">Status</th><th class="timestamp-col">Timestamp</th><th class="details-col">Details</th></tr></thead>
  <tbody>
      <tr class="event-row">
        <td><span class="badge log info-bg">Info</span></td>
        <td>6:45:48 p.m.</td>
        <td>
          Provide Your Email Address
        </td>
      </tr>
      <tr class="event-row">
        <td><span class="badge log fail-bg">Fail</span></td>
        <td>6:45:48 p.m.</td>
        <td>
          <p style="color:red; font-size:13px"><b>Email Address not locatable.</b></p>
        </td>
      </tr>
      <tr class="event-row">
        <td><span class="badge log fail-bg">Fail</span></td>
        <td>6:45:48 p.m.</td>
        <td>
          <textarea readonly class="code-block">java.lang.InterruptedException: Exception
	at pages.GooglePage.TypeEmailAddress(GooglePage.java:52)
	at tests.GooglePageTest.EmailAddress(GooglePageTest.java:34)
	at java.base/jdk.internal.reflect.NativeMethodAccessorImpl.invoke0(Native Method)
	at java.base/jdk.internal.reflect.NativeMethodAccessorImpl.invoke(NativeMethodAccessorImpl.java:62)
	at java.base/jdk.internal.reflect.DelegatingMethodAccessorImpl.invoke(DelegatingMethodAccessorImpl.java:43)
	at java.base/java.lang.reflect.Method.invoke(Method.java:566)
	at org.testng.internal.invokers.MethodInvocationHelper.invokeMethod(MethodInvocationHelper.java:139)
	at org.testng.internal.invokers.TestInvoker.invokeMethod(TestInvoker.java:664)
	at org.testng.internal.invokers.TestInvoker.invokeTestMethod(TestInvoker.java:228)
	at org.testng.internal.invokers.MethodRunner.runInSequence(MethodRunner.java:63)
	at org.testng.internal.invokers.TestInvoker$MethodInvocationAgent.invoke(TestInvoker.java:961)
	at org.testng.internal.invokers.TestInvoker.invokeTestMethods(TestInvoker.java:201)
	at org.testng.internal.invokers.TestMethodWorker.invokeTestMethods(TestMethodWorker.java:148)
	at org.testng.internal.invokers.TestMethodWorker.run(TestMethodWorker.java:128)
	at java.base/java.util.ArrayList.forEach(ArrayList.java:1541)
	at org.testng.TestRunner.privateRun(TestRunner.java:819)
	at org.testng.TestRunner.run(TestRunner.java:619)
	at org.testng.SuiteRunner.runTest(SuiteRunner.java:443)
	at org.testng.SuiteRunner.runSequentially(SuiteRunner.java:437)
	at org.testng.SuiteRunner.privateRun(SuiteRunner.java:397)
	at org.testng.SuiteRunner.run(SuiteRunner.java:336)
	at org.testng.SuiteRunnerWorker.runSuite(SuiteRunnerWorker.java:52)
	at org.testng.SuiteRunnerWorker.run(SuiteRunnerWorker.java:95)
	at org.testng.TestNG.runSuitesSequentially(TestNG.java:1301)
	at org.testng.TestNG.runSuitesLocally(TestNG.java:1228)
	at org.testng.TestNG.runSuites(TestNG.java:1134)
	at org.testng.TestNG.run(TestNG.java:1101)
	at org.testng.remote.AbstractRemoteTestNG.run(AbstractRemoteTestNG.java:115)
	at org.testng.remote.RemoteTestNG.initAndRun(RemoteTestNG.java:251)
	at org.testng.remote.RemoteTestNG.main(RemoteTestNG.java:77)
</textarea>
          
        </td>
      </tr>
      <tr class="event-row">
        <td><span class="badge log fail-bg">Fail</span></td>
        <td>6:45:48 p.m.</td>
        <td>
          
    <div class="row mb-3"><div class="col-md-3">
<img data-featherlight='C:\Users\mdeho\Documents\workspace-spring-tool-suite-4-4.20.0.RELEASE\RokomariWebAutomateWithSelenium-main\RokomariWebAutomateWithSelenium-main\screenshots\UserEmailFail.png' src="C:\Users\mdeho\Documents\workspace-spring-tool-suite-4-4.20.0.RELEASE\RokomariWebAutomateWithSelenium-main\RokomariWebAutomateWithSelenium-main\screenshots\UserEmailFail.png">
    
    </div></div>
        </td>
      </tr>
  </tbody>
</table>
          </div>
        </div>
      </div>
      <div class="card">
        <div class="card-header">
          <div class="card-toolbar node-info">
            <ul class="list-inline d-none d-sm-block">
              <li><span class="badge fail-bg log ">Fail</span></li>
              <li><span class='badge badge-default'>00:00:257</span></li>
              <li><span><i class="fa fa-paperclip"></i></span></li>
            </ul>
          </div>
          <div class="card-title">
            <a class="node " id="27"><span><p style="color:DarkBlue; font-size:20px"><b>Click On Next Button</b></p></span></a>
            <div class="node-attr">
<span class="badge badge-pill badge-default">QATEAM</span>
<span class="badge badge-pill badge-default">Windows</span>            </div>
          </div>
        </div>
        <div class="">
          <div class="card-body">
<table class="table table-sm">
  <thead><tr><th class="status-col">Status</th><th class="timestamp-col">Timestamp</th><th class="details-col">Details</th></tr></thead>
  <tbody>
      <tr class="event-row">
        <td><span class="badge log info-bg">Info</span></td>
        <td>6:45:48 p.m.</td>
        <td>
          Click On Next Button
        </td>
      </tr>
      <tr class="event-row">
        <td><span class="badge log fail-bg">Fail</span></td>
        <td>6:45:48 p.m.</td>
        <td>
          <p style="color:red; font-size:13px"><b>UserName Next Button not locatable.</b></p>
        </td>
      </tr>
      <tr class="event-row">
        <td><span class="badge log fail-bg">Fail</span></td>
        <td>6:45:48 p.m.</td>
        <td>
          <textarea readonly class="code-block">java.lang.InterruptedException: Exception
	at pages.GooglePage.ClickOnEmailNextButton(GooglePage.java:80)
	at tests.GooglePageTest.ClickOnNextButton(GooglePageTest.java:42)
	at java.base/jdk.internal.reflect.NativeMethodAccessorImpl.invoke0(Native Method)
	at java.base/jdk.internal.reflect.NativeMethodAccessorImpl.invoke(NativeMethodAccessorImpl.java:62)
	at java.base/jdk.internal.reflect.DelegatingMethodAccessorImpl.invoke(DelegatingMethodAccessorImpl.java:43)
	at java.base/java.lang.reflect.Method.invoke(Method.java:566)
	at org.testng.internal.invokers.MethodInvocationHelper.invokeMethod(MethodInvocationHelper.java:139)
	at org.testng.internal.invokers.TestInvoker.invokeMethod(TestInvoker.java:664)
	at org.testng.internal.invokers.TestInvoker.invokeTestMethod(TestInvoker.java:228)
	at org.testng.internal.invokers.MethodRunner.runInSequence(MethodRunner.java:63)
	at org.testng.internal.invokers.TestInvoker$MethodInvocationAgent.invoke(TestInvoker.java:961)
	at org.testng.internal.invokers.TestInvoker.invokeTestMethods(TestInvoker.java:201)
	at org.testng.internal.invokers.TestMethodWorker.invokeTestMethods(TestMethodWorker.java:148)
	at org.testng.internal.invokers.TestMethodWorker.run(TestMethodWorker.java:128)
	at java.base/java.util.ArrayList.forEach(ArrayList.java:1541)
	at org.testng.TestRunner.privateRun(TestRunner.java:819)
	at org.testng.TestRunner.run(TestRunner.java:619)
	at org.testng.SuiteRunner.runTest(SuiteRunner.java:443)
	at org.testng.SuiteRunner.runSequentially(SuiteRunner.java:437)
	at org.testng.SuiteRunner.privateRun(SuiteRunner.java:397)
	at org.testng.SuiteRunner.run(SuiteRunner.java:336)
	at org.testng.SuiteRunnerWorker.runSuite(SuiteRunnerWorker.java:52)
	at org.testng.SuiteRunnerWorker.run(SuiteRunnerWorker.java:95)
	at org.testng.TestNG.runSuitesSequentially(TestNG.java:1301)
	at org.testng.TestNG.runSuitesLocally(TestNG.java:1228)
	at org.testng.TestNG.runSuites(TestNG.java:1134)
	at org.testng.TestNG.run(TestNG.java:1101)
	at org.testng.remote.AbstractRemoteTestNG.run(AbstractRemoteTestNG.java:115)
	at org.testng.remote.RemoteTestNG.initAndRun(RemoteTestNG.java:251)
	at org.testng.remote.RemoteTestNG.main(RemoteTestNG.java:77)
</textarea>
          
        </td>
      </tr>
      <tr class="event-row">
        <td><span class="badge log fail-bg">Fail</span></td>
        <td>6:45:49 p.m.</td>
        <td>
          
    <div class="row mb-3"><div class="col-md-3">
<img data-featherlight='C:\Users\mdeho\Documents\workspace-spring-tool-suite-4-4.20.0.RELEASE\RokomariWebAutomateWithSelenium-main\RokomariWebAutomateWithSelenium-main\screenshots\ClickOnNextButtonFail.png' src="C:\Users\mdeho\Documents\workspace-spring-tool-suite-4-4.20.0.RELEASE\RokomariWebAutomateWithSelenium-main\RokomariWebAutomateWithSelenium-main\screenshots\ClickOnNextButtonFail.png">
    
    </div></div>
        </td>
      </tr>
  </tbody>
</table>
          </div>
        </div>
      </div>
      <div class="card">
        <div class="card-header">
          <div class="card-toolbar node-info">
            <ul class="list-inline d-none d-sm-block">
              <li><span class="badge fail-bg log ">Fail</span></li>
              <li><span class='badge badge-default'>00:00:299</span></li>
              <li><span><i class="fa fa-paperclip"></i></span></li>
            </ul>
          </div>
          <div class="card-title">
            <a class="node " id="28"><span><p style="color:DarkBlue; font-size:20px"><b>Provide Password</b></p></span></a>
            <div class="node-attr">
<span class="badge badge-pill badge-default">QATEAM</span>
<span class="badge badge-pill badge-default">Windows</span>            </div>
          </div>
        </div>
        <div class="">
          <div class="card-body">
<table class="table table-sm">
  <thead><tr><th class="status-col">Status</th><th class="timestamp-col">Timestamp</th><th class="details-col">Details</th></tr></thead>
  <tbody>
      <tr class="event-row">
        <td><span class="badge log info-bg">Info</span></td>
        <td>6:45:49 p.m.</td>
        <td>
          Provide Email Password
        </td>
      </tr>
      <tr class="event-row">
        <td><span class="badge log fail-bg">Fail</span></td>
        <td>6:45:49 p.m.</td>
        <td>
          <p style="color:red; font-size:13px"><b>Password not locatable.</b></p>
        </td>
      </tr>
      <tr class="event-row">
        <td><span class="badge log fail-bg">Fail</span></td>
        <td>6:45:49 p.m.</td>
        <td>
          <textarea readonly class="code-block">java.lang.InterruptedException: Exception
	at pages.GooglePage.EmailPassword(GooglePage.java:109)
	at tests.GooglePageTest.EmailPassword(GooglePageTest.java:50)
	at java.base/jdk.internal.reflect.NativeMethodAccessorImpl.invoke0(Native Method)
	at java.base/jdk.internal.reflect.NativeMethodAccessorImpl.invoke(NativeMethodAccessorImpl.java:62)
	at java.base/jdk.internal.reflect.DelegatingMethodAccessorImpl.invoke(DelegatingMethodAccessorImpl.java:43)
	at java.base/java.lang.reflect.Method.invoke(Method.java:566)
	at org.testng.internal.invokers.MethodInvocationHelper.invokeMethod(MethodInvocationHelper.java:139)
	at org.testng.internal.invokers.TestInvoker.invokeMethod(TestInvoker.java:664)
	at org.testng.internal.invokers.TestInvoker.invokeTestMethod(TestInvoker.java:228)
	at org.testng.internal.invokers.MethodRunner.runInSequence(MethodRunner.java:63)
	at org.testng.internal.invokers.TestInvoker$MethodInvocationAgent.invoke(TestInvoker.java:961)
	at org.testng.internal.invokers.TestInvoker.invokeTestMethods(TestInvoker.java:201)
	at org.testng.internal.invokers.TestMethodWorker.invokeTestMethods(TestMethodWorker.java:148)
	at org.testng.internal.invokers.TestMethodWorker.run(TestMethodWorker.java:128)
	at java.base/java.util.ArrayList.forEach(ArrayList.java:1541)
	at org.testng.TestRunner.privateRun(TestRunner.java:819)
	at org.testng.TestRunner.run(TestRunner.java:619)
	at org.testng.SuiteRunner.runTest(SuiteRunner.java:443)
	at org.testng.SuiteRunner.runSequentially(SuiteRunner.java:437)
	at org.testng.SuiteRunner.privateRun(SuiteRunner.java:397)
	at org.testng.SuiteRunner.run(SuiteRunner.java:336)
	at org.testng.SuiteRunnerWorker.runSuite(SuiteRunnerWorker.java:52)
	at org.testng.SuiteRunnerWorker.run(SuiteRunnerWorker.java:95)
	at org.testng.TestNG.runSuitesSequentially(TestNG.java:1301)
	at org.testng.TestNG.runSuitesLocally(TestNG.java:1228)
	at org.testng.TestNG.runSuites(TestNG.java:1134)
	at org.testng.TestNG.run(TestNG.java:1101)
	at org.testng.remote.AbstractRemoteTestNG.run(AbstractRemoteTestNG.java:115)
	at org.testng.remote.RemoteTestNG.initAndRun(RemoteTestNG.java:251)
	at org.testng.remote.RemoteTestNG.main(RemoteTestNG.java:77)
</textarea>
          
        </td>
      </tr>
      <tr class="event-row">
        <td><span class="badge log fail-bg">Fail</span></td>
        <td>6:45:49 p.m.</td>
        <td>
          
    <div class="row mb-3"><div class="col-md-3">
<img data-featherlight='C:\Users\mdeho\Documents\workspace-spring-tool-suite-4-4.20.0.RELEASE\RokomariWebAutomateWithSelenium-main\RokomariWebAutomateWithSelenium-main\screenshots\PasswordFail.png' src="C:\Users\mdeho\Documents\workspace-spring-tool-suite-4-4.20.0.RELEASE\RokomariWebAutomateWithSelenium-main\RokomariWebAutomateWithSelenium-main\screenshots\PasswordFail.png">
    
    </div></div>
        </td>
      </tr>
  </tbody>
</table>
          </div>
        </div>
      </div>
      <div class="card">
        <div class="card-header">
          <div class="card-toolbar node-info">
            <ul class="list-inline d-none d-sm-block">
              <li><span class="badge fail-bg log ">Fail</span></li>
              <li><span class='badge badge-default'>00:00:313</span></li>
              <li><span><i class="fa fa-paperclip"></i></span></li>
            </ul>
          </div>
          <div class="card-title">
            <a class="node " id="29"><span><p style="color:DarkBlue; font-size:20px"><b>Click On Next Button</b></p></span></a>
            <div class="node-attr">
<span class="badge badge-pill badge-default">QATEAM</span>
<span class="badge badge-pill badge-default">Windows</span>            </div>
          </div>
        </div>
        <div class="">
          <div class="card-body">
<table class="table table-sm">
  <thead><tr><th class="status-col">Status</th><th class="timestamp-col">Timestamp</th><th class="details-col">Details</th></tr></thead>
  <tbody>
      <tr class="event-row">
        <td><span class="badge log info-bg">Info</span></td>
        <td>6:45:49 p.m.</td>
        <td>
          Click On Password Next Button
        </td>
      </tr>
      <tr class="event-row">
        <td><span class="badge log fail-bg">Fail</span></td>
        <td>6:45:49 p.m.</td>
        <td>
          <p style="color:red; font-size:13px"><b>Next Button not locatable.</b></p>
        </td>
      </tr>
      <tr class="event-row">
        <td><span class="badge log fail-bg">Fail</span></td>
        <td>6:45:49 p.m.</td>
        <td>
          <textarea readonly class="code-block">java.lang.InterruptedException: Exception
	at pages.GooglePage.ClickOnPasswordNextButton(GooglePage.java:137)
	at tests.GooglePageTest.ClickOnPasswordNextButton(GooglePageTest.java:58)
	at java.base/jdk.internal.reflect.NativeMethodAccessorImpl.invoke0(Native Method)
	at java.base/jdk.internal.reflect.NativeMethodAccessorImpl.invoke(NativeMethodAccessorImpl.java:62)
	at java.base/jdk.internal.reflect.DelegatingMethodAccessorImpl.invoke(DelegatingMethodAccessorImpl.java:43)
	at java.base/java.lang.reflect.Method.invoke(Method.java:566)
	at org.testng.internal.invokers.MethodInvocationHelper.invokeMethod(MethodInvocationHelper.java:139)
	at org.testng.internal.invokers.TestInvoker.invokeMethod(TestInvoker.java:664)
	at org.testng.internal.invokers.TestInvoker.invokeTestMethod(TestInvoker.java:228)
	at org.testng.internal.invokers.MethodRunner.runInSequence(MethodRunner.java:63)
	at org.testng.internal.invokers.TestInvoker$MethodInvocationAgent.invoke(TestInvoker.java:961)
	at org.testng.internal.invokers.TestInvoker.invokeTestMethods(TestInvoker.java:201)
	at org.testng.internal.invokers.TestMethodWorker.invokeTestMethods(TestMethodWorker.java:148)
	at org.testng.internal.invokers.TestMethodWorker.run(TestMethodWorker.java:128)
	at java.base/java.util.ArrayList.forEach(ArrayList.java:1541)
	at org.testng.TestRunner.privateRun(TestRunner.java:819)
	at org.testng.TestRunner.run(TestRunner.java:619)
	at org.testng.SuiteRunner.runTest(SuiteRunner.java:443)
	at org.testng.SuiteRunner.runSequentially(SuiteRunner.java:437)
	at org.testng.SuiteRunner.privateRun(SuiteRunner.java:397)
	at org.testng.SuiteRunner.run(SuiteRunner.java:336)
	at org.testng.SuiteRunnerWorker.runSuite(SuiteRunnerWorker.java:52)
	at org.testng.SuiteRunnerWorker.run(SuiteRunnerWorker.java:95)
	at org.testng.TestNG.runSuitesSequentially(TestNG.java:1301)
	at org.testng.TestNG.runSuitesLocally(TestNG.java:1228)
	at org.testng.TestNG.runSuites(TestNG.java:1134)
	at org.testng.TestNG.run(TestNG.java:1101)
	at org.testng.remote.AbstractRemoteTestNG.run(AbstractRemoteTestNG.java:115)
	at org.testng.remote.RemoteTestNG.initAndRun(RemoteTestNG.java:251)
	at org.testng.remote.RemoteTestNG.main(RemoteTestNG.java:77)
</textarea>
          
        </td>
      </tr>
      <tr class="event-row">
        <td><span class="badge log fail-bg">Fail</span></td>
        <td>6:45:49 p.m.</td>
        <td>
          
    <div class="row mb-3"><div class="col-md-3">
<img data-featherlight='C:\Users\mdeho\Documents\workspace-spring-tool-suite-4-4.20.0.RELEASE\RokomariWebAutomateWithSelenium-main\RokomariWebAutomateWithSelenium-main\screenshots\ClickOnPasswordNextButtonPass.png' src="C:\Users\mdeho\Documents\workspace-spring-tool-suite-4-4.20.0.RELEASE\RokomariWebAutomateWithSelenium-main\RokomariWebAutomateWithSelenium-main\screenshots\ClickOnPasswordNextButtonPass.png">
    
    </div></div>
        </td>
      </tr>
  </tbody>
</table>
          </div>
        </div>
      </div>
  </div>
</div>
          </div>
        </li>
        <li class="test-item"  status="fail" test-id="30"
          author="QATEAM"
          tag=""
          device="Windows">
          <div class="test-detail">
            <p class="name"><p style="color:DarkBlue; font-size:20px"><b>Shipping Information</b></p></p>
            <p class="text-sm">
              <span>6:45:50 p.m.</span> / <span>00:00:04:981</span>
              <span class="badge fail-bg log float-right">Fail</span>
            </p>
          </div>
          <div class="test-contents d-none">
<div class="detail-head">
<div class="p-v-10">
<div class="info">
<h5 class="test-status text-fail"><p style="color:DarkBlue; font-size:20px"><b>Shipping Information</b></p></h5>
<span class='badge badge-success'>02.03.2024 6:45:50 p.m.</span>
<span class='badge badge-danger'>02.03.2024 6:45:55 p.m.</span>
<span class='badge badge-default'>00:00:04:981</span>
&middot; <span class='uri-anchor badge badge-default'>#test-id=30</span>
<span class='badge badge-default pointer float-right ml-1 et'><i class="fa fa-chevron-down"></i></span>
<span class='badge badge-default pointer float-right ct'><i class="fa fa-chevron-up"></i></span>
</div>
<div class="m-t-15"><span class="badge badge-pill badge-default">QATEAM</span>
<span class="badge badge-pill badge-default">Windows</span></div>
</div>
</div>  <div class="mt-4">  <div class="accordion" role="tablist">
      <div class="card">
        <div class="card-header">
          <div class="card-toolbar node-info">
            <ul class="list-inline d-none d-sm-block">
              <li><span class="badge fail-bg log ">Fail</span></li>
              <li><span class='badge badge-default'>00:00:346</span></li>
              <li><span><i class="fa fa-paperclip"></i></span></li>
            </ul>
          </div>
          <div class="card-title">
            <a class="node " id="31"><span><p style="color:DarkBlue; font-size:20px"><b>Provide Name</b></p></span></a>
            <div class="node-attr">
<span class="badge badge-pill badge-default">QATEAM</span>
<span class="badge badge-pill badge-default">Windows</span>            </div>
          </div>
        </div>
        <div class="">
          <div class="card-body">
<table class="table table-sm">
  <thead><tr><th class="status-col">Status</th><th class="timestamp-col">Timestamp</th><th class="details-col">Details</th></tr></thead>
  <tbody>
      <tr class="event-row">
        <td><span class="badge log info-bg">Info</span></td>
        <td>6:45:50 p.m.</td>
        <td>
          Giving Name
        </td>
      </tr>
      <tr class="event-row">
        <td><span class="badge log fail-bg">Fail</span></td>
        <td>6:45:50 p.m.</td>
        <td>
          <p style="color:red; font-size:13px"><b> Name Input not locatable</b></p>
        </td>
      </tr>
      <tr class="event-row">
        <td><span class="badge log fail-bg">Fail</span></td>
        <td>6:45:50 p.m.</td>
        <td>
          <textarea readonly class="code-block">java.lang.InterruptedException: Exception
	at pages.ShippingInfoPage.NameGiven(ShippingInfoPage.java:74)
	at tests.ShippingInfoTest.NameGiven(ShippingInfoTest.java:32)
	at java.base/jdk.internal.reflect.NativeMethodAccessorImpl.invoke0(Native Method)
	at java.base/jdk.internal.reflect.NativeMethodAccessorImpl.invoke(NativeMethodAccessorImpl.java:62)
	at java.base/jdk.internal.reflect.DelegatingMethodAccessorImpl.invoke(DelegatingMethodAccessorImpl.java:43)
	at java.base/java.lang.reflect.Method.invoke(Method.java:566)
	at org.testng.internal.invokers.MethodInvocationHelper.invokeMethod(MethodInvocationHelper.java:139)
	at org.testng.internal.invokers.TestInvoker.invokeMethod(TestInvoker.java:664)
	at org.testng.internal.invokers.TestInvoker.invokeTestMethod(TestInvoker.java:228)
	at org.testng.internal.invokers.MethodRunner.runInSequence(MethodRunner.java:63)
	at org.testng.internal.invokers.TestInvoker$MethodInvocationAgent.invoke(TestInvoker.java:961)
	at org.testng.internal.invokers.TestInvoker.invokeTestMethods(TestInvoker.java:201)
	at org.testng.internal.invokers.TestMethodWorker.invokeTestMethods(TestMethodWorker.java:148)
	at org.testng.internal.invokers.TestMethodWorker.run(TestMethodWorker.java:128)
	at java.base/java.util.ArrayList.forEach(ArrayList.java:1541)
	at org.testng.TestRunner.privateRun(TestRunner.java:819)
	at org.testng.TestRunner.run(TestRunner.java:619)
	at org.testng.SuiteRunner.runTest(SuiteRunner.java:443)
	at org.testng.SuiteRunner.runSequentially(SuiteRunner.java:437)
	at org.testng.SuiteRunner.privateRun(SuiteRunner.java:397)
	at org.testng.SuiteRunner.run(SuiteRunner.java:336)
	at org.testng.SuiteRunnerWorker.runSuite(SuiteRunnerWorker.java:52)
	at org.testng.SuiteRunnerWorker.run(SuiteRunnerWorker.java:95)
	at org.testng.TestNG.runSuitesSequentially(TestNG.java:1301)
	at org.testng.TestNG.runSuitesLocally(TestNG.java:1228)
	at org.testng.TestNG.runSuites(TestNG.java:1134)
	at org.testng.TestNG.run(TestNG.java:1101)
	at org.testng.remote.AbstractRemoteTestNG.run(AbstractRemoteTestNG.java:115)
	at org.testng.remote.RemoteTestNG.initAndRun(RemoteTestNG.java:251)
	at org.testng.remote.RemoteTestNG.main(RemoteTestNG.java:77)
</textarea>
          
        </td>
      </tr>
      <tr class="event-row">
        <td><span class="badge log fail-bg">Fail</span></td>
        <td>6:45:50 p.m.</td>
        <td>
          
    <div class="row mb-3"><div class="col-md-3">
<img data-featherlight='C:\Users\mdeho\Documents\workspace-spring-tool-suite-4-4.20.0.RELEASE\RokomariWebAutomateWithSelenium-main\RokomariWebAutomateWithSelenium-main\screenshots\NameGivingFail.png' src="C:\Users\mdeho\Documents\workspace-spring-tool-suite-4-4.20.0.RELEASE\RokomariWebAutomateWithSelenium-main\RokomariWebAutomateWithSelenium-main\screenshots\NameGivingFail.png">
    
    </div></div>
        </td>
      </tr>
  </tbody>
</table>
          </div>
        </div>
      </div>
      <div class="card">
        <div class="card-header">
          <div class="card-toolbar node-info">
            <ul class="list-inline d-none d-sm-block">
              <li><span class="badge fail-bg log ">Fail</span></li>
              <li><span class='badge badge-default'>00:00:247</span></li>
              <li><span><i class="fa fa-paperclip"></i></span></li>
            </ul>
          </div>
          <div class="card-title">
            <a class="node " id="32"><span><p style="color:DarkBlue; font-size:20px"><b>Provide Phone Number</b></p></span></a>
            <div class="node-attr">
<span class="badge badge-pill badge-default">QATEAM</span>
<span class="badge badge-pill badge-default">Windows</span>            </div>
          </div>
        </div>
        <div class="">
          <div class="card-body">
<table class="table table-sm">
  <thead><tr><th class="status-col">Status</th><th class="timestamp-col">Timestamp</th><th class="details-col">Details</th></tr></thead>
  <tbody>
      <tr class="event-row">
        <td><span class="badge log info-bg">Info</span></td>
        <td>6:45:50 p.m.</td>
        <td>
          Giving Phone Number
        </td>
      </tr>
      <tr class="event-row">
        <td><span class="badge log fail-bg">Fail</span></td>
        <td>6:45:50 p.m.</td>
        <td>
          <p style="color:red; font-size:13px"><b>Phone Number Input not locatable</b></p>
        </td>
      </tr>
      <tr class="event-row">
        <td><span class="badge log fail-bg">Fail</span></td>
        <td>6:45:50 p.m.</td>
        <td>
          <textarea readonly class="code-block">java.lang.InterruptedException: Exception
	at pages.ShippingInfoPage.PhoneNumberGiven(ShippingInfoPage.java:101)
	at tests.ShippingInfoTest.PhoneNumberGiven(ShippingInfoTest.java:40)
	at java.base/jdk.internal.reflect.NativeMethodAccessorImpl.invoke0(Native Method)
	at java.base/jdk.internal.reflect.NativeMethodAccessorImpl.invoke(NativeMethodAccessorImpl.java:62)
	at java.base/jdk.internal.reflect.DelegatingMethodAccessorImpl.invoke(DelegatingMethodAccessorImpl.java:43)
	at java.base/java.lang.reflect.Method.invoke(Method.java:566)
	at org.testng.internal.invokers.MethodInvocationHelper.invokeMethod(MethodInvocationHelper.java:139)
	at org.testng.internal.invokers.TestInvoker.invokeMethod(TestInvoker.java:664)
	at org.testng.internal.invokers.TestInvoker.invokeTestMethod(TestInvoker.java:228)
	at org.testng.internal.invokers.MethodRunner.runInSequence(MethodRunner.java:63)
	at org.testng.internal.invokers.TestInvoker$MethodInvocationAgent.invoke(TestInvoker.java:961)
	at org.testng.internal.invokers.TestInvoker.invokeTestMethods(TestInvoker.java:201)
	at org.testng.internal.invokers.TestMethodWorker.invokeTestMethods(TestMethodWorker.java:148)
	at org.testng.internal.invokers.TestMethodWorker.run(TestMethodWorker.java:128)
	at java.base/java.util.ArrayList.forEach(ArrayList.java:1541)
	at org.testng.TestRunner.privateRun(TestRunner.java:819)
	at org.testng.TestRunner.run(TestRunner.java:619)
	at org.testng.SuiteRunner.runTest(SuiteRunner.java:443)
	at org.testng.SuiteRunner.runSequentially(SuiteRunner.java:437)
	at org.testng.SuiteRunner.privateRun(SuiteRunner.java:397)
	at org.testng.SuiteRunner.run(SuiteRunner.java:336)
	at org.testng.SuiteRunnerWorker.runSuite(SuiteRunnerWorker.java:52)
	at org.testng.SuiteRunnerWorker.run(SuiteRunnerWorker.java:95)
	at org.testng.TestNG.runSuitesSequentially(TestNG.java:1301)
	at org.testng.TestNG.runSuitesLocally(TestNG.java:1228)
	at org.testng.TestNG.runSuites(TestNG.java:1134)
	at org.testng.TestNG.run(TestNG.java:1101)
	at org.testng.remote.AbstractRemoteTestNG.run(AbstractRemoteTestNG.java:115)
	at org.testng.remote.RemoteTestNG.initAndRun(RemoteTestNG.java:251)
	at org.testng.remote.RemoteTestNG.main(RemoteTestNG.java:77)
</textarea>
          
        </td>
      </tr>
      <tr class="event-row">
        <td><span class="badge log fail-bg">Fail</span></td>
        <td>6:45:50 p.m.</td>
        <td>
          
    <div class="row mb-3"><div class="col-md-3">
<img data-featherlight='C:\Users\mdeho\Documents\workspace-spring-tool-suite-4-4.20.0.RELEASE\RokomariWebAutomateWithSelenium-main\RokomariWebAutomateWithSelenium-main\screenshots\PhoneNumberGivingFail.png' src="C:\Users\mdeho\Documents\workspace-spring-tool-suite-4-4.20.0.RELEASE\RokomariWebAutomateWithSelenium-main\RokomariWebAutomateWithSelenium-main\screenshots\PhoneNumberGivingFail.png">
    
    </div></div>
        </td>
      </tr>
  </tbody>
</table>
          </div>
        </div>
      </div>
      <div class="card">
        <div class="card-header">
          <div class="card-toolbar node-info">
            <ul class="list-inline d-none d-sm-block">
              <li><span class="badge fail-bg log ">Fail</span></li>
              <li><span class='badge badge-default'>00:00:230</span></li>
              <li><span><i class="fa fa-paperclip"></i></span></li>
            </ul>
          </div>
          <div class="card-title">
            <a class="node " id="33"><span><p style="color:DarkBlue; font-size:20px"><b>Provide Alternative Phone Number</b></p></span></a>
            <div class="node-attr">
<span class="badge badge-pill badge-default">QATEAM</span>
<span class="badge badge-pill badge-default">Windows</span>            </div>
          </div>
        </div>
        <div class="">
          <div class="card-body">
<table class="table table-sm">
  <thead><tr><th class="status-col">Status</th><th class="timestamp-col">Timestamp</th><th class="details-col">Details</th></tr></thead>
  <tbody>
      <tr class="event-row">
        <td><span class="badge log info-bg">Info</span></td>
        <td>6:45:50 p.m.</td>
        <td>
          Giving Alternative Phone Number
        </td>
      </tr>
      <tr class="event-row">
        <td><span class="badge log fail-bg">Fail</span></td>
        <td>6:45:50 p.m.</td>
        <td>
          <p style="color:red; font-size:13px"><b>Alternative Phone Number not locatable</b></p>
        </td>
      </tr>
      <tr class="event-row">
        <td><span class="badge log fail-bg">Fail</span></td>
        <td>6:45:50 p.m.</td>
        <td>
          <textarea readonly class="code-block">java.lang.InterruptedException: Exception
	at pages.ShippingInfoPage.AlterNativePhoneNum(ShippingInfoPage.java:128)
	at tests.ShippingInfoTest.AlterNativePhoneNum(ShippingInfoTest.java:48)
	at java.base/jdk.internal.reflect.NativeMethodAccessorImpl.invoke0(Native Method)
	at java.base/jdk.internal.reflect.NativeMethodAccessorImpl.invoke(NativeMethodAccessorImpl.java:62)
	at java.base/jdk.internal.reflect.DelegatingMethodAccessorImpl.invoke(DelegatingMethodAccessorImpl.java:43)
	at java.base/java.lang.reflect.Method.invoke(Method.java:566)
	at org.testng.internal.invokers.MethodInvocationHelper.invokeMethod(MethodInvocationHelper.java:139)
	at org.testng.internal.invokers.TestInvoker.invokeMethod(TestInvoker.java:664)
	at org.testng.internal.invokers.TestInvoker.invokeTestMethod(TestInvoker.java:228)
	at org.testng.internal.invokers.MethodRunner.runInSequence(MethodRunner.java:63)
	at org.testng.internal.invokers.TestInvoker$MethodInvocationAgent.invoke(TestInvoker.java:961)
	at org.testng.internal.invokers.TestInvoker.invokeTestMethods(TestInvoker.java:201)
	at org.testng.internal.invokers.TestMethodWorker.invokeTestMethods(TestMethodWorker.java:148)
	at org.testng.internal.invokers.TestMethodWorker.run(TestMethodWorker.java:128)
	at java.base/java.util.ArrayList.forEach(ArrayList.java:1541)
	at org.testng.TestRunner.privateRun(TestRunner.java:819)
	at org.testng.TestRunner.run(TestRunner.java:619)
	at org.testng.SuiteRunner.runTest(SuiteRunner.java:443)
	at org.testng.SuiteRunner.runSequentially(SuiteRunner.java:437)
	at org.testng.SuiteRunner.privateRun(SuiteRunner.java:397)
	at org.testng.SuiteRunner.run(SuiteRunner.java:336)
	at org.testng.SuiteRunnerWorker.runSuite(SuiteRunnerWorker.java:52)
	at org.testng.SuiteRunnerWorker.run(SuiteRunnerWorker.java:95)
	at org.testng.TestNG.runSuitesSequentially(TestNG.java:1301)
	at org.testng.TestNG.runSuitesLocally(TestNG.java:1228)
	at org.testng.TestNG.runSuites(TestNG.java:1134)
	at org.testng.TestNG.run(TestNG.java:1101)
	at org.testng.remote.AbstractRemoteTestNG.run(AbstractRemoteTestNG.java:115)
	at org.testng.remote.RemoteTestNG.initAndRun(RemoteTestNG.java:251)
	at org.testng.remote.RemoteTestNG.main(RemoteTestNG.java:77)
</textarea>
          
        </td>
      </tr>
      <tr class="event-row">
        <td><span class="badge log fail-bg">Fail</span></td>
        <td>6:45:51 p.m.</td>
        <td>
          
    <div class="row mb-3"><div class="col-md-3">
<img data-featherlight='C:\Users\mdeho\Documents\workspace-spring-tool-suite-4-4.20.0.RELEASE\RokomariWebAutomateWithSelenium-main\RokomariWebAutomateWithSelenium-main\screenshots\AlternativePhoneNumberGivingFail.png' src="C:\Users\mdeho\Documents\workspace-spring-tool-suite-4-4.20.0.RELEASE\RokomariWebAutomateWithSelenium-main\RokomariWebAutomateWithSelenium-main\screenshots\AlternativePhoneNumberGivingFail.png">
    
    </div></div>
        </td>
      </tr>
  </tbody>
</table>
          </div>
        </div>
      </div>
      <div class="card">
        <div class="card-header">
          <div class="card-toolbar node-info">
            <ul class="list-inline d-none d-sm-block">
              <li><span class="badge fail-bg log ">Fail</span></li>
              <li><span class='badge badge-default'>00:00:268</span></li>
              <li><span><i class="fa fa-paperclip"></i></span></li>
            </ul>
          </div>
          <div class="card-title">
            <a class="node " id="34"><span><p style="color:DarkBlue; font-size:20px"><b>Provide Country</b></p></span></a>
            <div class="node-attr">
<span class="badge badge-pill badge-default">QATEAM</span>
<span class="badge badge-pill badge-default">Windows</span>            </div>
          </div>
        </div>
        <div class="">
          <div class="card-body">
<table class="table table-sm">
  <thead><tr><th class="status-col">Status</th><th class="timestamp-col">Timestamp</th><th class="details-col">Details</th></tr></thead>
  <tbody>
      <tr class="event-row">
        <td><span class="badge log info-bg">Info</span></td>
        <td>6:45:51 p.m.</td>
        <td>
          Giving Country Drop Down Value
        </td>
      </tr>
      <tr class="event-row">
        <td><span class="badge log fail-bg">Fail</span></td>
        <td>6:45:51 p.m.</td>
        <td>
          <p style="color:red; font-size:13px"><b>Country DropDown Value not locatable</b></p>
        </td>
      </tr>
      <tr class="event-row">
        <td><span class="badge log fail-bg">Fail</span></td>
        <td>6:45:51 p.m.</td>
        <td>
          <textarea readonly class="code-block">java.lang.InterruptedException: Exception
	at pages.ShippingInfoPage.CountryDropDown(ShippingInfoPage.java:154)
	at tests.ShippingInfoTest.CountryDropDown(ShippingInfoTest.java:56)
	at java.base/jdk.internal.reflect.NativeMethodAccessorImpl.invoke0(Native Method)
	at java.base/jdk.internal.reflect.NativeMethodAccessorImpl.invoke(NativeMethodAccessorImpl.java:62)
	at java.base/jdk.internal.reflect.DelegatingMethodAccessorImpl.invoke(DelegatingMethodAccessorImpl.java:43)
	at java.base/java.lang.reflect.Method.invoke(Method.java:566)
	at org.testng.internal.invokers.MethodInvocationHelper.invokeMethod(MethodInvocationHelper.java:139)
	at org.testng.internal.invokers.TestInvoker.invokeMethod(TestInvoker.java:664)
	at org.testng.internal.invokers.TestInvoker.invokeTestMethod(TestInvoker.java:228)
	at org.testng.internal.invokers.MethodRunner.runInSequence(MethodRunner.java:63)
	at org.testng.internal.invokers.TestInvoker$MethodInvocationAgent.invoke(TestInvoker.java:961)
	at org.testng.internal.invokers.TestInvoker.invokeTestMethods(TestInvoker.java:201)
	at org.testng.internal.invokers.TestMethodWorker.invokeTestMethods(TestMethodWorker.java:148)
	at org.testng.internal.invokers.TestMethodWorker.run(TestMethodWorker.java:128)
	at java.base/java.util.ArrayList.forEach(ArrayList.java:1541)
	at org.testng.TestRunner.privateRun(TestRunner.java:819)
	at org.testng.TestRunner.run(TestRunner.java:619)
	at org.testng.SuiteRunner.runTest(SuiteRunner.java:443)
	at org.testng.SuiteRunner.runSequentially(SuiteRunner.java:437)
	at org.testng.SuiteRunner.privateRun(SuiteRunner.java:397)
	at org.testng.SuiteRunner.run(SuiteRunner.java:336)
	at org.testng.SuiteRunnerWorker.runSuite(SuiteRunnerWorker.java:52)
	at org.testng.SuiteRunnerWorker.run(SuiteRunnerWorker.java:95)
	at org.testng.TestNG.runSuitesSequentially(TestNG.java:1301)
	at org.testng.TestNG.runSuitesLocally(TestNG.java:1228)
	at org.testng.TestNG.runSuites(TestNG.java:1134)
	at org.testng.TestNG.run(TestNG.java:1101)
	at org.testng.remote.AbstractRemoteTestNG.run(AbstractRemoteTestNG.java:115)
	at org.testng.remote.RemoteTestNG.initAndRun(RemoteTestNG.java:251)
	at org.testng.remote.RemoteTestNG.main(RemoteTestNG.java:77)
</textarea>
          
        </td>
      </tr>
      <tr class="event-row">
        <td><span class="badge log fail-bg">Fail</span></td>
        <td>6:45:51 p.m.</td>
        <td>
          
    <div class="row mb-3"><div class="col-md-3">
<img data-featherlight='C:\Users\mdeho\Documents\workspace-spring-tool-suite-4-4.20.0.RELEASE\RokomariWebAutomateWithSelenium-main\RokomariWebAutomateWithSelenium-main\screenshots\CountryDropDownFail.png' src="C:\Users\mdeho\Documents\workspace-spring-tool-suite-4-4.20.0.RELEASE\RokomariWebAutomateWithSelenium-main\RokomariWebAutomateWithSelenium-main\screenshots\CountryDropDownFail.png">
    
    </div></div>
        </td>
      </tr>
  </tbody>
</table>
          </div>
        </div>
      </div>
      <div class="card">
        <div class="card-header">
          <div class="card-toolbar node-info">
            <ul class="list-inline d-none d-sm-block">
              <li><span class="badge fail-bg log ">Fail</span></li>
              <li><span class='badge badge-default'>00:00:279</span></li>
              <li><span><i class="fa fa-paperclip"></i></span></li>
            </ul>
          </div>
          <div class="card-title">
            <a class="node " id="35"><span><p style="color:DarkBlue; font-size:20px"><b>Provide City</b></p></span></a>
            <div class="node-attr">
<span class="badge badge-pill badge-default">QATEAM</span>
<span class="badge badge-pill badge-default">Windows</span>            </div>
          </div>
        </div>
        <div class="">
          <div class="card-body">
<table class="table table-sm">
  <thead><tr><th class="status-col">Status</th><th class="timestamp-col">Timestamp</th><th class="details-col">Details</th></tr></thead>
  <tbody>
      <tr class="event-row">
        <td><span class="badge log info-bg">Info</span></td>
        <td>6:45:51 p.m.</td>
        <td>
          Giving City Drop Down Value
        </td>
      </tr>
      <tr class="event-row">
        <td><span class="badge log fail-bg">Fail</span></td>
        <td>6:45:51 p.m.</td>
        <td>
          <p style="color:red; font-size:13px"><b>City DropDown Value not locatable.</b></p>
        </td>
      </tr>
      <tr class="event-row">
        <td><span class="badge log fail-bg">Fail</span></td>
        <td>6:45:51 p.m.</td>
        <td>
          <textarea readonly class="code-block">java.lang.InterruptedException: Exception
	at pages.ShippingInfoPage.CityDropDown(ShippingInfoPage.java:179)
	at tests.ShippingInfoTest.CityDropDown(ShippingInfoTest.java:64)
	at java.base/jdk.internal.reflect.NativeMethodAccessorImpl.invoke0(Native Method)
	at java.base/jdk.internal.reflect.NativeMethodAccessorImpl.invoke(NativeMethodAccessorImpl.java:62)
	at java.base/jdk.internal.reflect.DelegatingMethodAccessorImpl.invoke(DelegatingMethodAccessorImpl.java:43)
	at java.base/java.lang.reflect.Method.invoke(Method.java:566)
	at org.testng.internal.invokers.MethodInvocationHelper.invokeMethod(MethodInvocationHelper.java:139)
	at org.testng.internal.invokers.TestInvoker.invokeMethod(TestInvoker.java:664)
	at org.testng.internal.invokers.TestInvoker.invokeTestMethod(TestInvoker.java:228)
	at org.testng.internal.invokers.MethodRunner.runInSequence(MethodRunner.java:63)
	at org.testng.internal.invokers.TestInvoker$MethodInvocationAgent.invoke(TestInvoker.java:961)
	at org.testng.internal.invokers.TestInvoker.invokeTestMethods(TestInvoker.java:201)
	at org.testng.internal.invokers.TestMethodWorker.invokeTestMethods(TestMethodWorker.java:148)
	at org.testng.internal.invokers.TestMethodWorker.run(TestMethodWorker.java:128)
	at java.base/java.util.ArrayList.forEach(ArrayList.java:1541)
	at org.testng.TestRunner.privateRun(TestRunner.java:819)
	at org.testng.TestRunner.run(TestRunner.java:619)
	at org.testng.SuiteRunner.runTest(SuiteRunner.java:443)
	at org.testng.SuiteRunner.runSequentially(SuiteRunner.java:437)
	at org.testng.SuiteRunner.privateRun(SuiteRunner.java:397)
	at org.testng.SuiteRunner.run(SuiteRunner.java:336)
	at org.testng.SuiteRunnerWorker.runSuite(SuiteRunnerWorker.java:52)
	at org.testng.SuiteRunnerWorker.run(SuiteRunnerWorker.java:95)
	at org.testng.TestNG.runSuitesSequentially(TestNG.java:1301)
	at org.testng.TestNG.runSuitesLocally(TestNG.java:1228)
	at org.testng.TestNG.runSuites(TestNG.java:1134)
	at org.testng.TestNG.run(TestNG.java:1101)
	at org.testng.remote.AbstractRemoteTestNG.run(AbstractRemoteTestNG.java:115)
	at org.testng.remote.RemoteTestNG.initAndRun(RemoteTestNG.java:251)
	at org.testng.remote.RemoteTestNG.main(RemoteTestNG.java:77)
</textarea>
          
        </td>
      </tr>
      <tr class="event-row">
        <td><span class="badge log fail-bg">Fail</span></td>
        <td>6:45:51 p.m.</td>
        <td>
          
    <div class="row mb-3"><div class="col-md-3">
<img data-featherlight='C:\Users\mdeho\Documents\workspace-spring-tool-suite-4-4.20.0.RELEASE\RokomariWebAutomateWithSelenium-main\RokomariWebAutomateWithSelenium-main\screenshots\CountryDropDownFail.png' src="C:\Users\mdeho\Documents\workspace-spring-tool-suite-4-4.20.0.RELEASE\RokomariWebAutomateWithSelenium-main\RokomariWebAutomateWithSelenium-main\screenshots\CountryDropDownFail.png">
    
    </div></div>
        </td>
      </tr>
  </tbody>
</table>
          </div>
        </div>
      </div>
      <div class="card">
        <div class="card-header">
          <div class="card-toolbar node-info">
            <ul class="list-inline d-none d-sm-block">
              <li><span class="badge fail-bg log ">Fail</span></li>
              <li><span class='badge badge-default'>00:00:252</span></li>
              <li><span><i class="fa fa-paperclip"></i></span></li>
            </ul>
          </div>
          <div class="card-title">
            <a class="node " id="36"><span><p style="color:DarkBlue; font-size:20px"><b>Provide Area</b></p></span></a>
            <div class="node-attr">
<span class="badge badge-pill badge-default">QATEAM</span>
<span class="badge badge-pill badge-default">Windows</span>            </div>
          </div>
        </div>
        <div class="">
          <div class="card-body">
<table class="table table-sm">
  <thead><tr><th class="status-col">Status</th><th class="timestamp-col">Timestamp</th><th class="details-col">Details</th></tr></thead>
  <tbody>
      <tr class="event-row">
        <td><span class="badge log info-bg">Info</span></td>
        <td>6:45:51 p.m.</td>
        <td>
          Giving Area Drop Down Value
        </td>
      </tr>
      <tr class="event-row">
        <td><span class="badge log fail-bg">Fail</span></td>
        <td>6:45:51 p.m.</td>
        <td>
          <p style="color:red; font-size:13px"><b>Country DropDown Value not locatable.</b></p>
        </td>
      </tr>
      <tr class="event-row">
        <td><span class="badge log fail-bg">Fail</span></td>
        <td>6:45:51 p.m.</td>
        <td>
          <textarea readonly class="code-block">java.lang.InterruptedException: Exception
	at pages.ShippingInfoPage.AreaDropDown(ShippingInfoPage.java:204)
	at tests.ShippingInfoTest.AreaDropDown(ShippingInfoTest.java:73)
	at java.base/jdk.internal.reflect.NativeMethodAccessorImpl.invoke0(Native Method)
	at java.base/jdk.internal.reflect.NativeMethodAccessorImpl.invoke(NativeMethodAccessorImpl.java:62)
	at java.base/jdk.internal.reflect.DelegatingMethodAccessorImpl.invoke(DelegatingMethodAccessorImpl.java:43)
	at java.base/java.lang.reflect.Method.invoke(Method.java:566)
	at org.testng.internal.invokers.MethodInvocationHelper.invokeMethod(MethodInvocationHelper.java:139)
	at org.testng.internal.invokers.TestInvoker.invokeMethod(TestInvoker.java:664)
	at org.testng.internal.invokers.TestInvoker.invokeTestMethod(TestInvoker.java:228)
	at org.testng.internal.invokers.MethodRunner.runInSequence(MethodRunner.java:63)
	at org.testng.internal.invokers.TestInvoker$MethodInvocationAgent.invoke(TestInvoker.java:961)
	at org.testng.internal.invokers.TestInvoker.invokeTestMethods(TestInvoker.java:201)
	at org.testng.internal.invokers.TestMethodWorker.invokeTestMethods(TestMethodWorker.java:148)
	at org.testng.internal.invokers.TestMethodWorker.run(TestMethodWorker.java:128)
	at java.base/java.util.ArrayList.forEach(ArrayList.java:1541)
	at org.testng.TestRunner.privateRun(TestRunner.java:819)
	at org.testng.TestRunner.run(TestRunner.java:619)
	at org.testng.SuiteRunner.runTest(SuiteRunner.java:443)
	at org.testng.SuiteRunner.runSequentially(SuiteRunner.java:437)
	at org.testng.SuiteRunner.privateRun(SuiteRunner.java:397)
	at org.testng.SuiteRunner.run(SuiteRunner.java:336)
	at org.testng.SuiteRunnerWorker.runSuite(SuiteRunnerWorker.java:52)
	at org.testng.SuiteRunnerWorker.run(SuiteRunnerWorker.java:95)
	at org.testng.TestNG.runSuitesSequentially(TestNG.java:1301)
	at org.testng.TestNG.runSuitesLocally(TestNG.java:1228)
	at org.testng.TestNG.runSuites(TestNG.java:1134)
	at org.testng.TestNG.run(TestNG.java:1101)
	at org.testng.remote.AbstractRemoteTestNG.run(AbstractRemoteTestNG.java:115)
	at org.testng.remote.RemoteTestNG.initAndRun(RemoteTestNG.java:251)
	at org.testng.remote.RemoteTestNG.main(RemoteTestNG.java:77)
</textarea>
          
        </td>
      </tr>
      <tr class="event-row">
        <td><span class="badge log fail-bg">Fail</span></td>
        <td>6:45:51 p.m.</td>
        <td>
          
    <div class="row mb-3"><div class="col-md-3">
<img data-featherlight='C:\Users\mdeho\Documents\workspace-spring-tool-suite-4-4.20.0.RELEASE\RokomariWebAutomateWithSelenium-main\RokomariWebAutomateWithSelenium-main\screenshots\AreaDropDownFail.png' src="C:\Users\mdeho\Documents\workspace-spring-tool-suite-4-4.20.0.RELEASE\RokomariWebAutomateWithSelenium-main\RokomariWebAutomateWithSelenium-main\screenshots\AreaDropDownFail.png">
    
    </div></div>
        </td>
      </tr>
  </tbody>
</table>
          </div>
        </div>
      </div>
      <div class="card">
        <div class="card-header">
          <div class="card-toolbar node-info">
            <ul class="list-inline d-none d-sm-block">
              <li><span class="badge fail-bg log ">Fail</span></li>
              <li><span class='badge badge-default'>00:00:799</span></li>
              <li><span><i class="fa fa-paperclip"></i></span></li>
            </ul>
          </div>
          <div class="card-title">
            <a class="node " id="37"><span><p style="color:DarkBlue; font-size:20px"><b>Provide Zone</b></p></span></a>
            <div class="node-attr">
<span class="badge badge-pill badge-default">QATEAM</span>
<span class="badge badge-pill badge-default">Windows</span>            </div>
          </div>
        </div>
        <div class="">
          <div class="card-body">
<table class="table table-sm">
  <thead><tr><th class="status-col">Status</th><th class="timestamp-col">Timestamp</th><th class="details-col">Details</th></tr></thead>
  <tbody>
      <tr class="event-row">
        <td><span class="badge log info-bg">Info</span></td>
        <td>6:45:51 p.m.</td>
        <td>
          Giving Zone Drop Down Value
        </td>
      </tr>
      <tr class="event-row">
        <td><span class="badge log fail-bg">Fail</span></td>
        <td>6:45:52 p.m.</td>
        <td>
          <p style="color:red; font-size:13px"><b>Country DropDown Value not locatable</b></p>
        </td>
      </tr>
      <tr class="event-row">
        <td><span class="badge log fail-bg">Fail</span></td>
        <td>6:45:52 p.m.</td>
        <td>
          <textarea readonly class="code-block">java.lang.InterruptedException: Exception
	at pages.ShippingInfoPage.ZoneDropDown(ShippingInfoPage.java:229)
	at tests.ShippingInfoTest.ZoneDropDown(ShippingInfoTest.java:81)
	at java.base/jdk.internal.reflect.NativeMethodAccessorImpl.invoke0(Native Method)
	at java.base/jdk.internal.reflect.NativeMethodAccessorImpl.invoke(NativeMethodAccessorImpl.java:62)
	at java.base/jdk.internal.reflect.DelegatingMethodAccessorImpl.invoke(DelegatingMethodAccessorImpl.java:43)
	at java.base/java.lang.reflect.Method.invoke(Method.java:566)
	at org.testng.internal.invokers.MethodInvocationHelper.invokeMethod(MethodInvocationHelper.java:139)
	at org.testng.internal.invokers.TestInvoker.invokeMethod(TestInvoker.java:664)
	at org.testng.internal.invokers.TestInvoker.invokeTestMethod(TestInvoker.java:228)
	at org.testng.internal.invokers.MethodRunner.runInSequence(MethodRunner.java:63)
	at org.testng.internal.invokers.TestInvoker$MethodInvocationAgent.invoke(TestInvoker.java:961)
	at org.testng.internal.invokers.TestInvoker.invokeTestMethods(TestInvoker.java:201)
	at org.testng.internal.invokers.TestMethodWorker.invokeTestMethods(TestMethodWorker.java:148)
	at org.testng.internal.invokers.TestMethodWorker.run(TestMethodWorker.java:128)
	at java.base/java.util.ArrayList.forEach(ArrayList.java:1541)
	at org.testng.TestRunner.privateRun(TestRunner.java:819)
	at org.testng.TestRunner.run(TestRunner.java:619)
	at org.testng.SuiteRunner.runTest(SuiteRunner.java:443)
	at org.testng.SuiteRunner.runSequentially(SuiteRunner.java:437)
	at org.testng.SuiteRunner.privateRun(SuiteRunner.java:397)
	at org.testng.SuiteRunner.run(SuiteRunner.java:336)
	at org.testng.SuiteRunnerWorker.runSuite(SuiteRunnerWorker.java:52)
	at org.testng.SuiteRunnerWorker.run(SuiteRunnerWorker.java:95)
	at org.testng.TestNG.runSuitesSequentially(TestNG.java:1301)
	at org.testng.TestNG.runSuitesLocally(TestNG.java:1228)
	at org.testng.TestNG.runSuites(TestNG.java:1134)
	at org.testng.TestNG.run(TestNG.java:1101)
	at org.testng.remote.AbstractRemoteTestNG.run(AbstractRemoteTestNG.java:115)
	at org.testng.remote.RemoteTestNG.initAndRun(RemoteTestNG.java:251)
	at org.testng.remote.RemoteTestNG.main(RemoteTestNG.java:77)
</textarea>
          
        </td>
      </tr>
      <tr class="event-row">
        <td><span class="badge log fail-bg">Fail</span></td>
        <td>6:45:52 p.m.</td>
        <td>
          
    <div class="row mb-3"><div class="col-md-3">
<img data-featherlight='C:\Users\mdeho\Documents\workspace-spring-tool-suite-4-4.20.0.RELEASE\RokomariWebAutomateWithSelenium-main\RokomariWebAutomateWithSelenium-main\screenshots\ZoneDropDownFail.png' src="C:\Users\mdeho\Documents\workspace-spring-tool-suite-4-4.20.0.RELEASE\RokomariWebAutomateWithSelenium-main\RokomariWebAutomateWithSelenium-main\screenshots\ZoneDropDownFail.png">
    
    </div></div>
        </td>
      </tr>
  </tbody>
</table>
          </div>
        </div>
      </div>
      <div class="card">
        <div class="card-header">
          <div class="card-toolbar node-info">
            <ul class="list-inline d-none d-sm-block">
              <li><span class="badge fail-bg log ">Fail</span></li>
              <li><span class='badge badge-default'>00:00:755</span></li>
              <li><span><i class="fa fa-paperclip"></i></span></li>
            </ul>
          </div>
          <div class="card-title">
            <a class="node " id="38"><span><p style="color:DarkBlue; font-size:20px"><b>Provide Address</b></p></span></a>
            <div class="node-attr">
<span class="badge badge-pill badge-default">QATEAM</span>
<span class="badge badge-pill badge-default">Windows</span>            </div>
          </div>
        </div>
        <div class="">
          <div class="card-body">
<table class="table table-sm">
  <thead><tr><th class="status-col">Status</th><th class="timestamp-col">Timestamp</th><th class="details-col">Details</th></tr></thead>
  <tbody>
      <tr class="event-row">
        <td><span class="badge log info-bg">Info</span></td>
        <td>6:45:53 p.m.</td>
        <td>
          Giving Address
        </td>
      </tr>
      <tr class="event-row">
        <td><span class="badge log fail-bg">Fail</span></td>
        <td>6:45:53 p.m.</td>
        <td>
          <p style="color:red; font-size:13px"><b> Address not locatable</b></p>
        </td>
      </tr>
      <tr class="event-row">
        <td><span class="badge log fail-bg">Fail</span></td>
        <td>6:45:53 p.m.</td>
        <td>
          <textarea readonly class="code-block">java.lang.InterruptedException: Exception
	at pages.ShippingInfoPage.AddressInputField(ShippingInfoPage.java:255)
	at tests.ShippingInfoTest.AddressInputField(ShippingInfoTest.java:88)
	at java.base/jdk.internal.reflect.NativeMethodAccessorImpl.invoke0(Native Method)
	at java.base/jdk.internal.reflect.NativeMethodAccessorImpl.invoke(NativeMethodAccessorImpl.java:62)
	at java.base/jdk.internal.reflect.DelegatingMethodAccessorImpl.invoke(DelegatingMethodAccessorImpl.java:43)
	at java.base/java.lang.reflect.Method.invoke(Method.java:566)
	at org.testng.internal.invokers.MethodInvocationHelper.invokeMethod(MethodInvocationHelper.java:139)
	at org.testng.internal.invokers.TestInvoker.invokeMethod(TestInvoker.java:664)
	at org.testng.internal.invokers.TestInvoker.invokeTestMethod(TestInvoker.java:228)
	at org.testng.internal.invokers.MethodRunner.runInSequence(MethodRunner.java:63)
	at org.testng.internal.invokers.TestInvoker$MethodInvocationAgent.invoke(TestInvoker.java:961)
	at org.testng.internal.invokers.TestInvoker.invokeTestMethods(TestInvoker.java:201)
	at org.testng.internal.invokers.TestMethodWorker.invokeTestMethods(TestMethodWorker.java:148)
	at org.testng.internal.invokers.TestMethodWorker.run(TestMethodWorker.java:128)
	at java.base/java.util.ArrayList.forEach(ArrayList.java:1541)
	at org.testng.TestRunner.privateRun(TestRunner.java:819)
	at org.testng.TestRunner.run(TestRunner.java:619)
	at org.testng.SuiteRunner.runTest(SuiteRunner.java:443)
	at org.testng.SuiteRunner.runSequentially(SuiteRunner.java:437)
	at org.testng.SuiteRunner.privateRun(SuiteRunner.java:397)
	at org.testng.SuiteRunner.run(SuiteRunner.java:336)
	at org.testng.SuiteRunnerWorker.runSuite(SuiteRunnerWorker.java:52)
	at org.testng.SuiteRunnerWorker.run(SuiteRunnerWorker.java:95)
	at org.testng.TestNG.runSuitesSequentially(TestNG.java:1301)
	at org.testng.TestNG.runSuitesLocally(TestNG.java:1228)
	at org.testng.TestNG.runSuites(TestNG.java:1134)
	at org.testng.TestNG.run(TestNG.java:1101)
	at org.testng.remote.AbstractRemoteTestNG.run(AbstractRemoteTestNG.java:115)
	at org.testng.remote.RemoteTestNG.initAndRun(RemoteTestNG.java:251)
	at org.testng.remote.RemoteTestNG.main(RemoteTestNG.java:77)
</textarea>
          
        </td>
      </tr>
      <tr class="event-row">
        <td><span class="badge log fail-bg">Fail</span></td>
        <td>6:45:54 p.m.</td>
        <td>
          
    <div class="row mb-3"><div class="col-md-3">
<img data-featherlight='C:\Users\mdeho\Documents\workspace-spring-tool-suite-4-4.20.0.RELEASE\RokomariWebAutomateWithSelenium-main\RokomariWebAutomateWithSelenium-main\screenshots\AddressGivingFail.png' src="C:\Users\mdeho\Documents\workspace-spring-tool-suite-4-4.20.0.RELEASE\RokomariWebAutomateWithSelenium-main\RokomariWebAutomateWithSelenium-main\screenshots\AddressGivingFail.png">
    
    </div></div>
        </td>
      </tr>
  </tbody>
</table>
          </div>
        </div>
      </div>
      <div class="card">
        <div class="card-header">
          <div class="card-toolbar node-info">
            <ul class="list-inline d-none d-sm-block">
              <li><span class="badge fail-bg log ">Fail</span></li>
              <li><span class='badge badge-default'>00:00:519</span></li>
              <li><span><i class="fa fa-paperclip"></i></span></li>
            </ul>
          </div>
          <div class="card-title">
            <a class="node " id="39"><span><p style="color:DarkBlue; font-size:20px"><b>Click On Bkash CheckBox  </b></p></span></a>
            <div class="node-attr">
<span class="badge badge-pill badge-default">QATEAM</span>
<span class="badge badge-pill badge-default">Windows</span>            </div>
          </div>
        </div>
        <div class="">
          <div class="card-body">
<table class="table table-sm">
  <thead><tr><th class="status-col">Status</th><th class="timestamp-col">Timestamp</th><th class="details-col">Details</th></tr></thead>
  <tbody>
      <tr class="event-row">
        <td><span class="badge log info-bg">Info</span></td>
        <td>6:45:54 p.m.</td>
        <td>
          Giving Click On Bkash CheckBox
        </td>
      </tr>
      <tr class="event-row">
        <td><span class="badge log fail-bg">Fail</span></td>
        <td>6:45:54 p.m.</td>
        <td>
          <p style="color:red; font-size:13px"><b> Bkash CheckBox not locatable</b></p>
        </td>
      </tr>
      <tr class="event-row">
        <td><span class="badge log fail-bg">Fail</span></td>
        <td>6:45:54 p.m.</td>
        <td>
          <textarea readonly class="code-block">java.lang.InterruptedException: Exception
	at pages.ShippingInfoPage.BkashCheckBox(ShippingInfoPage.java:281)
	at tests.ShippingInfoTest.BkashCheckBox(ShippingInfoTest.java:96)
	at java.base/jdk.internal.reflect.NativeMethodAccessorImpl.invoke0(Native Method)
	at java.base/jdk.internal.reflect.NativeMethodAccessorImpl.invoke(NativeMethodAccessorImpl.java:62)
	at java.base/jdk.internal.reflect.DelegatingMethodAccessorImpl.invoke(DelegatingMethodAccessorImpl.java:43)
	at java.base/java.lang.reflect.Method.invoke(Method.java:566)
	at org.testng.internal.invokers.MethodInvocationHelper.invokeMethod(MethodInvocationHelper.java:139)
	at org.testng.internal.invokers.TestInvoker.invokeMethod(TestInvoker.java:664)
	at org.testng.internal.invokers.TestInvoker.invokeTestMethod(TestInvoker.java:228)
	at org.testng.internal.invokers.MethodRunner.runInSequence(MethodRunner.java:63)
	at org.testng.internal.invokers.TestInvoker$MethodInvocationAgent.invoke(TestInvoker.java:961)
	at org.testng.internal.invokers.TestInvoker.invokeTestMethods(TestInvoker.java:201)
	at org.testng.internal.invokers.TestMethodWorker.invokeTestMethods(TestMethodWorker.java:148)
	at org.testng.internal.invokers.TestMethodWorker.run(TestMethodWorker.java:128)
	at java.base/java.util.ArrayList.forEach(ArrayList.java:1541)
	at org.testng.TestRunner.privateRun(TestRunner.java:819)
	at org.testng.TestRunner.run(TestRunner.java:619)
	at org.testng.SuiteRunner.runTest(SuiteRunner.java:443)
	at org.testng.SuiteRunner.runSequentially(SuiteRunner.java:437)
	at org.testng.SuiteRunner.privateRun(SuiteRunner.java:397)
	at org.testng.SuiteRunner.run(SuiteRunner.java:336)
	at org.testng.SuiteRunnerWorker.runSuite(SuiteRunnerWorker.java:52)
	at org.testng.SuiteRunnerWorker.run(SuiteRunnerWorker.java:95)
	at org.testng.TestNG.runSuitesSequentially(TestNG.java:1301)
	at org.testng.TestNG.runSuitesLocally(TestNG.java:1228)
	at org.testng.TestNG.runSuites(TestNG.java:1134)
	at org.testng.TestNG.run(TestNG.java:1101)
	at org.testng.remote.AbstractRemoteTestNG.run(AbstractRemoteTestNG.java:115)
	at org.testng.remote.RemoteTestNG.initAndRun(RemoteTestNG.java:251)
	at org.testng.remote.RemoteTestNG.main(RemoteTestNG.java:77)
</textarea>
          
        </td>
      </tr>
      <tr class="event-row">
        <td><span class="badge log fail-bg">Fail</span></td>
        <td>6:45:54 p.m.</td>
        <td>
          
    <div class="row mb-3"><div class="col-md-3">
<img data-featherlight='C:\Users\mdeho\Documents\workspace-spring-tool-suite-4-4.20.0.RELEASE\RokomariWebAutomateWithSelenium-main\RokomariWebAutomateWithSelenium-main\screenshots\ClickOnBkashCheckBoxFail.png' src="C:\Users\mdeho\Documents\workspace-spring-tool-suite-4-4.20.0.RELEASE\RokomariWebAutomateWithSelenium-main\RokomariWebAutomateWithSelenium-main\screenshots\ClickOnBkashCheckBoxFail.png">
    
    </div></div>
        </td>
      </tr>
  </tbody>
</table>
          </div>
        </div>
      </div>
      <div class="card">
        <div class="card-header">
          <div class="card-toolbar node-info">
            <ul class="list-inline d-none d-sm-block">
              <li><span class="badge fail-bg log ">Fail</span></li>
              <li><span class='badge badge-default'>00:00:328</span></li>
              <li><span><i class="fa fa-paperclip"></i></span></li>
            </ul>
          </div>
          <div class="card-title">
            <a class="node " id="40"><span><p style="color:DarkBlue; font-size:20px"><b>Click On Term CheckBox</b></p></span></a>
            <div class="node-attr">
<span class="badge badge-pill badge-default">QATEAM</span>
<span class="badge badge-pill badge-default">Windows</span>            </div>
          </div>
        </div>
        <div class="">
          <div class="card-body">
<table class="table table-sm">
  <thead><tr><th class="status-col">Status</th><th class="timestamp-col">Timestamp</th><th class="details-col">Details</th></tr></thead>
  <tbody>
      <tr class="event-row">
        <td><span class="badge log info-bg">Info</span></td>
        <td>6:45:54 p.m.</td>
        <td>
          Click On Term CheckBox
        </td>
      </tr>
      <tr class="event-row">
        <td><span class="badge log fail-bg">Fail</span></td>
        <td>6:45:54 p.m.</td>
        <td>
          <p style="color:red; font-size:13px"><b> Term CheckBox not locatable</b></p>
        </td>
      </tr>
      <tr class="event-row">
        <td><span class="badge log fail-bg">Fail</span></td>
        <td>6:45:54 p.m.</td>
        <td>
          <textarea readonly class="code-block">java.lang.InterruptedException: Exception
	at pages.ShippingInfoPage.ClickOnTerm(ShippingInfoPage.java:307)
	at tests.ShippingInfoTest.ClickOnTerm(ShippingInfoTest.java:104)
	at java.base/jdk.internal.reflect.NativeMethodAccessorImpl.invoke0(Native Method)
	at java.base/jdk.internal.reflect.NativeMethodAccessorImpl.invoke(NativeMethodAccessorImpl.java:62)
	at java.base/jdk.internal.reflect.DelegatingMethodAccessorImpl.invoke(DelegatingMethodAccessorImpl.java:43)
	at java.base/java.lang.reflect.Method.invoke(Method.java:566)
	at org.testng.internal.invokers.MethodInvocationHelper.invokeMethod(MethodInvocationHelper.java:139)
	at org.testng.internal.invokers.TestInvoker.invokeMethod(TestInvoker.java:664)
	at org.testng.internal.invokers.TestInvoker.invokeTestMethod(TestInvoker.java:228)
	at org.testng.internal.invokers.MethodRunner.runInSequence(MethodRunner.java:63)
	at org.testng.internal.invokers.TestInvoker$MethodInvocationAgent.invoke(TestInvoker.java:961)
	at org.testng.internal.invokers.TestInvoker.invokeTestMethods(TestInvoker.java:201)
	at org.testng.internal.invokers.TestMethodWorker.invokeTestMethods(TestMethodWorker.java:148)
	at org.testng.internal.invokers.TestMethodWorker.run(TestMethodWorker.java:128)
	at java.base/java.util.ArrayList.forEach(ArrayList.java:1541)
	at org.testng.TestRunner.privateRun(TestRunner.java:819)
	at org.testng.TestRunner.run(TestRunner.java:619)
	at org.testng.SuiteRunner.runTest(SuiteRunner.java:443)
	at org.testng.SuiteRunner.runSequentially(SuiteRunner.java:437)
	at org.testng.SuiteRunner.privateRun(SuiteRunner.java:397)
	at org.testng.SuiteRunner.run(SuiteRunner.java:336)
	at org.testng.SuiteRunnerWorker.runSuite(SuiteRunnerWorker.java:52)
	at org.testng.SuiteRunnerWorker.run(SuiteRunnerWorker.java:95)
	at org.testng.TestNG.runSuitesSequentially(TestNG.java:1301)
	at org.testng.TestNG.runSuitesLocally(TestNG.java:1228)
	at org.testng.TestNG.runSuites(TestNG.java:1134)
	at org.testng.TestNG.run(TestNG.java:1101)
	at org.testng.remote.AbstractRemoteTestNG.run(AbstractRemoteTestNG.java:115)
	at org.testng.remote.RemoteTestNG.initAndRun(RemoteTestNG.java:251)
	at org.testng.remote.RemoteTestNG.main(RemoteTestNG.java:77)
</textarea>
          
        </td>
      </tr>
      <tr class="event-row">
        <td><span class="badge log fail-bg">Fail</span></td>
        <td>6:45:55 p.m.</td>
        <td>
          
    <div class="row mb-3"><div class="col-md-3">
<img data-featherlight='C:\Users\mdeho\Documents\workspace-spring-tool-suite-4-4.20.0.RELEASE\RokomariWebAutomateWithSelenium-main\RokomariWebAutomateWithSelenium-main\screenshots\ClickOnTermCheckBoxFail.png' src="C:\Users\mdeho\Documents\workspace-spring-tool-suite-4-4.20.0.RELEASE\RokomariWebAutomateWithSelenium-main\RokomariWebAutomateWithSelenium-main\screenshots\ClickOnTermCheckBoxFail.png">
    
    </div></div>
        </td>
      </tr>
  </tbody>
</table>
          </div>
        </div>
      </div>
  </div>
</div>
          </div>
        </li>
      </ul>
    </div>
  </div>
<div class="test-content scrollable">
<div class="test-content-tools">
<ul><li><a class="back-to-test" href="#"><i class="fa fa-arrow-left"></i></a></li></ul>
</div>
<div class="test-content-detail"><div class="detail-body"></div></div>
</div></div>
<div class="test-wrapper row view exception-view attributes-view">
<div class="test-list">
<div class="test-list-tools">
<ul class="tools pull-left"><li><a href=""><span class="font-size-14">Exception</span></a></li></ul>
<ul class="tools text-right"><li><a href="#"><span class="badge badge-primary">1</span></a></li></ul>
</div>
<div class="test-list-wrapper scrollable">
<ul class="test-list-item">
<li class="test-item">
<div class="test-detail">
<span class="meta">
<span class='badge log badge-danger'>32</span>
</span>
<p class="name">java.lang.InterruptedException</p>
<p class="duration text-sm">32 tests</p>
</div>
<div class="test-contents d-none">
<div class="info">
<h4>java.lang.InterruptedException</h4>
<span status="fail" class='badge log badge-danger'>32 failed</span>
</div>
<table class='table table-sm mt-4'>
<thead>
<tr>
<th class="status-col">Status</th>
<th class="timestamp-col">Timestamp</th>
<th>TestName</th>
</tr>
</thead>
<tbody>
<tr class="tag-test-status" status="fail">
<td><span class="badge log fail-bg">Fail</span></td>
<td>18:45:38 p.m.</td>
<td>
<a href="#" class="linked" test-id='1' id='3'><p style="color:DarkBlue; font-size:20px"><b>Click On Google Button</b></p></a>
<div class="">
<span class="badge badge-default"><p style="color:DarkBlue; font-size:20px"><b>Create An Account</b></p>.<p style="color:DarkBlue; font-size:20px"><b>Click On Google Button</b></p></span>
</div>
</td>
</tr>
<tr class="tag-test-status" status="fail">
<td><span class="badge log fail-bg">Fail</span></td>
<td>18:45:39 p.m.</td>
<td>
<a href="#" class="linked" test-id='4' id='5'><p style="color:DarkBlue; font-size:20px"><b>Hover On First Book</b></p></a>
<div class="">
<span class="badge badge-default"><p style="color:DarkBlue; font-size:20px"><b>Add To Cart</b></p>.<p style="color:DarkBlue; font-size:20px"><b>Hover On First Book</b></p></span>
</div>
</td>
</tr>
<tr class="tag-test-status" status="fail">
<td><span class="badge log fail-bg">Fail</span></td>
<td>18:45:39 p.m.</td>
<td>
<a href="#" class="linked" test-id='4' id='6'><p style="color:DarkBlue; font-size:20px"><b>First Book To Cart</b></p></a>
<div class="">
<span class="badge badge-default"><p style="color:DarkBlue; font-size:20px"><b>Add To Cart</b></p>.<p style="color:DarkBlue; font-size:20px"><b>First Book To Cart</b></p></span>
</div>
</td>
</tr>
<tr class="tag-test-status" status="fail">
<td><span class="badge log fail-bg">Fail</span></td>
<td>18:45:40 p.m.</td>
<td>
<a href="#" class="linked" test-id='4' id='7'><p style="color:DarkBlue; font-size:20px"><b>Hover On Second Book </b></p></a>
<div class="">
<span class="badge badge-default"><p style="color:DarkBlue; font-size:20px"><b>Add To Cart</b></p>.<p style="color:DarkBlue; font-size:20px"><b>Hover On Second Book </b></p></span>
</div>
</td>
</tr>
<tr class="tag-test-status" status="fail">
<td><span class="badge log fail-bg">Fail</span></td>
<td>18:45:40 p.m.</td>
<td>
<a href="#" class="linked" test-id='4' id='8'><p style="color:DarkBlue; font-size:20px"><b>Second Book To Cart</b></p></a>
<div class="">
<span class="badge badge-default"><p style="color:DarkBlue; font-size:20px"><b>Add To Cart</b></p>.<p style="color:DarkBlue; font-size:20px"><b>Second Book To Cart</b></p></span>
</div>
</td>
</tr>
<tr class="tag-test-status" status="fail">
<td><span class="badge log fail-bg">Fail</span></td>
<td>18:45:40 p.m.</td>
<td>
<a href="#" class="linked" test-id='4' id='9'><p style="color:DarkBlue; font-size:20px"><b>Hover On Third Book </b></p></a>
<div class="">
<span class="badge badge-default"><p style="color:DarkBlue; font-size:20px"><b>Add To Cart</b></p>.<p style="color:DarkBlue; font-size:20px"><b>Hover On Third Book </b></p></span>
</div>
</td>
</tr>
<tr class="tag-test-status" status="fail">
<td><span class="badge log fail-bg">Fail</span></td>
<td>18:45:41 p.m.</td>
<td>
<a href="#" class="linked" test-id='4' id='10'><p style="color:DarkBlue; font-size:20px"><b>Third Book To Cart</b></p></a>
<div class="">
<span class="badge badge-default"><p style="color:DarkBlue; font-size:20px"><b>Add To Cart</b></p>.<p style="color:DarkBlue; font-size:20px"><b>Third Book To Cart</b></p></span>
</div>
</td>
</tr>
<tr class="tag-test-status" status="fail">
<td><span class="badge log fail-bg">Fail</span></td>
<td>18:45:44 p.m.</td>
<td>
<a href="#" class="linked" test-id='4' id='12'><p style="color:DarkBlue; font-size:20px"><b>Remove First Element</b></p></a>
<div class="">
<span class="badge badge-default"><p style="color:DarkBlue; font-size:20px"><b>Add To Cart</b></p>.<p style="color:DarkBlue; font-size:20px"><b>Remove First Element</b></p></span>
</div>
</td>
</tr>
<tr class="tag-test-status" status="fail">
<td><span class="badge log fail-bg">Fail</span></td>
<td>18:45:45 p.m.</td>
<td>
<a href="#" class="linked" test-id='4' id='14'><p style="color:DarkBlue; font-size:20px"><b>Undo the remove book</b></p></a>
<div class="">
<span class="badge badge-default"><p style="color:DarkBlue; font-size:20px"><b>Add To Cart</b></p>.<p style="color:DarkBlue; font-size:20px"><b>Undo the remove book</b></p></span>
</div>
</td>
</tr>
<tr class="tag-test-status" status="fail">
<td><span class="badge log fail-bg">Fail</span></td>
<td>18:45:45 p.m.</td>
<td>
<a href="#" class="linked" test-id='4' id='15'><p style="color:DarkBlue; font-size:20px"><b>Click On Place Order Button</b></p></a>
<div class="">
<span class="badge badge-default"><p style="color:DarkBlue; font-size:20px"><b>Add To Cart</b></p>.<p style="color:DarkBlue; font-size:20px"><b>Click On Place Order Button</b></p></span>
</div>
</td>
</tr>
<tr class="tag-test-status" status="fail">
<td><span class="badge log fail-bg">Fail</span></td>
<td>18:45:46 p.m.</td>
<td>
<a href="#" class="linked" test-id='16' id='17'><p style="color:DarkBlue; font-size:20px"><b>Click On writer Path</b></p></a>
<div class="">
<span class="badge badge-default"><p style="color:DarkBlue; font-size:20px"><b>Select Writer</b></p>.<p style="color:DarkBlue; font-size:20px"><b>Click On writer Path</b></p></span>
</div>
</td>
</tr>
<tr class="tag-test-status" status="fail">
<td><span class="badge log fail-bg">Fail</span></td>
<td>18:45:46 p.m.</td>
<td>
<a href="#" class="linked" test-id='16' id='18'><p style="color:DarkBlue; font-size:20px"><b>Select the Writer</b></p></a>
<div class="">
<span class="badge badge-default"><p style="color:DarkBlue; font-size:20px"><b>Select Writer</b></p>.<p style="color:DarkBlue; font-size:20px"><b>Select the Writer</b></p></span>
</div>
</td>
</tr>
<tr class="tag-test-status" status="fail">
<td><span class="badge log fail-bg">Fail</span></td>
<td>18:45:46 p.m.</td>
<td>
<a href="#" class="linked" test-id='16' id='19'><p style="color:DarkBlue; font-size:20px"><b>Click On Best Seller Option</b></p></a>
<div class="">
<span class="badge badge-default"><p style="color:DarkBlue; font-size:20px"><b>Select Writer</b></p>.<p style="color:DarkBlue; font-size:20px"><b>Click On Best Seller Option</b></p></span>
</div>
</td>
</tr>
<tr class="tag-test-status" status="fail">
<td><span class="badge log fail-bg">Fail</span></td>
<td>18:45:47 p.m.</td>
<td>
<a href="#" class="linked" test-id='16' id='20'><p style="color:DarkBlue; font-size:20px"><b>Scroll Down To The Category Section</b></p></a>
<div class="">
<span class="badge badge-default"><p style="color:DarkBlue; font-size:20px"><b>Select Writer</b></p>.<p style="color:DarkBlue; font-size:20px"><b>Scroll Down To The Category Section</b></p></span>
</div>
</td>
</tr>
<tr class="tag-test-status" status="fail">
<td><span class="badge log fail-bg">Fail</span></td>
<td>18:45:47 p.m.</td>
<td>
<a href="#" class="linked" test-id='16' id='21'><p style="color:DarkBlue; font-size:20px"><b>Click the first category</b></p></a>
<div class="">
<span class="badge badge-default"><p style="color:DarkBlue; font-size:20px"><b>Select Writer</b></p>.<p style="color:DarkBlue; font-size:20px"><b>Click the first category</b></p></span>
</div>
</td>
</tr>
<tr class="tag-test-status" status="fail">
<td><span class="badge log fail-bg">Fail</span></td>
<td>18:45:47 p.m.</td>
<td>
<a href="#" class="linked" test-id='16' id='22'><p style="color:DarkBlue; font-size:20px"><b>Scroll Down To The Category Section</b></p></a>
<div class="">
<span class="badge badge-default"><p style="color:DarkBlue; font-size:20px"><b>Select Writer</b></p>.<p style="color:DarkBlue; font-size:20px"><b>Scroll Down To The Category Section</b></p></span>
</div>
</td>
</tr>
<tr class="tag-test-status" status="fail">
<td><span class="badge log fail-bg">Fail</span></td>
<td>18:45:47 p.m.</td>
<td>
<a href="#" class="linked" test-id='16' id='23'><p style="color:DarkBlue; font-size:20px"><b>Click the Second category</b></p></a>
<div class="">
<span class="badge badge-default"><p style="color:DarkBlue; font-size:20px"><b>Select Writer</b></p>.<p style="color:DarkBlue; font-size:20px"><b>Click the Second category</b></p></span>
</div>
</td>
</tr>
<tr class="tag-test-status" status="fail">
<td><span class="badge log fail-bg">Fail</span></td>
<td>18:45:48 p.m.</td>
<td>
<a href="#" class="linked" test-id='16' id='24'><p style="color:DarkBlue; font-size:20px"><b>Select book list section</b></p></a>
<div class="">
<span class="badge badge-default"><p style="color:DarkBlue; font-size:20px"><b>Select Writer</b></p>.<p style="color:DarkBlue; font-size:20px"><b>Select book list section</b></p></span>
</div>
</td>
</tr>
<tr class="tag-test-status" status="fail">
<td><span class="badge log fail-bg">Fail</span></td>
<td>18:45:48 p.m.</td>
<td>
<a href="#" class="linked" test-id='25' id='26'><p style="color:DarkBlue; font-size:20px"><b>Provide Email Address</b></p></a>
<div class="">
<span class="badge badge-default"><p style="color:DarkBlue; font-size:20px"><b>Google LogIn</b></p>.<p style="color:DarkBlue; font-size:20px"><b>Provide Email Address</b></p></span>
</div>
</td>
</tr>
<tr class="tag-test-status" status="fail">
<td><span class="badge log fail-bg">Fail</span></td>
<td>18:45:48 p.m.</td>
<td>
<a href="#" class="linked" test-id='25' id='27'><p style="color:DarkBlue; font-size:20px"><b>Click On Next Button</b></p></a>
<div class="">
<span class="badge badge-default"><p style="color:DarkBlue; font-size:20px"><b>Google LogIn</b></p>.<p style="color:DarkBlue; font-size:20px"><b>Click On Next Button</b></p></span>
</div>
</td>
</tr>
<tr class="tag-test-status" status="fail">
<td><span class="badge log fail-bg">Fail</span></td>
<td>18:45:49 p.m.</td>
<td>
<a href="#" class="linked" test-id='25' id='28'><p style="color:DarkBlue; font-size:20px"><b>Provide Password</b></p></a>
<div class="">
<span class="badge badge-default"><p style="color:DarkBlue; font-size:20px"><b>Google LogIn</b></p>.<p style="color:DarkBlue; font-size:20px"><b>Provide Password</b></p></span>
</div>
</td>
</tr>
<tr class="tag-test-status" status="fail">
<td><span class="badge log fail-bg">Fail</span></td>
<td>18:45:49 p.m.</td>
<td>
<a href="#" class="linked" test-id='25' id='29'><p style="color:DarkBlue; font-size:20px"><b>Click On Next Button</b></p></a>
<div class="">
<span class="badge badge-default"><p style="color:DarkBlue; font-size:20px"><b>Google LogIn</b></p>.<p style="color:DarkBlue; font-size:20px"><b>Click On Next Button</b></p></span>
</div>
</td>
</tr>
<tr class="tag-test-status" status="fail">
<td><span class="badge log fail-bg">Fail</span></td>
<td>18:45:50 p.m.</td>
<td>
<a href="#" class="linked" test-id='30' id='31'><p style="color:DarkBlue; font-size:20px"><b>Provide Name</b></p></a>
<div class="">
<span class="badge badge-default"><p style="color:DarkBlue; font-size:20px"><b>Shipping Information</b></p>.<p style="color:DarkBlue; font-size:20px"><b>Provide Name</b></p></span>
</div>
</td>
</tr>
<tr class="tag-test-status" status="fail">
<td><span class="badge log fail-bg">Fail</span></td>
<td>18:45:50 p.m.</td>
<td>
<a href="#" class="linked" test-id='30' id='32'><p style="color:DarkBlue; font-size:20px"><b>Provide Phone Number</b></p></a>
<div class="">
<span class="badge badge-default"><p style="color:DarkBlue; font-size:20px"><b>Shipping Information</b></p>.<p style="color:DarkBlue; font-size:20px"><b>Provide Phone Number</b></p></span>
</div>
</td>
</tr>
<tr class="tag-test-status" status="fail">
<td><span class="badge log fail-bg">Fail</span></td>
<td>18:45:50 p.m.</td>
<td>
<a href="#" class="linked" test-id='30' id='33'><p style="color:DarkBlue; font-size:20px"><b>Provide Alternative Phone Number</b></p></a>
<div class="">
<span class="badge badge-default"><p style="color:DarkBlue; font-size:20px"><b>Shipping Information</b></p>.<p style="color:DarkBlue; font-size:20px"><b>Provide Alternative Phone Number</b></p></span>
</div>
</td>
</tr>
<tr class="tag-test-status" status="fail">
<td><span class="badge log fail-bg">Fail</span></td>
<td>18:45:51 p.m.</td>
<td>
<a href="#" class="linked" test-id='30' id='34'><p style="color:DarkBlue; font-size:20px"><b>Provide Country</b></p></a>
<div class="">
<span class="badge badge-default"><p style="color:DarkBlue; font-size:20px"><b>Shipping Information</b></p>.<p style="color:DarkBlue; font-size:20px"><b>Provide Country</b></p></span>
</div>
</td>
</tr>
<tr class="tag-test-status" status="fail">
<td><span class="badge log fail-bg">Fail</span></td>
<td>18:45:51 p.m.</td>
<td>
<a href="#" class="linked" test-id='30' id='35'><p style="color:DarkBlue; font-size:20px"><b>Provide City</b></p></a>
<div class="">
<span class="badge badge-default"><p style="color:DarkBlue; font-size:20px"><b>Shipping Information</b></p>.<p style="color:DarkBlue; font-size:20px"><b>Provide City</b></p></span>
</div>
</td>
</tr>
<tr class="tag-test-status" status="fail">
<td><span class="badge log fail-bg">Fail</span></td>
<td>18:45:51 p.m.</td>
<td>
<a href="#" class="linked" test-id='30' id='36'><p style="color:DarkBlue; font-size:20px"><b>Provide Area</b></p></a>
<div class="">
<span class="badge badge-default"><p style="color:DarkBlue; font-size:20px"><b>Shipping Information</b></p>.<p style="color:DarkBlue; font-size:20px"><b>Provide Area</b></p></span>
</div>
</td>
</tr>
<tr class="tag-test-status" status="fail">
<td><span class="badge log fail-bg">Fail</span></td>
<td>18:45:51 p.m.</td>
<td>
<a href="#" class="linked" test-id='30' id='37'><p style="color:DarkBlue; font-size:20px"><b>Provide Zone</b></p></a>
<div class="">
<span class="badge badge-default"><p style="color:DarkBlue; font-size:20px"><b>Shipping Information</b></p>.<p style="color:DarkBlue; font-size:20px"><b>Provide Zone</b></p></span>
</div>
</td>
</tr>
<tr class="tag-test-status" status="fail">
<td><span class="badge log fail-bg">Fail</span></td>
<td>18:45:53 p.m.</td>
<td>
<a href="#" class="linked" test-id='30' id='38'><p style="color:DarkBlue; font-size:20px"><b>Provide Address</b></p></a>
<div class="">
<span class="badge badge-default"><p style="color:DarkBlue; font-size:20px"><b>Shipping Information</b></p>.<p style="color:DarkBlue; font-size:20px"><b>Provide Address</b></p></span>
</div>
</td>
</tr>
<tr class="tag-test-status" status="fail">
<td><span class="badge log fail-bg">Fail</span></td>
<td>18:45:54 p.m.</td>
<td>
<a href="#" class="linked" test-id='30' id='39'><p style="color:DarkBlue; font-size:20px"><b>Click On Bkash CheckBox </b></p></a>
<div class="">
<span class="badge badge-default"><p style="color:DarkBlue; font-size:20px"><b>Shipping Information</b></p>.<p style="color:DarkBlue; font-size:20px"><b>Click On Bkash CheckBox </b></p></span>
</div>
</td>
</tr>
<tr class="tag-test-status" status="fail">
<td><span class="badge log fail-bg">Fail</span></td>
<td>18:45:54 p.m.</td>
<td>
<a href="#" class="linked" test-id='30' id='40'><p style="color:DarkBlue; font-size:20px"><b>Click On Term CheckBox</b></p></a>
<div class="">
<span class="badge badge-default"><p style="color:DarkBlue; font-size:20px"><b>Shipping Information</b></p>.<p style="color:DarkBlue; font-size:20px"><b>Click On Term CheckBox</b></p></span>
</div>
</td>
</tr>
</tbody>
</table>
</div>
</li>
</ul>
</div>
</div>
<div class="test-content scrollable">
<div class="test-content-detail">
<div class="detail-body"></div>
</div>
</div>
</div><div class="test-wrapper row view device-view attributes-view">
<div class="test-list">
<div class="test-list-tools">
<ul class="tools pull-left"><li><a href=""><span class="font-size-14">Device</span></a></li></ul>
<ul class="tools text-right"><li><a href="#"><span class="badge badge-primary">1</span></a></li></ul>
</div>
<div class="test-list-wrapper scrollable">
<ul class="test-list-item">
<li class="test-item">
<div class="test-detail">
<span class="meta">
<span class='badge log badge-danger'>5</span>
</span>
<p class="name">Windows</p>
<p class="duration text-sm">5 tests</p>
</div>
<div class="test-contents d-none">
<div class="info">
<h4>Windows</h4>
<span status="fail" class='badge log badge-danger'>5 failed</span>
</div>
<table class='table table-sm mt-4'>
<thead>
<tr>
<th class="status-col">Status</th>
<th class="timestamp-col">Timestamp</th>
<th>TestName</th>
</tr>
</thead>
<tbody>
<tr class="tag-test-status" status="fail">
<td><span class="badge log fail-bg">Fail</span></td>
<td>18:45:28 p.m.</td>
<td>
<a href="#" class="linked" test-id='1' id='1'><p style="color:DarkBlue; font-size:20px"><b>Create An Account</b></p></a>
</td>
</tr>
<tr class="tag-test-status" status="fail">
<td><span class="badge log fail-bg">Fail</span></td>
<td>18:45:39 p.m.</td>
<td>
<a href="#" class="linked" test-id='4' id='4'><p style="color:DarkBlue; font-size:20px"><b>Add To Cart</b></p></a>
</td>
</tr>
<tr class="tag-test-status" status="fail">
<td><span class="badge log fail-bg">Fail</span></td>
<td>18:45:46 p.m.</td>
<td>
<a href="#" class="linked" test-id='16' id='16'><p style="color:DarkBlue; font-size:20px"><b>Select Writer</b></p></a>
</td>
</tr>
<tr class="tag-test-status" status="fail">
<td><span class="badge log fail-bg">Fail</span></td>
<td>18:45:48 p.m.</td>
<td>
<a href="#" class="linked" test-id='25' id='25'><p style="color:DarkBlue; font-size:20px"><b>Google LogIn</b></p></a>
</td>
</tr>
<tr class="tag-test-status" status="fail">
<td><span class="badge log fail-bg">Fail</span></td>
<td>18:45:50 p.m.</td>
<td>
<a href="#" class="linked" test-id='30' id='30'><p style="color:DarkBlue; font-size:20px"><b>Shipping Information</b></p></a>
</td>
</tr>
</tbody>
</table>
</div>
</li>
</ul>
</div>
</div>
<div class="test-content scrollable">
<div class="test-content-detail">
<div class="detail-body"></div>
</div>
</div>
</div><div class="test-wrapper row view author-view attributes-view">
<div class="test-list">
<div class="test-list-tools">
<ul class="tools pull-left"><li><a href=""><span class="font-size-14">Author</span></a></li></ul>
<ul class="tools text-right"><li><a href="#"><span class="badge badge-primary">1</span></a></li></ul>
</div>
<div class="test-list-wrapper scrollable">
<ul class="test-list-item">
<li class="test-item">
<div class="test-detail">
<span class="meta">
<span class='badge log badge-danger'>5</span>
</span>
<p class="name">QATEAM</p>
<p class="duration text-sm">5 tests</p>
</div>
<div class="test-contents d-none">
<div class="info">
<h4>QATEAM</h4>
<span status="fail" class='badge log badge-danger'>5 failed</span>
</div>
<table class='table table-sm mt-4'>
<thead>
<tr>
<th class="status-col">Status</th>
<th class="timestamp-col">Timestamp</th>
<th>TestName</th>
</tr>
</thead>
<tbody>
<tr class="tag-test-status" status="fail">
<td><span class="badge log fail-bg">Fail</span></td>
<td>18:45:28 p.m.</td>
<td>
<a href="#" class="linked" test-id='1' id='1'><p style="color:DarkBlue; font-size:20px"><b>Create An Account</b></p></a>
</td>
</tr>
<tr class="tag-test-status" status="fail">
<td><span class="badge log fail-bg">Fail</span></td>
<td>18:45:39 p.m.</td>
<td>
<a href="#" class="linked" test-id='4' id='4'><p style="color:DarkBlue; font-size:20px"><b>Add To Cart</b></p></a>
</td>
</tr>
<tr class="tag-test-status" status="fail">
<td><span class="badge log fail-bg">Fail</span></td>
<td>18:45:46 p.m.</td>
<td>
<a href="#" class="linked" test-id='16' id='16'><p style="color:DarkBlue; font-size:20px"><b>Select Writer</b></p></a>
</td>
</tr>
<tr class="tag-test-status" status="fail">
<td><span class="badge log fail-bg">Fail</span></td>
<td>18:45:48 p.m.</td>
<td>
<a href="#" class="linked" test-id='25' id='25'><p style="color:DarkBlue; font-size:20px"><b>Google LogIn</b></p></a>
</td>
</tr>
<tr class="tag-test-status" status="fail">
<td><span class="badge log fail-bg">Fail</span></td>
<td>18:45:50 p.m.</td>
<td>
<a href="#" class="linked" test-id='30' id='30'><p style="color:DarkBlue; font-size:20px"><b>Shipping Information</b></p></a>
</td>
</tr>
</tbody>
</table>
</div>
</li>
</ul>
</div>
</div>
<div class="test-content scrollable">
<div class="test-content-detail">
<div class="detail-body"></div>
</div>
</div>
</div><div class="container-fluid p-4 view dashboard-view">
<div class="row">
<div class="col-md-3">
<div class="card"><div class="card-body">
<p class="m-b-0">Started</p>
<h3>Feb. 3, 2024 06:45:28 p.m.</h3>
</div></div>
</div>
<div class="col-md-3">
<div class="card"><div class="card-body">
<p class="m-b-0">Ended</p>
<h3>Feb. 3, 2024 06:45:55 p.m.</h3>
</div></div>
</div>
<div class="col-md-3">
<div class="card"><div class="card-body">
<p class="m-b-0 text-pass">Tests Passed</p>
<h3>0</h3>
</div></div>
</div>
<div class="col-md-3">
<div class="card"><div class="card-body">
<p class="m-b-0 text-fail">Tests Failed</p>
<h3>5</h3>
</div></div>
</div>
</div>
<div class="row">
<div class="col-md-4">
<div class="card">
<div class="card-header">
<h6 class="card-title">Tests</h6>
</div>
<div class="card-body">
<div class="">
<canvas id='parent-analysis' width='115' height='90'></canvas>
</div>
</div>
<div class="card-footer">
<div><small data-tooltip='0%'>
<b>0</b> tests passed
</small>
</div>
<div>
<small data-tooltip='100%'><b>5</b> tests failed,
<b>0</b> skipped, <b data-tooltip='0%'>0</b> others
</small>
</div>
</div>
</div>
</div>
<div class="col-md-4">
<div class="card">
<div class="card-header">
<h6 class="card-title">Steps</h6>
</div>
<div class="card-body">
<div class="">
<canvas id='child-analysis' width='115' height='90'></canvas>
</div>
</div>
<div class="card-footer">
<div><small data-tooltip='8%'><b>3</b> steps passed</small></div>
<div>
<small data-tooltip='91%'><b>32</b> steps failed,
<b>0</b> skipped, <b data-tooltip='%'>0</b> others
</small>
</div>
</div>
</div>
</div>
<div class="col-md-4">
<div class="card">
<div class="card-header">
<h6 class="card-title">Log events</h6>
</div>
<div class="card-body">
<div class="">
<canvas id='events-analysis' width='115' height='90'></canvas>
</div>
</div>
<div class="card-footer">
<div><small data-tooltip='2%'><b>4</b> events passed</small></div>
<div>
<small data-tooltip='71%'><b>96</b> events failed,
<b data-tooltip='%'>35</b> others
</small>
</div>
</div>
</div>
</div>
</div>
<div class="row"><div class="col-md-12">
<div class="card"><div class="card-header"><p>Timeline</p></div>
<div class="card-body pt-0"><div>
<canvas id="timeline" height="120"></canvas>
</div></div>
</div>
</div></div>
<script>
var timeline = {
"<p style="color:DarkBlue; font-size:20px"><b>Create An Account</b></p>":9.629,"<p style="color:DarkBlue; font-size:20px"><b>Add To Cart</b></p>":6.677,"<p style="color:DarkBlue; font-size:20px"><b>Select Writer</b></p>":2.034,"<p style="color:DarkBlue; font-size:20px"><b>Google LogIn</b></p>":1.179,"<p style="color:DarkBlue; font-size:20px"><b>Shipping Information</b></p>":4.981
};
</script>
<div class="row">
<div class="col-lg-6 col-md-12 author-container">
<div class="card">
<div class="card-header"><p>Author</p></div>
<div class="card-body pb-0 pt-0"><table class="table table-sm table-bordered">
<thead><tr class="bg-gray"><th>Name</th><th>Passed</th><th>Failed</th><th>Skipped</th><th>Others</th><th>Passed %</th></tr></thead>
<tbody>
<tr>
<td>QATEAM</td>
<td>0</td>
<td>5</td>
<td>0</td>
<td>0</td>
<td>0%</td>
</tr>
</tbody>
</table></div>
</div>
</div>
<div class="col-lg-6 col-md-12 device-container">
<div class="card">
<div class="card-header"><p>Device</p></div>
<div class="card-body pb-0 pt-0"><table class="table table-sm table-bordered">
<thead><tr class="bg-gray"><th>Name</th><th>Passed</th><th>Failed</th><th>Skipped</th><th>Others</th><th>Passed %</th></tr></thead>
<tbody>
<tr>
<td>Windows</td>
<td>0</td>
<td>5</td>
<td>0</td>
<td>0</td>
<td>0%</td>
</tr>
</tbody>
</table></div>
</div>
</div>
</div>
</div>
<script>
var statusGroup = {
parentCount: 5,
passParent: 0,
failParent: 5,
warningParent: 0,
skipParent: 0,
childCount: 5,
passChild: 3,
failChild: 32,
warningChild: 0,
skipChild: 0,
infoChild: 0,
grandChildCount: 5,
passGrandChild: 0,
failGrandChild: 0,
warningGrandChild: 0,
skipGrandChild: 0,
infoGrandChild: 0,
eventsCount: 5,
passEvents: 4,
failEvents: 96,
warningEvents: 0,
skipEvents: 0,
infoEvents: 35
};
</script>        </div>
      </div>
    </div>
  </div>
<script src="https://cdn.jsdelivr.net/gh/extent-framework/extent-github-cdn@d6562a79075e061305ccfdb82f01e5e195e2d307/spark/js/spark-script.js"></script>
<script type="text/javascript"></script></body>
</html>